{"/Users/ehhanche/programming/work/spark/amplify-ui/packages/aws-amplify-react/src/AmplifyMessageMap.tsx": {"path":"/Users/ehhanche/programming/work/spark/amplify-ui/packages/aws-amplify-react/src/AmplifyMessageMap.tsx","statementMap":{"0":{"start":{"line":14,"column":0},"end":{"line":14,"column":41}},"1":{"start":{"line":16,"column":13},"end":{"line":26,"column":2}},"2":{"start":{"line":30,"column":15},"end":{"line":30,"column":65}},"3":{"start":{"line":30,"column":42},"end":{"line":30,"column":65}},"4":{"start":{"line":31,"column":1},"end":{"line":33,"column":null}},"5":{"start":{"line":32,"column":2},"end":{"line":32,"column":17}},"6":{"start":{"line":35,"column":15},"end":{"line":35,"column":23}},"7":{"start":{"line":36,"column":13},"end":{"line":36,"column":51}},"8":{"start":{"line":38,"column":1},"end":{"line":38,"column":32}},"9":{"start":{"line":28,"column":0},"end":{"line":28,"column":16}}},"fnMap":{"0":{"name":"AmplifyMessageMap","decl":{"start":{"line":28,"column":16},"end":{"line":28,"column":33}},"loc":{"start":{"line":28,"column":41},"end":{"line":39,"column":1}}},"1":{"name":"(anonymous_1)","decl":{"start":{"line":30,"column":33},"end":{"line":30,"column":38}},"loc":{"start":{"line":30,"column":38},"end":{"line":30,"column":47}}}},"branchMap":{"0":{"loc":{"start":{"line":31,"column":1},"end":{"line":33,"column":null}},"type":"if","locations":[{"start":{"line":31,"column":1},"end":{"line":33,"column":null}},{"start":{"line":31,"column":1},"end":{"line":33,"column":null}}]},"1":{"loc":{"start":{"line":36,"column":32},"end":{"line":36,"column":40}},"type":"cond-expr","locations":[{"start":{"line":36,"column":32},"end":{"line":36,"column":40}},{"start":{"line":36,"column":43},"end":{"line":36,"column":51}}]}},"s":{"0":3,"1":3,"2":4,"3":20,"4":4,"5":2,"6":2,"7":2,"8":2,"9":3},"f":{"0":4,"1":20},"b":{"0":[2,2],"1":[1,1]}}
,"/Users/ehhanche/programming/work/spark/amplify-ui/packages/aws-amplify-react/src/AmplifyTheme.tsx": {"path":"/Users/ehhanche/programming/work/spark/amplify-ui/packages/aws-amplify-react/src/AmplifyTheme.tsx","statementMap":{"0":{"start":{"line":13,"column":13},"end":{"line":30,"column":2}},"1":{"start":{"line":32,"column":13},"end":{"line":36,"column":2}},"2":{"start":{"line":38,"column":13},"end":{"line":40,"column":2}},"3":{"start":{"line":42,"column":13},"end":{"line":44,"column":2}},"4":{"start":{"line":46,"column":13},"end":{"line":50,"column":2}},"5":{"start":{"line":52,"column":13},"end":{"line":72,"column":2}},"6":{"start":{"line":74,"column":13},"end":{"line":76,"column":2}},"7":{"start":{"line":78,"column":13},"end":{"line":86,"column":2}},"8":{"start":{"line":88,"column":13},"end":{"line":95,"column":2}},"9":{"start":{"line":97,"column":13},"end":{"line":106,"column":2}},"10":{"start":{"line":108,"column":13},"end":{"line":115,"column":2}},"11":{"start":{"line":117,"column":13},"end":{"line":119,"column":2}},"12":{"start":{"line":121,"column":13},"end":{"line":123,"column":2}},"13":{"start":{"line":125,"column":13},"end":{"line":127,"column":2}},"14":{"start":{"line":129,"column":13},"end":{"line":144,"column":2}},"15":{"start":{"line":146,"column":13},"end":{"line":165,"column":2}},"16":{"start":{"line":167,"column":13},"end":{"line":188,"column":2}},"17":{"start":{"line":190,"column":13},"end":{"line":193,"column":2}},"18":{"start":{"line":195,"column":13},"end":{"line":198,"column":2}},"19":{"start":{"line":200,"column":13},"end":{"line":218,"column":2}},"20":{"start":{"line":220,"column":13},"end":{"line":223,"column":2}},"21":{"start":{"line":225,"column":13},"end":{"line":228,"column":2}},"22":{"start":{"line":230,"column":13},"end":{"line":233,"column":2}},"23":{"start":{"line":235,"column":13},"end":{"line":238,"column":2}},"24":{"start":{"line":240,"column":13},"end":{"line":243,"column":2}},"25":{"start":{"line":245,"column":13},"end":{"line":248,"column":2}},"26":{"start":{"line":250,"column":13},"end":{"line":253,"column":2}},"27":{"start":{"line":255,"column":13},"end":{"line":258,"column":2}},"28":{"start":{"line":260,"column":13},"end":{"line":263,"column":2}},"29":{"start":{"line":265,"column":13},"end":{"line":268,"column":2}},"30":{"start":{"line":270,"column":13},"end":{"line":273,"column":2}},"31":{"start":{"line":275,"column":13},"end":{"line":278,"column":2}},"32":{"start":{"line":280,"column":13},"end":{"line":282,"column":2}},"33":{"start":{"line":284,"column":13},"end":{"line":326,"column":2}},"34":{"start":{"line":331,"column":0},"end":{"line":331,"column":25}}},"fnMap":{},"branchMap":{},"s":{"0":18,"1":18,"2":18,"3":18,"4":18,"5":18,"6":18,"7":18,"8":18,"9":18,"10":18,"11":18,"12":18,"13":18,"14":18,"15":18,"16":18,"17":18,"18":18,"19":18,"20":18,"21":18,"22":18,"23":18,"24":18,"25":18,"26":18,"27":18,"28":18,"29":18,"30":18,"31":18,"32":18,"33":18,"34":18},"f":{},"b":{}}
,"/Users/ehhanche/programming/work/spark/amplify-ui/packages/aws-amplify-react/src/AmplifyUI.tsx": {"path":"/Users/ehhanche/programming/work/spark/amplify-ui/packages/aws-amplify-react/src/AmplifyUI.tsx","statementMap":{"0":{"start":{"line":14,"column":0},"end":{"line":14,"column":31}},"1":{"start":{"line":16,"column":0},"end":{"line":16,"column":57}},"2":{"start":{"line":18,"column":0},"end":{"line":18,"column":42}},"3":{"start":{"line":20,"column":25},"end":{"line":29,"column":1}},"4":{"start":{"line":21,"column":15},"end":{"line":21,"column":42}},"5":{"start":{"line":22,"column":15},"end":{"line":22,"column":48}},"6":{"start":{"line":23,"column":11},"end":{"line":23,"column":47}},"7":{"start":{"line":24,"column":1},"end":{"line":28,"column":3}},"8":{"start":{"line":20,"column":13},"end":{"line":20,"column":25}},"9":{"start":{"line":31,"column":29},"end":{"line":39,"column":1}},"10":{"start":{"line":32,"column":15},"end":{"line":32,"column":42}},"11":{"start":{"line":33,"column":15},"end":{"line":33,"column":52}},"12":{"start":{"line":34,"column":1},"end":{"line":38,"column":3}},"13":{"start":{"line":31,"column":13},"end":{"line":31,"column":29}},"14":{"start":{"line":41,"column":27},"end":{"line":53,"column":1}},"15":{"start":{"line":42,"column":15},"end":{"line":42,"column":42}},"16":{"start":{"line":43,"column":15},"end":{"line":43,"column":50}},"17":{"start":{"line":44,"column":1},"end":{"line":52,"column":3}},"18":{"start":{"line":41,"column":13},"end":{"line":41,"column":27}},"19":{"start":{"line":55,"column":28},"end":{"line":64,"column":1}},"20":{"start":{"line":56,"column":15},"end":{"line":56,"column":42}},"21":{"start":{"line":57,"column":15},"end":{"line":57,"column":51}},"22":{"start":{"line":58,"column":11},"end":{"line":58,"column":47}},"23":{"start":{"line":59,"column":1},"end":{"line":63,"column":3}},"24":{"start":{"line":55,"column":13},"end":{"line":55,"column":28}},"25":{"start":{"line":66,"column":35},"end":{"line":74,"column":1}},"26":{"start":{"line":67,"column":15},"end":{"line":67,"column":42}},"27":{"start":{"line":68,"column":15},"end":{"line":68,"column":58}},"28":{"start":{"line":69,"column":1},"end":{"line":73,"column":3}},"29":{"start":{"line":66,"column":13},"end":{"line":66,"column":35}},"30":{"start":{"line":76,"column":29},"end":{"line":87,"column":1}},"31":{"start":{"line":77,"column":15},"end":{"line":77,"column":42}},"32":{"start":{"line":78,"column":15},"end":{"line":78,"column":52}},"33":{"start":{"line":79,"column":11},"end":{"line":79,"column":47}},"34":{"start":{"line":80,"column":1},"end":{"line":86,"column":3}},"35":{"start":{"line":76,"column":13},"end":{"line":76,"column":29}},"36":{"start":{"line":89,"column":36},"end":{"line":97,"column":1}},"37":{"start":{"line":90,"column":15},"end":{"line":90,"column":42}},"38":{"start":{"line":91,"column":15},"end":{"line":91,"column":59}},"39":{"start":{"line":92,"column":1},"end":{"line":96,"column":3}},"40":{"start":{"line":89,"column":13},"end":{"line":89,"column":36}},"41":{"start":{"line":99,"column":29},"end":{"line":108,"column":1}},"42":{"start":{"line":100,"column":15},"end":{"line":100,"column":42}},"43":{"start":{"line":101,"column":15},"end":{"line":101,"column":52}},"44":{"start":{"line":102,"column":11},"end":{"line":102,"column":47}},"45":{"start":{"line":103,"column":1},"end":{"line":107,"column":3}},"46":{"start":{"line":99,"column":13},"end":{"line":99,"column":29}},"47":{"start":{"line":110,"column":36},"end":{"line":118,"column":1}},"48":{"start":{"line":111,"column":15},"end":{"line":111,"column":42}},"49":{"start":{"line":112,"column":15},"end":{"line":112,"column":59}},"50":{"start":{"line":113,"column":1},"end":{"line":117,"column":3}},"51":{"start":{"line":110,"column":13},"end":{"line":110,"column":36}},"52":{"start":{"line":120,"column":27},"end":{"line":129,"column":1}},"53":{"start":{"line":121,"column":15},"end":{"line":121,"column":42}},"54":{"start":{"line":122,"column":15},"end":{"line":122,"column":50}},"55":{"start":{"line":123,"column":11},"end":{"line":123,"column":47}},"56":{"start":{"line":124,"column":1},"end":{"line":128,"column":3}},"57":{"start":{"line":120,"column":13},"end":{"line":120,"column":27}},"58":{"start":{"line":131,"column":25},"end":{"line":140,"column":1}},"59":{"start":{"line":132,"column":15},"end":{"line":132,"column":42}},"60":{"start":{"line":133,"column":15},"end":{"line":133,"column":48}},"61":{"start":{"line":134,"column":11},"end":{"line":134,"column":47}},"62":{"start":{"line":135,"column":1},"end":{"line":139,"column":3}},"63":{"start":{"line":131,"column":13},"end":{"line":131,"column":25}},"64":{"start":{"line":142,"column":23},"end":{"line":151,"column":1}},"65":{"start":{"line":143,"column":15},"end":{"line":143,"column":42}},"66":{"start":{"line":144,"column":15},"end":{"line":144,"column":46}},"67":{"start":{"line":145,"column":11},"end":{"line":145,"column":47}},"68":{"start":{"line":146,"column":1},"end":{"line":150,"column":3}},"69":{"start":{"line":142,"column":13},"end":{"line":142,"column":23}},"70":{"start":{"line":153,"column":24},"end":{"line":162,"column":1}},"71":{"start":{"line":154,"column":15},"end":{"line":154,"column":42}},"72":{"start":{"line":155,"column":15},"end":{"line":155,"column":44}},"73":{"start":{"line":156,"column":11},"end":{"line":156,"column":47}},"74":{"start":{"line":157,"column":1},"end":{"line":161,"column":3}},"75":{"start":{"line":153,"column":13},"end":{"line":153,"column":24}},"76":{"start":{"line":164,"column":24},"end":{"line":175,"column":1}},"77":{"start":{"line":165,"column":12},"end":{"line":165,"column":41}},"78":{"start":{"line":166,"column":15},"end":{"line":166,"column":42}},"79":{"start":{"line":167,"column":1},"end":{"line":174,"column":3}},"80":{"start":{"line":164,"column":13},"end":{"line":164,"column":24}},"81":{"start":{"line":177,"column":21},"end":{"line":184,"column":1}},"82":{"start":{"line":178,"column":15},"end":{"line":178,"column":42}},"83":{"start":{"line":179,"column":15},"end":{"line":179,"column":44}},"84":{"start":{"line":180,"column":11},"end":{"line":180,"column":47}},"85":{"start":{"line":181,"column":1},"end":{"line":183,"column":3}},"86":{"start":{"line":177,"column":13},"end":{"line":177,"column":21}},"87":{"start":{"line":186,"column":27},"end":{"line":197,"column":1}},"88":{"start":{"line":187,"column":12},"end":{"line":187,"column":40}},"89":{"start":{"line":188,"column":15},"end":{"line":188,"column":42}},"90":{"start":{"line":189,"column":1},"end":{"line":196,"column":3}},"91":{"start":{"line":186,"column":13},"end":{"line":186,"column":27}},"92":{"start":{"line":199,"column":24},"end":{"line":206,"column":1}},"93":{"start":{"line":200,"column":15},"end":{"line":200,"column":42}},"94":{"start":{"line":201,"column":15},"end":{"line":201,"column":47}},"95":{"start":{"line":202,"column":11},"end":{"line":202,"column":47}},"96":{"start":{"line":203,"column":1},"end":{"line":205,"column":3}},"97":{"start":{"line":199,"column":13},"end":{"line":199,"column":24}},"98":{"start":{"line":208,"column":26},"end":{"line":215,"column":1}},"99":{"start":{"line":209,"column":15},"end":{"line":209,"column":42}},"100":{"start":{"line":210,"column":1},"end":{"line":214,"column":3}},"101":{"start":{"line":208,"column":13},"end":{"line":208,"column":26}},"102":{"start":{"line":217,"column":30},"end":{"line":224,"column":1}},"103":{"start":{"line":218,"column":15},"end":{"line":218,"column":42}},"104":{"start":{"line":219,"column":1},"end":{"line":223,"column":3}},"105":{"start":{"line":217,"column":13},"end":{"line":217,"column":30}},"106":{"start":{"line":226,"column":25},"end":{"line":233,"column":1}},"107":{"start":{"line":227,"column":15},"end":{"line":227,"column":42}},"108":{"start":{"line":228,"column":1},"end":{"line":232,"column":3}},"109":{"start":{"line":226,"column":13},"end":{"line":226,"column":25}},"110":{"start":{"line":235,"column":22},"end":{"line":244,"column":1}},"111":{"start":{"line":236,"column":15},"end":{"line":236,"column":42}},"112":{"start":{"line":237,"column":15},"end":{"line":237,"column":45}},"113":{"start":{"line":238,"column":11},"end":{"line":238,"column":47}},"114":{"start":{"line":239,"column":1},"end":{"line":243,"column":3}},"115":{"start":{"line":235,"column":13},"end":{"line":235,"column":22}},"116":{"start":{"line":246,"column":29},"end":{"line":253,"column":1}},"117":{"start":{"line":247,"column":15},"end":{"line":247,"column":42}},"118":{"start":{"line":248,"column":1},"end":{"line":252,"column":3}},"119":{"start":{"line":246,"column":13},"end":{"line":246,"column":29}},"120":{"start":{"line":255,"column":28},"end":{"line":265,"column":1}},"121":{"start":{"line":256,"column":15},"end":{"line":256,"column":42}},"122":{"start":{"line":257,"column":15},"end":{"line":257,"column":51}},"123":{"start":{"line":258,"column":11},"end":{"line":258,"column":47}},"124":{"start":{"line":260,"column":1},"end":{"line":264,"column":3}},"125":{"start":{"line":255,"column":13},"end":{"line":255,"column":28}},"126":{"start":{"line":267,"column":20},"end":{"line":276,"column":1}},"127":{"start":{"line":268,"column":15},"end":{"line":268,"column":42}},"128":{"start":{"line":269,"column":15},"end":{"line":269,"column":40}},"129":{"start":{"line":270,"column":11},"end":{"line":270,"column":47}},"130":{"start":{"line":271,"column":1},"end":{"line":275,"column":3}},"131":{"start":{"line":267,"column":13},"end":{"line":267,"column":20}},"132":{"start":{"line":278,"column":21},"end":{"line":287,"column":1}},"133":{"start":{"line":279,"column":15},"end":{"line":279,"column":42}},"134":{"start":{"line":280,"column":15},"end":{"line":280,"column":44}},"135":{"start":{"line":281,"column":11},"end":{"line":281,"column":47}},"136":{"start":{"line":282,"column":1},"end":{"line":286,"column":3}},"137":{"start":{"line":278,"column":13},"end":{"line":278,"column":21}},"138":{"start":{"line":289,"column":21},"end":{"line":298,"column":1}},"139":{"start":{"line":290,"column":15},"end":{"line":290,"column":42}},"140":{"start":{"line":291,"column":15},"end":{"line":291,"column":44}},"141":{"start":{"line":292,"column":11},"end":{"line":292,"column":47}},"142":{"start":{"line":293,"column":1},"end":{"line":297,"column":3}},"143":{"start":{"line":289,"column":13},"end":{"line":289,"column":21}},"144":{"start":{"line":300,"column":22},"end":{"line":309,"column":1}},"145":{"start":{"line":301,"column":15},"end":{"line":301,"column":42}},"146":{"start":{"line":302,"column":15},"end":{"line":302,"column":45}},"147":{"start":{"line":303,"column":11},"end":{"line":303,"column":47}},"148":{"start":{"line":304,"column":1},"end":{"line":308,"column":3}},"149":{"start":{"line":300,"column":13},"end":{"line":300,"column":22}},"150":{"start":{"line":311,"column":19},"end":{"line":320,"column":1}},"151":{"start":{"line":312,"column":15},"end":{"line":312,"column":42}},"152":{"start":{"line":313,"column":15},"end":{"line":313,"column":42}},"153":{"start":{"line":314,"column":11},"end":{"line":314,"column":47}},"154":{"start":{"line":315,"column":1},"end":{"line":319,"column":3}},"155":{"start":{"line":311,"column":13},"end":{"line":311,"column":19}},"156":{"start":{"line":322,"column":24},"end":{"line":331,"column":1}},"157":{"start":{"line":323,"column":15},"end":{"line":323,"column":42}},"158":{"start":{"line":324,"column":15},"end":{"line":324,"column":47}},"159":{"start":{"line":325,"column":11},"end":{"line":325,"column":47}},"160":{"start":{"line":326,"column":1},"end":{"line":330,"column":3}},"161":{"start":{"line":322,"column":13},"end":{"line":322,"column":24}},"162":{"start":{"line":333,"column":23},"end":{"line":342,"column":1}},"163":{"start":{"line":334,"column":15},"end":{"line":334,"column":42}},"164":{"start":{"line":335,"column":15},"end":{"line":335,"column":46}},"165":{"start":{"line":336,"column":11},"end":{"line":336,"column":47}},"166":{"start":{"line":337,"column":1},"end":{"line":341,"column":3}},"167":{"start":{"line":333,"column":13},"end":{"line":333,"column":23}},"168":{"start":{"line":344,"column":25},"end":{"line":355,"column":1}},"169":{"start":{"line":345,"column":15},"end":{"line":345,"column":42}},"170":{"start":{"line":346,"column":15},"end":{"line":346,"column":48}},"171":{"start":{"line":347,"column":11},"end":{"line":347,"column":47}},"172":{"start":{"line":348,"column":1},"end":{"line":354,"column":3}},"173":{"start":{"line":344,"column":13},"end":{"line":344,"column":25}},"174":{"start":{"line":357,"column":27},"end":{"line":371,"column":1}},"175":{"start":{"line":358,"column":15},"end":{"line":358,"column":35}},"176":{"start":{"line":359,"column":27},"end":{"line":359,"column":33}},"177":{"start":{"line":360,"column":1},"end":{"line":362,"column":null}},"178":{"start":{"line":361,"column":2},"end":{"line":361,"column":12}},"179":{"start":{"line":364,"column":1},"end":{"line":370,"column":3}},"180":{"start":{"line":357,"column":13},"end":{"line":357,"column":27}},"181":{"start":{"line":373,"column":25},"end":{"line":383,"column":1}},"182":{"start":{"line":374,"column":23},"end":{"line":374,"column":29}},"183":{"start":{"line":375,"column":14},"end":{"line":375,"column":50}},"184":{"start":{"line":376,"column":1},"end":{"line":378,"column":null}},"185":{"start":{"line":377,"column":2},"end":{"line":377,"column":14}},"186":{"start":{"line":380,"column":18},"end":{"line":380,"column":26}},"187":{"start":{"line":381,"column":1},"end":{"line":381,"column":37}},"188":{"start":{"line":382,"column":1},"end":{"line":382,"column":13}},"189":{"start":{"line":373,"column":13},"end":{"line":373,"column":25}},"190":{"start":{"line":385,"column":13},"end":{"line":386,"column":86}},"191":{"start":{"line":388,"column":13},"end":{"line":389,"column":86}}},"fnMap":{"0":{"name":"(anonymous_2)","decl":{"start":{"line":20,"column":25},"end":{"line":20,"column":30}},"loc":{"start":{"line":20,"column":30},"end":{"line":29,"column":1}}},"1":{"name":"(anonymous_3)","decl":{"start":{"line":31,"column":29},"end":{"line":31,"column":34}},"loc":{"start":{"line":31,"column":34},"end":{"line":39,"column":1}}},"2":{"name":"(anonymous_4)","decl":{"start":{"line":41,"column":27},"end":{"line":41,"column":32}},"loc":{"start":{"line":41,"column":32},"end":{"line":53,"column":1}}},"3":{"name":"(anonymous_5)","decl":{"start":{"line":55,"column":28},"end":{"line":55,"column":33}},"loc":{"start":{"line":55,"column":33},"end":{"line":64,"column":1}}},"4":{"name":"(anonymous_6)","decl":{"start":{"line":66,"column":35},"end":{"line":66,"column":40}},"loc":{"start":{"line":66,"column":40},"end":{"line":74,"column":1}}},"5":{"name":"(anonymous_7)","decl":{"start":{"line":76,"column":29},"end":{"line":76,"column":34}},"loc":{"start":{"line":76,"column":34},"end":{"line":87,"column":1}}},"6":{"name":"(anonymous_8)","decl":{"start":{"line":89,"column":36},"end":{"line":89,"column":41}},"loc":{"start":{"line":89,"column":41},"end":{"line":97,"column":1}}},"7":{"name":"(anonymous_9)","decl":{"start":{"line":99,"column":29},"end":{"line":99,"column":34}},"loc":{"start":{"line":99,"column":34},"end":{"line":108,"column":1}}},"8":{"name":"(anonymous_10)","decl":{"start":{"line":110,"column":36},"end":{"line":110,"column":41}},"loc":{"start":{"line":110,"column":41},"end":{"line":118,"column":1}}},"9":{"name":"(anonymous_11)","decl":{"start":{"line":120,"column":27},"end":{"line":120,"column":32}},"loc":{"start":{"line":120,"column":32},"end":{"line":129,"column":1}}},"10":{"name":"(anonymous_12)","decl":{"start":{"line":131,"column":25},"end":{"line":131,"column":30}},"loc":{"start":{"line":131,"column":30},"end":{"line":140,"column":1}}},"11":{"name":"(anonymous_13)","decl":{"start":{"line":142,"column":23},"end":{"line":142,"column":28}},"loc":{"start":{"line":142,"column":28},"end":{"line":151,"column":1}}},"12":{"name":"(anonymous_14)","decl":{"start":{"line":153,"column":24},"end":{"line":153,"column":29}},"loc":{"start":{"line":153,"column":29},"end":{"line":162,"column":1}}},"13":{"name":"(anonymous_15)","decl":{"start":{"line":164,"column":24},"end":{"line":164,"column":29}},"loc":{"start":{"line":164,"column":29},"end":{"line":175,"column":1}}},"14":{"name":"(anonymous_16)","decl":{"start":{"line":177,"column":21},"end":{"line":177,"column":26}},"loc":{"start":{"line":177,"column":26},"end":{"line":184,"column":1}}},"15":{"name":"(anonymous_17)","decl":{"start":{"line":186,"column":27},"end":{"line":186,"column":32}},"loc":{"start":{"line":186,"column":32},"end":{"line":197,"column":1}}},"16":{"name":"(anonymous_18)","decl":{"start":{"line":199,"column":24},"end":{"line":199,"column":29}},"loc":{"start":{"line":199,"column":29},"end":{"line":206,"column":1}}},"17":{"name":"(anonymous_19)","decl":{"start":{"line":208,"column":26},"end":{"line":208,"column":31}},"loc":{"start":{"line":208,"column":31},"end":{"line":215,"column":1}}},"18":{"name":"(anonymous_20)","decl":{"start":{"line":217,"column":30},"end":{"line":217,"column":35}},"loc":{"start":{"line":217,"column":35},"end":{"line":224,"column":1}}},"19":{"name":"(anonymous_21)","decl":{"start":{"line":226,"column":25},"end":{"line":226,"column":30}},"loc":{"start":{"line":226,"column":30},"end":{"line":233,"column":1}}},"20":{"name":"(anonymous_22)","decl":{"start":{"line":235,"column":22},"end":{"line":235,"column":27}},"loc":{"start":{"line":235,"column":27},"end":{"line":244,"column":1}}},"21":{"name":"(anonymous_23)","decl":{"start":{"line":246,"column":29},"end":{"line":246,"column":34}},"loc":{"start":{"line":246,"column":34},"end":{"line":253,"column":1}}},"22":{"name":"(anonymous_24)","decl":{"start":{"line":255,"column":28},"end":{"line":255,"column":33}},"loc":{"start":{"line":255,"column":33},"end":{"line":265,"column":1}}},"23":{"name":"(anonymous_25)","decl":{"start":{"line":267,"column":20},"end":{"line":267,"column":25}},"loc":{"start":{"line":267,"column":25},"end":{"line":276,"column":1}}},"24":{"name":"(anonymous_26)","decl":{"start":{"line":278,"column":21},"end":{"line":278,"column":26}},"loc":{"start":{"line":278,"column":26},"end":{"line":287,"column":1}}},"25":{"name":"(anonymous_27)","decl":{"start":{"line":289,"column":21},"end":{"line":289,"column":26}},"loc":{"start":{"line":289,"column":26},"end":{"line":298,"column":1}}},"26":{"name":"(anonymous_28)","decl":{"start":{"line":300,"column":22},"end":{"line":300,"column":27}},"loc":{"start":{"line":300,"column":27},"end":{"line":309,"column":1}}},"27":{"name":"(anonymous_29)","decl":{"start":{"line":311,"column":19},"end":{"line":311,"column":24}},"loc":{"start":{"line":311,"column":24},"end":{"line":320,"column":1}}},"28":{"name":"(anonymous_30)","decl":{"start":{"line":322,"column":24},"end":{"line":322,"column":29}},"loc":{"start":{"line":322,"column":29},"end":{"line":331,"column":1}}},"29":{"name":"(anonymous_31)","decl":{"start":{"line":333,"column":23},"end":{"line":333,"column":28}},"loc":{"start":{"line":333,"column":28},"end":{"line":342,"column":1}}},"30":{"name":"(anonymous_32)","decl":{"start":{"line":344,"column":25},"end":{"line":344,"column":30}},"loc":{"start":{"line":344,"column":30},"end":{"line":355,"column":1}}},"31":{"name":"(anonymous_33)","decl":{"start":{"line":357,"column":27},"end":{"line":357,"column":29}},"loc":{"start":{"line":357,"column":29},"end":{"line":371,"column":1}}},"32":{"name":"(anonymous_34)","decl":{"start":{"line":373,"column":25},"end":{"line":373,"column":26}},"loc":{"start":{"line":373,"column":43},"end":{"line":383,"column":1}}}},"branchMap":{"0":{"loc":{"start":{"line":21,"column":15},"end":{"line":21,"column":26}},"type":"binary-expr","locations":[{"start":{"line":21,"column":15},"end":{"line":21,"column":26}},{"start":{"line":21,"column":30},"end":{"line":21,"column":42}}]},"1":{"loc":{"start":{"line":32,"column":15},"end":{"line":32,"column":26}},"type":"binary-expr","locations":[{"start":{"line":32,"column":15},"end":{"line":32,"column":26}},{"start":{"line":32,"column":30},"end":{"line":32,"column":42}}]},"2":{"loc":{"start":{"line":42,"column":15},"end":{"line":42,"column":26}},"type":"binary-expr","locations":[{"start":{"line":42,"column":15},"end":{"line":42,"column":26}},{"start":{"line":42,"column":30},"end":{"line":42,"column":42}}]},"3":{"loc":{"start":{"line":56,"column":15},"end":{"line":56,"column":26}},"type":"binary-expr","locations":[{"start":{"line":56,"column":15},"end":{"line":56,"column":26}},{"start":{"line":56,"column":30},"end":{"line":56,"column":42}}]},"4":{"loc":{"start":{"line":67,"column":15},"end":{"line":67,"column":26}},"type":"binary-expr","locations":[{"start":{"line":67,"column":15},"end":{"line":67,"column":26}},{"start":{"line":67,"column":30},"end":{"line":67,"column":42}}]},"5":{"loc":{"start":{"line":77,"column":15},"end":{"line":77,"column":26}},"type":"binary-expr","locations":[{"start":{"line":77,"column":15},"end":{"line":77,"column":26}},{"start":{"line":77,"column":30},"end":{"line":77,"column":42}}]},"6":{"loc":{"start":{"line":90,"column":15},"end":{"line":90,"column":26}},"type":"binary-expr","locations":[{"start":{"line":90,"column":15},"end":{"line":90,"column":26}},{"start":{"line":90,"column":30},"end":{"line":90,"column":42}}]},"7":{"loc":{"start":{"line":100,"column":15},"end":{"line":100,"column":26}},"type":"binary-expr","locations":[{"start":{"line":100,"column":15},"end":{"line":100,"column":26}},{"start":{"line":100,"column":30},"end":{"line":100,"column":42}}]},"8":{"loc":{"start":{"line":111,"column":15},"end":{"line":111,"column":26}},"type":"binary-expr","locations":[{"start":{"line":111,"column":15},"end":{"line":111,"column":26}},{"start":{"line":111,"column":30},"end":{"line":111,"column":42}}]},"9":{"loc":{"start":{"line":121,"column":15},"end":{"line":121,"column":26}},"type":"binary-expr","locations":[{"start":{"line":121,"column":15},"end":{"line":121,"column":26}},{"start":{"line":121,"column":30},"end":{"line":121,"column":42}}]},"10":{"loc":{"start":{"line":132,"column":15},"end":{"line":132,"column":26}},"type":"binary-expr","locations":[{"start":{"line":132,"column":15},"end":{"line":132,"column":26}},{"start":{"line":132,"column":30},"end":{"line":132,"column":42}}]},"11":{"loc":{"start":{"line":143,"column":15},"end":{"line":143,"column":26}},"type":"binary-expr","locations":[{"start":{"line":143,"column":15},"end":{"line":143,"column":26}},{"start":{"line":143,"column":30},"end":{"line":143,"column":42}}]},"12":{"loc":{"start":{"line":154,"column":15},"end":{"line":154,"column":26}},"type":"binary-expr","locations":[{"start":{"line":154,"column":15},"end":{"line":154,"column":26}},{"start":{"line":154,"column":30},"end":{"line":154,"column":42}}]},"13":{"loc":{"start":{"line":165,"column":12},"end":{"line":165,"column":20}},"type":"binary-expr","locations":[{"start":{"line":165,"column":12},"end":{"line":165,"column":20}},{"start":{"line":165,"column":24},"end":{"line":165,"column":41}}]},"14":{"loc":{"start":{"line":166,"column":15},"end":{"line":166,"column":26}},"type":"binary-expr","locations":[{"start":{"line":166,"column":15},"end":{"line":166,"column":26}},{"start":{"line":166,"column":30},"end":{"line":166,"column":42}}]},"15":{"loc":{"start":{"line":178,"column":15},"end":{"line":178,"column":26}},"type":"binary-expr","locations":[{"start":{"line":178,"column":15},"end":{"line":178,"column":26}},{"start":{"line":178,"column":30},"end":{"line":178,"column":42}}]},"16":{"loc":{"start":{"line":187,"column":12},"end":{"line":187,"column":20}},"type":"binary-expr","locations":[{"start":{"line":187,"column":12},"end":{"line":187,"column":20}},{"start":{"line":187,"column":24},"end":{"line":187,"column":40}}]},"17":{"loc":{"start":{"line":188,"column":15},"end":{"line":188,"column":26}},"type":"binary-expr","locations":[{"start":{"line":188,"column":15},"end":{"line":188,"column":26}},{"start":{"line":188,"column":30},"end":{"line":188,"column":42}}]},"18":{"loc":{"start":{"line":200,"column":15},"end":{"line":200,"column":26}},"type":"binary-expr","locations":[{"start":{"line":200,"column":15},"end":{"line":200,"column":26}},{"start":{"line":200,"column":30},"end":{"line":200,"column":42}}]},"19":{"loc":{"start":{"line":209,"column":15},"end":{"line":209,"column":26}},"type":"binary-expr","locations":[{"start":{"line":209,"column":15},"end":{"line":209,"column":26}},{"start":{"line":209,"column":30},"end":{"line":209,"column":42}}]},"20":{"loc":{"start":{"line":218,"column":15},"end":{"line":218,"column":26}},"type":"binary-expr","locations":[{"start":{"line":218,"column":15},"end":{"line":218,"column":26}},{"start":{"line":218,"column":30},"end":{"line":218,"column":42}}]},"21":{"loc":{"start":{"line":227,"column":15},"end":{"line":227,"column":26}},"type":"binary-expr","locations":[{"start":{"line":227,"column":15},"end":{"line":227,"column":26}},{"start":{"line":227,"column":30},"end":{"line":227,"column":42}}]},"22":{"loc":{"start":{"line":236,"column":15},"end":{"line":236,"column":26}},"type":"binary-expr","locations":[{"start":{"line":236,"column":15},"end":{"line":236,"column":26}},{"start":{"line":236,"column":30},"end":{"line":236,"column":42}}]},"23":{"loc":{"start":{"line":247,"column":15},"end":{"line":247,"column":26}},"type":"binary-expr","locations":[{"start":{"line":247,"column":15},"end":{"line":247,"column":26}},{"start":{"line":247,"column":30},"end":{"line":247,"column":42}}]},"24":{"loc":{"start":{"line":256,"column":15},"end":{"line":256,"column":26}},"type":"binary-expr","locations":[{"start":{"line":256,"column":15},"end":{"line":256,"column":26}},{"start":{"line":256,"column":30},"end":{"line":256,"column":42}}]},"25":{"loc":{"start":{"line":268,"column":15},"end":{"line":268,"column":26}},"type":"binary-expr","locations":[{"start":{"line":268,"column":15},"end":{"line":268,"column":26}},{"start":{"line":268,"column":30},"end":{"line":268,"column":42}}]},"26":{"loc":{"start":{"line":279,"column":15},"end":{"line":279,"column":26}},"type":"binary-expr","locations":[{"start":{"line":279,"column":15},"end":{"line":279,"column":26}},{"start":{"line":279,"column":30},"end":{"line":279,"column":42}}]},"27":{"loc":{"start":{"line":290,"column":15},"end":{"line":290,"column":26}},"type":"binary-expr","locations":[{"start":{"line":290,"column":15},"end":{"line":290,"column":26}},{"start":{"line":290,"column":30},"end":{"line":290,"column":42}}]},"28":{"loc":{"start":{"line":301,"column":15},"end":{"line":301,"column":26}},"type":"binary-expr","locations":[{"start":{"line":301,"column":15},"end":{"line":301,"column":26}},{"start":{"line":301,"column":30},"end":{"line":301,"column":42}}]},"29":{"loc":{"start":{"line":312,"column":15},"end":{"line":312,"column":26}},"type":"binary-expr","locations":[{"start":{"line":312,"column":15},"end":{"line":312,"column":26}},{"start":{"line":312,"column":30},"end":{"line":312,"column":42}}]},"30":{"loc":{"start":{"line":323,"column":15},"end":{"line":323,"column":26}},"type":"binary-expr","locations":[{"start":{"line":323,"column":15},"end":{"line":323,"column":26}},{"start":{"line":323,"column":30},"end":{"line":323,"column":42}}]},"31":{"loc":{"start":{"line":334,"column":15},"end":{"line":334,"column":26}},"type":"binary-expr","locations":[{"start":{"line":334,"column":15},"end":{"line":334,"column":26}},{"start":{"line":334,"column":30},"end":{"line":334,"column":42}}]},"32":{"loc":{"start":{"line":345,"column":15},"end":{"line":345,"column":26}},"type":"binary-expr","locations":[{"start":{"line":345,"column":15},"end":{"line":345,"column":26}},{"start":{"line":345,"column":30},"end":{"line":345,"column":42}}]},"33":{"loc":{"start":{"line":358,"column":15},"end":{"line":358,"column":29}},"type":"binary-expr","locations":[{"start":{"line":358,"column":15},"end":{"line":358,"column":29}},{"start":{"line":358,"column":33},"end":{"line":358,"column":35}}]},"34":{"loc":{"start":{"line":360,"column":1},"end":{"line":362,"column":null}},"type":"if","locations":[{"start":{"line":360,"column":1},"end":{"line":362,"column":null}},{"start":{"line":360,"column":1},"end":{"line":362,"column":null}}]},"35":{"loc":{"start":{"line":360,"column":5},"end":{"line":360,"column":12}},"type":"binary-expr","locations":[{"start":{"line":360,"column":5},"end":{"line":360,"column":12}},{"start":{"line":360,"column":16},"end":{"line":360,"column":22}}]},"36":{"loc":{"start":{"line":366,"column":13},"end":{"line":366,"column":57}},"type":"cond-expr","locations":[{"start":{"line":366,"column":13},"end":{"line":366,"column":57}},{"start":{"line":366,"column":60},"end":{"line":366,"column":64}}]},"37":{"loc":{"start":{"line":368,"column":12},"end":{"line":368,"column":54}},"type":"cond-expr","locations":[{"start":{"line":368,"column":12},"end":{"line":368,"column":54}},{"start":{"line":368,"column":57},"end":{"line":368,"column":61}}]},"38":{"loc":{"start":{"line":376,"column":1},"end":{"line":378,"column":null}},"type":"if","locations":[{"start":{"line":376,"column":1},"end":{"line":378,"column":null}},{"start":{"line":376,"column":1},"end":{"line":378,"column":null}}]}},"s":{"0":3,"1":3,"2":3,"3":3,"4":2,"5":2,"6":2,"7":2,"8":3,"9":3,"10":2,"11":2,"12":2,"13":3,"14":3,"15":2,"16":2,"17":2,"18":3,"19":3,"20":2,"21":2,"22":2,"23":2,"24":3,"25":3,"26":0,"27":0,"28":0,"29":3,"30":3,"31":2,"32":2,"33":2,"34":2,"35":3,"36":3,"37":2,"38":2,"39":2,"40":3,"41":3,"42":2,"43":2,"44":2,"45":2,"46":3,"47":3,"48":2,"49":2,"50":2,"51":3,"52":3,"53":2,"54":2,"55":2,"56":2,"57":3,"58":3,"59":2,"60":2,"61":2,"62":2,"63":3,"64":3,"65":2,"66":2,"67":2,"68":2,"69":3,"70":3,"71":2,"72":2,"73":2,"74":2,"75":3,"76":3,"77":2,"78":2,"79":2,"80":3,"81":3,"82":2,"83":2,"84":2,"85":2,"86":3,"87":3,"88":2,"89":2,"90":2,"91":3,"92":3,"93":2,"94":2,"95":2,"96":2,"97":3,"98":3,"99":2,"100":2,"101":3,"102":3,"103":0,"104":0,"105":3,"106":3,"107":2,"108":2,"109":3,"110":3,"111":2,"112":2,"113":2,"114":2,"115":3,"116":3,"117":2,"118":2,"119":3,"120":3,"121":2,"122":2,"123":2,"124":2,"125":3,"126":3,"127":2,"128":2,"129":2,"130":2,"131":3,"132":3,"133":2,"134":2,"135":2,"136":2,"137":3,"138":3,"139":2,"140":2,"141":2,"142":2,"143":3,"144":3,"145":2,"146":2,"147":2,"148":2,"149":3,"150":3,"151":2,"152":2,"153":2,"154":2,"155":3,"156":3,"157":2,"158":2,"159":2,"160":2,"161":3,"162":3,"163":2,"164":2,"165":2,"166":2,"167":3,"168":3,"169":2,"170":2,"171":2,"172":2,"173":3,"174":3,"175":54,"176":108,"177":54,"178":54,"179":0,"180":3,"181":3,"182":96,"183":48,"184":48,"185":48,"186":0,"187":0,"188":0,"189":3,"190":3,"191":3},"f":{"0":2,"1":2,"2":2,"3":2,"4":0,"5":2,"6":2,"7":2,"8":2,"9":2,"10":2,"11":2,"12":2,"13":2,"14":2,"15":2,"16":2,"17":2,"18":0,"19":2,"20":2,"21":2,"22":2,"23":2,"24":2,"25":2,"26":2,"27":2,"28":2,"29":2,"30":2,"31":54,"32":48},"b":{"0":[2,1],"1":[2,1],"2":[2,1],"3":[2,1],"4":[0,0],"5":[2,1],"6":[2,1],"7":[2,1],"8":[2,1],"9":[2,1],"10":[2,1],"11":[2,1],"12":[2,1],"13":[2,2],"14":[2,1],"15":[2,1],"16":[2,2],"17":[2,1],"18":[2,1],"19":[2,1],"20":[0,0],"21":[2,1],"22":[2,1],"23":[2,1],"24":[2,1],"25":[2,1],"26":[2,1],"27":[2,1],"28":[2,1],"29":[2,1],"30":[2,1],"31":[2,1],"32":[2,1],"33":[54,5],"34":[54,0],"35":[54,54],"36":[0,0],"37":[0,0],"38":[48,0]}}
,"/Users/ehhanche/programming/work/spark/amplify-ui/packages/aws-amplify-react/src/Amplify-UI/Amplify-UI-Components-React.tsx": {"path":"/Users/ehhanche/programming/work/spark/amplify-ui/packages/aws-amplify-react/src/Amplify-UI/Amplify-UI-Components-React.tsx","statementMap":{"0":{"start":{"line":1,"column":0},"end":{"line":1,"column":31}},"1":{"start":{"line":3,"column":0},"end":{"line":3,"column":57}},"2":{"start":{"line":5,"column":0},"end":{"line":5,"column":45}},"3":{"start":{"line":7,"column":0},"end":{"line":7,"column":46}},"4":{"start":{"line":9,"column":25},"end":{"line":19,"column":1}},"5":{"start":{"line":10,"column":15},"end":{"line":10,"column":42}},"6":{"start":{"line":11,"column":15},"end":{"line":11,"column":48}},"7":{"start":{"line":12,"column":11},"end":{"line":12,"column":47}},"8":{"start":{"line":14,"column":1},"end":{"line":18,"column":3}},"9":{"start":{"line":9,"column":13},"end":{"line":9,"column":25}},"10":{"start":{"line":21,"column":29},"end":{"line":28,"column":1}},"11":{"start":{"line":22,"column":15},"end":{"line":22,"column":42}},"12":{"start":{"line":23,"column":1},"end":{"line":27,"column":3}},"13":{"start":{"line":21,"column":13},"end":{"line":21,"column":29}},"14":{"start":{"line":30,"column":27},"end":{"line":42,"column":1}},"15":{"start":{"line":31,"column":15},"end":{"line":31,"column":42}},"16":{"start":{"line":32,"column":15},"end":{"line":32,"column":50}},"17":{"start":{"line":33,"column":1},"end":{"line":41,"column":3}},"18":{"start":{"line":30,"column":13},"end":{"line":30,"column":27}},"19":{"start":{"line":44,"column":29},"end":{"line":58,"column":1}},"20":{"start":{"line":45,"column":15},"end":{"line":45,"column":42}},"21":{"start":{"line":46,"column":15},"end":{"line":46,"column":52}},"22":{"start":{"line":47,"column":11},"end":{"line":47,"column":47}},"23":{"start":{"line":48,"column":1},"end":{"line":57,"column":3}},"24":{"start":{"line":44,"column":13},"end":{"line":44,"column":29}},"25":{"start":{"line":60,"column":36},"end":{"line":68,"column":1}},"26":{"start":{"line":61,"column":15},"end":{"line":61,"column":42}},"27":{"start":{"line":62,"column":15},"end":{"line":62,"column":59}},"28":{"start":{"line":63,"column":1},"end":{"line":67,"column":3}},"29":{"start":{"line":60,"column":13},"end":{"line":60,"column":36}},"30":{"start":{"line":70,"column":29},"end":{"line":79,"column":1}},"31":{"start":{"line":71,"column":15},"end":{"line":71,"column":42}},"32":{"start":{"line":72,"column":15},"end":{"line":72,"column":52}},"33":{"start":{"line":73,"column":11},"end":{"line":73,"column":47}},"34":{"start":{"line":74,"column":1},"end":{"line":78,"column":3}},"35":{"start":{"line":70,"column":13},"end":{"line":70,"column":29}},"36":{"start":{"line":81,"column":43},"end":{"line":89,"column":1}},"37":{"start":{"line":82,"column":15},"end":{"line":82,"column":42}},"38":{"start":{"line":83,"column":15},"end":{"line":83,"column":66}},"39":{"start":{"line":84,"column":1},"end":{"line":88,"column":3}},"40":{"start":{"line":81,"column":13},"end":{"line":81,"column":43}},"41":{"start":{"line":91,"column":45},"end":{"line":99,"column":1}},"42":{"start":{"line":92,"column":15},"end":{"line":92,"column":42}},"43":{"start":{"line":93,"column":15},"end":{"line":93,"column":68}},"44":{"start":{"line":94,"column":1},"end":{"line":98,"column":3}},"45":{"start":{"line":91,"column":13},"end":{"line":91,"column":45}},"46":{"start":{"line":101,"column":27},"end":{"line":110,"column":1}},"47":{"start":{"line":102,"column":15},"end":{"line":102,"column":42}},"48":{"start":{"line":103,"column":15},"end":{"line":103,"column":50}},"49":{"start":{"line":104,"column":11},"end":{"line":104,"column":47}},"50":{"start":{"line":105,"column":1},"end":{"line":109,"column":3}},"51":{"start":{"line":101,"column":13},"end":{"line":101,"column":27}},"52":{"start":{"line":112,"column":25},"end":{"line":121,"column":1}},"53":{"start":{"line":113,"column":15},"end":{"line":113,"column":42}},"54":{"start":{"line":114,"column":15},"end":{"line":114,"column":48}},"55":{"start":{"line":115,"column":11},"end":{"line":115,"column":47}},"56":{"start":{"line":116,"column":1},"end":{"line":120,"column":3}},"57":{"start":{"line":112,"column":13},"end":{"line":112,"column":25}},"58":{"start":{"line":123,"column":22},"end":{"line":131,"column":1}},"59":{"start":{"line":124,"column":15},"end":{"line":124,"column":42}},"60":{"start":{"line":125,"column":15},"end":{"line":125,"column":45}},"61":{"start":{"line":126,"column":1},"end":{"line":130,"column":3}},"62":{"start":{"line":123,"column":13},"end":{"line":123,"column":22}},"63":{"start":{"line":133,"column":29},"end":{"line":140,"column":1}},"64":{"start":{"line":134,"column":15},"end":{"line":134,"column":42}},"65":{"start":{"line":135,"column":1},"end":{"line":139,"column":3}},"66":{"start":{"line":133,"column":13},"end":{"line":133,"column":29}},"67":{"start":{"line":142,"column":23},"end":{"line":151,"column":1}},"68":{"start":{"line":143,"column":15},"end":{"line":143,"column":42}},"69":{"start":{"line":144,"column":15},"end":{"line":144,"column":46}},"70":{"start":{"line":145,"column":11},"end":{"line":145,"column":47}},"71":{"start":{"line":146,"column":1},"end":{"line":150,"column":3}},"72":{"start":{"line":142,"column":13},"end":{"line":142,"column":23}},"73":{"start":{"line":153,"column":24},"end":{"line":164,"column":1}},"74":{"start":{"line":154,"column":12},"end":{"line":154,"column":41}},"75":{"start":{"line":155,"column":15},"end":{"line":155,"column":42}},"76":{"start":{"line":156,"column":1},"end":{"line":163,"column":3}},"77":{"start":{"line":153,"column":13},"end":{"line":153,"column":24}},"78":{"start":{"line":166,"column":21},"end":{"line":173,"column":1}},"79":{"start":{"line":167,"column":15},"end":{"line":167,"column":42}},"80":{"start":{"line":168,"column":15},"end":{"line":168,"column":44}},"81":{"start":{"line":169,"column":11},"end":{"line":169,"column":47}},"82":{"start":{"line":170,"column":1},"end":{"line":172,"column":3}},"83":{"start":{"line":166,"column":13},"end":{"line":166,"column":21}},"84":{"start":{"line":175,"column":24},"end":{"line":184,"column":1}},"85":{"start":{"line":176,"column":15},"end":{"line":176,"column":42}},"86":{"start":{"line":177,"column":15},"end":{"line":177,"column":44}},"87":{"start":{"line":178,"column":11},"end":{"line":178,"column":47}},"88":{"start":{"line":179,"column":1},"end":{"line":183,"column":3}},"89":{"start":{"line":175,"column":13},"end":{"line":175,"column":24}},"90":{"start":{"line":186,"column":21},"end":{"line":191,"column":1}},"91":{"start":{"line":187,"column":15},"end":{"line":187,"column":42}},"92":{"start":{"line":188,"column":15},"end":{"line":188,"column":44}},"93":{"start":{"line":189,"column":11},"end":{"line":189,"column":47}},"94":{"start":{"line":190,"column":1},"end":{"line":190,"column":67}},"95":{"start":{"line":186,"column":13},"end":{"line":186,"column":21}},"96":{"start":{"line":193,"column":27},"end":{"line":201,"column":1}},"97":{"start":{"line":194,"column":15},"end":{"line":194,"column":42}},"98":{"start":{"line":195,"column":15},"end":{"line":195,"column":50}},"99":{"start":{"line":196,"column":1},"end":{"line":200,"column":3}},"100":{"start":{"line":193,"column":13},"end":{"line":193,"column":27}},"101":{"start":{"line":203,"column":25},"end":{"line":212,"column":1}},"102":{"start":{"line":204,"column":15},"end":{"line":204,"column":42}},"103":{"start":{"line":205,"column":15},"end":{"line":205,"column":48}},"104":{"start":{"line":206,"column":11},"end":{"line":206,"column":47}},"105":{"start":{"line":207,"column":1},"end":{"line":211,"column":3}},"106":{"start":{"line":203,"column":13},"end":{"line":203,"column":25}},"107":{"start":{"line":214,"column":22},"end":{"line":229,"column":1}},"108":{"start":{"line":215,"column":15},"end":{"line":215,"column":42}},"109":{"start":{"line":216,"column":15},"end":{"line":216,"column":45}},"110":{"start":{"line":217,"column":18},"end":{"line":217,"column":41}},"111":{"start":{"line":218,"column":11},"end":{"line":218,"column":47}},"112":{"start":{"line":219,"column":1},"end":{"line":228,"column":3}},"113":{"start":{"line":214,"column":13},"end":{"line":214,"column":22}},"114":{"start":{"line":231,"column":33},"end":{"line":244,"column":1}},"115":{"start":{"line":232,"column":15},"end":{"line":232,"column":42}},"116":{"start":{"line":233,"column":15},"end":{"line":233,"column":56}},"117":{"start":{"line":234,"column":11},"end":{"line":234,"column":47}},"118":{"start":{"line":235,"column":1},"end":{"line":243,"column":3}},"119":{"start":{"line":231,"column":13},"end":{"line":231,"column":33}},"120":{"start":{"line":246,"column":28},"end":{"line":256,"column":1}},"121":{"start":{"line":247,"column":15},"end":{"line":247,"column":42}},"122":{"start":{"line":248,"column":16},"end":{"line":248,"column":75}},"123":{"start":{"line":249,"column":11},"end":{"line":249,"column":47}},"124":{"start":{"line":251,"column":1},"end":{"line":255,"column":3}},"125":{"start":{"line":246,"column":13},"end":{"line":246,"column":28}},"126":{"start":{"line":258,"column":32},"end":{"line":267,"column":1}},"127":{"start":{"line":259,"column":15},"end":{"line":259,"column":42}},"128":{"start":{"line":260,"column":15},"end":{"line":260,"column":55}},"129":{"start":{"line":261,"column":11},"end":{"line":261,"column":47}},"130":{"start":{"line":262,"column":1},"end":{"line":266,"column":3}},"131":{"start":{"line":258,"column":13},"end":{"line":258,"column":32}},"132":{"start":{"line":269,"column":35},"end":{"line":277,"column":1}},"133":{"start":{"line":270,"column":15},"end":{"line":270,"column":42}},"134":{"start":{"line":271,"column":15},"end":{"line":271,"column":58}},"135":{"start":{"line":272,"column":1},"end":{"line":276,"column":3}},"136":{"start":{"line":269,"column":13},"end":{"line":269,"column":35}},"137":{"start":{"line":279,"column":20},"end":{"line":288,"column":1}},"138":{"start":{"line":280,"column":15},"end":{"line":280,"column":42}},"139":{"start":{"line":281,"column":15},"end":{"line":281,"column":40}},"140":{"start":{"line":282,"column":11},"end":{"line":282,"column":47}},"141":{"start":{"line":283,"column":1},"end":{"line":287,"column":3}},"142":{"start":{"line":279,"column":13},"end":{"line":279,"column":20}},"143":{"start":{"line":290,"column":21},"end":{"line":299,"column":1}},"144":{"start":{"line":291,"column":15},"end":{"line":291,"column":42}},"145":{"start":{"line":292,"column":15},"end":{"line":292,"column":44}},"146":{"start":{"line":293,"column":11},"end":{"line":293,"column":47}},"147":{"start":{"line":294,"column":1},"end":{"line":298,"column":3}},"148":{"start":{"line":290,"column":13},"end":{"line":290,"column":21}},"149":{"start":{"line":301,"column":20},"end":{"line":309,"column":1}},"150":{"start":{"line":302,"column":15},"end":{"line":302,"column":42}},"151":{"start":{"line":303,"column":15},"end":{"line":303,"column":43}},"152":{"start":{"line":304,"column":1},"end":{"line":308,"column":3}},"153":{"start":{"line":301,"column":13},"end":{"line":301,"column":20}},"154":{"start":{"line":311,"column":26},"end":{"line":319,"column":1}},"155":{"start":{"line":312,"column":15},"end":{"line":312,"column":42}},"156":{"start":{"line":313,"column":15},"end":{"line":313,"column":49}},"157":{"start":{"line":314,"column":1},"end":{"line":318,"column":3}},"158":{"start":{"line":311,"column":13},"end":{"line":311,"column":26}},"159":{"start":{"line":321,"column":22},"end":{"line":330,"column":1}},"160":{"start":{"line":322,"column":15},"end":{"line":322,"column":42}},"161":{"start":{"line":323,"column":15},"end":{"line":323,"column":45}},"162":{"start":{"line":324,"column":11},"end":{"line":324,"column":47}},"163":{"start":{"line":325,"column":1},"end":{"line":329,"column":3}},"164":{"start":{"line":321,"column":13},"end":{"line":321,"column":22}},"165":{"start":{"line":332,"column":19},"end":{"line":341,"column":1}},"166":{"start":{"line":333,"column":15},"end":{"line":333,"column":42}},"167":{"start":{"line":334,"column":15},"end":{"line":334,"column":42}},"168":{"start":{"line":335,"column":11},"end":{"line":335,"column":47}},"169":{"start":{"line":336,"column":1},"end":{"line":340,"column":3}},"170":{"start":{"line":332,"column":13},"end":{"line":332,"column":19}},"171":{"start":{"line":343,"column":24},"end":{"line":352,"column":1}},"172":{"start":{"line":344,"column":15},"end":{"line":344,"column":42}},"173":{"start":{"line":345,"column":15},"end":{"line":345,"column":47}},"174":{"start":{"line":346,"column":11},"end":{"line":346,"column":47}},"175":{"start":{"line":347,"column":1},"end":{"line":351,"column":3}},"176":{"start":{"line":343,"column":13},"end":{"line":343,"column":24}},"177":{"start":{"line":354,"column":23},"end":{"line":363,"column":1}},"178":{"start":{"line":355,"column":15},"end":{"line":355,"column":42}},"179":{"start":{"line":356,"column":15},"end":{"line":356,"column":46}},"180":{"start":{"line":357,"column":11},"end":{"line":357,"column":47}},"181":{"start":{"line":358,"column":1},"end":{"line":362,"column":3}},"182":{"start":{"line":354,"column":13},"end":{"line":354,"column":23}},"183":{"start":{"line":365,"column":25},"end":{"line":374,"column":1}},"184":{"start":{"line":366,"column":15},"end":{"line":366,"column":42}},"185":{"start":{"line":367,"column":15},"end":{"line":367,"column":48}},"186":{"start":{"line":368,"column":11},"end":{"line":368,"column":47}},"187":{"start":{"line":369,"column":1},"end":{"line":373,"column":3}},"188":{"start":{"line":365,"column":13},"end":{"line":365,"column":25}},"189":{"start":{"line":376,"column":21},"end":{"line":391,"column":1}},"190":{"start":{"line":377,"column":21},"end":{"line":377,"column":27}},"191":{"start":{"line":378,"column":15},"end":{"line":378,"column":42}},"192":{"start":{"line":380,"column":1},"end":{"line":390,"column":3}},"193":{"start":{"line":376,"column":13},"end":{"line":376,"column":21}},"194":{"start":{"line":394,"column":0},"end":{"line":396,"column":2}},"195":{"start":{"line":395,"column":16},"end":{"line":395,"column":null}},"196":{"start":{"line":398,"column":32},"end":{"line":417,"column":1}},"197":{"start":{"line":399,"column":15},"end":{"line":399,"column":42}},"198":{"start":{"line":400,"column":15},"end":{"line":400,"column":55}},"199":{"start":{"line":401,"column":1},"end":{"line":416,"column":3}},"200":{"start":{"line":398,"column":13},"end":{"line":398,"column":32}},"201":{"start":{"line":419,"column":27},"end":{"line":433,"column":1}},"202":{"start":{"line":420,"column":15},"end":{"line":420,"column":35}},"203":{"start":{"line":421,"column":27},"end":{"line":421,"column":33}},"204":{"start":{"line":422,"column":1},"end":{"line":424,"column":null}},"205":{"start":{"line":423,"column":2},"end":{"line":423,"column":12}},"206":{"start":{"line":426,"column":1},"end":{"line":432,"column":3}},"207":{"start":{"line":419,"column":13},"end":{"line":419,"column":27}},"208":{"start":{"line":435,"column":25},"end":{"line":445,"column":1}},"209":{"start":{"line":436,"column":23},"end":{"line":436,"column":29}},"210":{"start":{"line":437,"column":14},"end":{"line":437,"column":50}},"211":{"start":{"line":438,"column":1},"end":{"line":440,"column":null}},"212":{"start":{"line":439,"column":2},"end":{"line":439,"column":14}},"213":{"start":{"line":442,"column":18},"end":{"line":442,"column":26}},"214":{"start":{"line":443,"column":1},"end":{"line":443,"column":37}},"215":{"start":{"line":444,"column":1},"end":{"line":444,"column":13}},"216":{"start":{"line":435,"column":13},"end":{"line":435,"column":25}}},"fnMap":{"0":{"name":"(anonymous_2)","decl":{"start":{"line":9,"column":25},"end":{"line":9,"column":30}},"loc":{"start":{"line":9,"column":30},"end":{"line":19,"column":1}}},"1":{"name":"(anonymous_3)","decl":{"start":{"line":21,"column":29},"end":{"line":21,"column":34}},"loc":{"start":{"line":21,"column":34},"end":{"line":28,"column":1}}},"2":{"name":"(anonymous_4)","decl":{"start":{"line":30,"column":27},"end":{"line":30,"column":32}},"loc":{"start":{"line":30,"column":32},"end":{"line":42,"column":1}}},"3":{"name":"(anonymous_5)","decl":{"start":{"line":44,"column":29},"end":{"line":44,"column":34}},"loc":{"start":{"line":44,"column":34},"end":{"line":58,"column":1}}},"4":{"name":"(anonymous_6)","decl":{"start":{"line":60,"column":36},"end":{"line":60,"column":41}},"loc":{"start":{"line":60,"column":41},"end":{"line":68,"column":1}}},"5":{"name":"(anonymous_7)","decl":{"start":{"line":70,"column":29},"end":{"line":70,"column":34}},"loc":{"start":{"line":70,"column":34},"end":{"line":79,"column":1}}},"6":{"name":"(anonymous_8)","decl":{"start":{"line":81,"column":43},"end":{"line":81,"column":48}},"loc":{"start":{"line":81,"column":48},"end":{"line":89,"column":1}}},"7":{"name":"(anonymous_9)","decl":{"start":{"line":91,"column":45},"end":{"line":91,"column":50}},"loc":{"start":{"line":91,"column":50},"end":{"line":99,"column":1}}},"8":{"name":"(anonymous_10)","decl":{"start":{"line":101,"column":27},"end":{"line":101,"column":32}},"loc":{"start":{"line":101,"column":32},"end":{"line":110,"column":1}}},"9":{"name":"(anonymous_11)","decl":{"start":{"line":112,"column":25},"end":{"line":112,"column":30}},"loc":{"start":{"line":112,"column":30},"end":{"line":121,"column":1}}},"10":{"name":"(anonymous_12)","decl":{"start":{"line":123,"column":22},"end":{"line":123,"column":27}},"loc":{"start":{"line":123,"column":27},"end":{"line":131,"column":1}}},"11":{"name":"(anonymous_13)","decl":{"start":{"line":133,"column":29},"end":{"line":133,"column":34}},"loc":{"start":{"line":133,"column":34},"end":{"line":140,"column":1}}},"12":{"name":"(anonymous_14)","decl":{"start":{"line":142,"column":23},"end":{"line":142,"column":28}},"loc":{"start":{"line":142,"column":28},"end":{"line":151,"column":1}}},"13":{"name":"(anonymous_15)","decl":{"start":{"line":153,"column":24},"end":{"line":153,"column":29}},"loc":{"start":{"line":153,"column":29},"end":{"line":164,"column":1}}},"14":{"name":"(anonymous_16)","decl":{"start":{"line":166,"column":21},"end":{"line":166,"column":26}},"loc":{"start":{"line":166,"column":26},"end":{"line":173,"column":1}}},"15":{"name":"(anonymous_17)","decl":{"start":{"line":175,"column":24},"end":{"line":175,"column":29}},"loc":{"start":{"line":175,"column":29},"end":{"line":184,"column":1}}},"16":{"name":"(anonymous_18)","decl":{"start":{"line":186,"column":21},"end":{"line":186,"column":26}},"loc":{"start":{"line":186,"column":26},"end":{"line":191,"column":1}}},"17":{"name":"(anonymous_19)","decl":{"start":{"line":193,"column":27},"end":{"line":193,"column":32}},"loc":{"start":{"line":193,"column":32},"end":{"line":201,"column":1}}},"18":{"name":"(anonymous_20)","decl":{"start":{"line":203,"column":25},"end":{"line":203,"column":30}},"loc":{"start":{"line":203,"column":30},"end":{"line":212,"column":1}}},"19":{"name":"(anonymous_21)","decl":{"start":{"line":214,"column":22},"end":{"line":214,"column":27}},"loc":{"start":{"line":214,"column":27},"end":{"line":229,"column":1}}},"20":{"name":"(anonymous_22)","decl":{"start":{"line":231,"column":33},"end":{"line":231,"column":38}},"loc":{"start":{"line":231,"column":38},"end":{"line":244,"column":1}}},"21":{"name":"(anonymous_23)","decl":{"start":{"line":246,"column":28},"end":{"line":246,"column":33}},"loc":{"start":{"line":246,"column":33},"end":{"line":256,"column":1}}},"22":{"name":"(anonymous_24)","decl":{"start":{"line":258,"column":32},"end":{"line":258,"column":37}},"loc":{"start":{"line":258,"column":37},"end":{"line":267,"column":1}}},"23":{"name":"(anonymous_25)","decl":{"start":{"line":269,"column":35},"end":{"line":269,"column":40}},"loc":{"start":{"line":269,"column":40},"end":{"line":277,"column":1}}},"24":{"name":"(anonymous_26)","decl":{"start":{"line":279,"column":20},"end":{"line":279,"column":25}},"loc":{"start":{"line":279,"column":25},"end":{"line":288,"column":1}}},"25":{"name":"(anonymous_27)","decl":{"start":{"line":290,"column":21},"end":{"line":290,"column":26}},"loc":{"start":{"line":290,"column":26},"end":{"line":299,"column":1}}},"26":{"name":"(anonymous_28)","decl":{"start":{"line":301,"column":20},"end":{"line":301,"column":25}},"loc":{"start":{"line":301,"column":25},"end":{"line":309,"column":1}}},"27":{"name":"(anonymous_29)","decl":{"start":{"line":311,"column":26},"end":{"line":311,"column":31}},"loc":{"start":{"line":311,"column":31},"end":{"line":319,"column":1}}},"28":{"name":"(anonymous_30)","decl":{"start":{"line":321,"column":22},"end":{"line":321,"column":27}},"loc":{"start":{"line":321,"column":27},"end":{"line":330,"column":1}}},"29":{"name":"(anonymous_31)","decl":{"start":{"line":332,"column":19},"end":{"line":332,"column":24}},"loc":{"start":{"line":332,"column":24},"end":{"line":341,"column":1}}},"30":{"name":"(anonymous_32)","decl":{"start":{"line":343,"column":24},"end":{"line":343,"column":29}},"loc":{"start":{"line":343,"column":29},"end":{"line":352,"column":1}}},"31":{"name":"(anonymous_33)","decl":{"start":{"line":354,"column":23},"end":{"line":354,"column":28}},"loc":{"start":{"line":354,"column":28},"end":{"line":363,"column":1}}},"32":{"name":"(anonymous_34)","decl":{"start":{"line":365,"column":25},"end":{"line":365,"column":30}},"loc":{"start":{"line":365,"column":30},"end":{"line":374,"column":1}}},"33":{"name":"(anonymous_35)","decl":{"start":{"line":376,"column":21},"end":{"line":376,"column":26}},"loc":{"start":{"line":376,"column":26},"end":{"line":391,"column":1}}},"34":{"name":"(anonymous_36)","decl":{"start":{"line":395,"column":10},"end":{"line":395,"column":16}},"loc":{"start":{"line":395,"column":10},"end":{"line":395,"column":21}}},"35":{"name":"(anonymous_37)","decl":{"start":{"line":398,"column":32},"end":{"line":398,"column":37}},"loc":{"start":{"line":398,"column":37},"end":{"line":417,"column":1}}},"36":{"name":"(anonymous_38)","decl":{"start":{"line":419,"column":27},"end":{"line":419,"column":29}},"loc":{"start":{"line":419,"column":29},"end":{"line":433,"column":1}}},"37":{"name":"(anonymous_39)","decl":{"start":{"line":435,"column":25},"end":{"line":435,"column":26}},"loc":{"start":{"line":435,"column":43},"end":{"line":445,"column":1}}}},"branchMap":{"0":{"loc":{"start":{"line":10,"column":15},"end":{"line":10,"column":26}},"type":"binary-expr","locations":[{"start":{"line":10,"column":15},"end":{"line":10,"column":26}},{"start":{"line":10,"column":30},"end":{"line":10,"column":42}}]},"1":{"loc":{"start":{"line":22,"column":15},"end":{"line":22,"column":26}},"type":"binary-expr","locations":[{"start":{"line":22,"column":15},"end":{"line":22,"column":26}},{"start":{"line":22,"column":30},"end":{"line":22,"column":42}}]},"2":{"loc":{"start":{"line":31,"column":15},"end":{"line":31,"column":26}},"type":"binary-expr","locations":[{"start":{"line":31,"column":15},"end":{"line":31,"column":26}},{"start":{"line":31,"column":30},"end":{"line":31,"column":42}}]},"3":{"loc":{"start":{"line":45,"column":15},"end":{"line":45,"column":26}},"type":"binary-expr","locations":[{"start":{"line":45,"column":15},"end":{"line":45,"column":26}},{"start":{"line":45,"column":30},"end":{"line":45,"column":42}}]},"4":{"loc":{"start":{"line":52,"column":5},"end":{"line":52,"column":15}},"type":"binary-expr","locations":[{"start":{"line":52,"column":5},"end":{"line":52,"column":15}},{"start":{"line":53,"column":5},"end":{"line":53,"column":68}}]},"5":{"loc":{"start":{"line":61,"column":15},"end":{"line":61,"column":26}},"type":"binary-expr","locations":[{"start":{"line":61,"column":15},"end":{"line":61,"column":26}},{"start":{"line":61,"column":30},"end":{"line":61,"column":42}}]},"6":{"loc":{"start":{"line":71,"column":15},"end":{"line":71,"column":26}},"type":"binary-expr","locations":[{"start":{"line":71,"column":15},"end":{"line":71,"column":26}},{"start":{"line":71,"column":30},"end":{"line":71,"column":42}}]},"7":{"loc":{"start":{"line":82,"column":15},"end":{"line":82,"column":26}},"type":"binary-expr","locations":[{"start":{"line":82,"column":15},"end":{"line":82,"column":26}},{"start":{"line":82,"column":30},"end":{"line":82,"column":42}}]},"8":{"loc":{"start":{"line":92,"column":15},"end":{"line":92,"column":26}},"type":"binary-expr","locations":[{"start":{"line":92,"column":15},"end":{"line":92,"column":26}},{"start":{"line":92,"column":30},"end":{"line":92,"column":42}}]},"9":{"loc":{"start":{"line":102,"column":15},"end":{"line":102,"column":26}},"type":"binary-expr","locations":[{"start":{"line":102,"column":15},"end":{"line":102,"column":26}},{"start":{"line":102,"column":30},"end":{"line":102,"column":42}}]},"10":{"loc":{"start":{"line":113,"column":15},"end":{"line":113,"column":26}},"type":"binary-expr","locations":[{"start":{"line":113,"column":15},"end":{"line":113,"column":26}},{"start":{"line":113,"column":30},"end":{"line":113,"column":42}}]},"11":{"loc":{"start":{"line":124,"column":15},"end":{"line":124,"column":26}},"type":"binary-expr","locations":[{"start":{"line":124,"column":15},"end":{"line":124,"column":26}},{"start":{"line":124,"column":30},"end":{"line":124,"column":42}}]},"12":{"loc":{"start":{"line":134,"column":15},"end":{"line":134,"column":26}},"type":"binary-expr","locations":[{"start":{"line":134,"column":15},"end":{"line":134,"column":26}},{"start":{"line":134,"column":30},"end":{"line":134,"column":42}}]},"13":{"loc":{"start":{"line":143,"column":15},"end":{"line":143,"column":26}},"type":"binary-expr","locations":[{"start":{"line":143,"column":15},"end":{"line":143,"column":26}},{"start":{"line":143,"column":30},"end":{"line":143,"column":42}}]},"14":{"loc":{"start":{"line":154,"column":12},"end":{"line":154,"column":20}},"type":"binary-expr","locations":[{"start":{"line":154,"column":12},"end":{"line":154,"column":20}},{"start":{"line":154,"column":24},"end":{"line":154,"column":41}}]},"15":{"loc":{"start":{"line":155,"column":15},"end":{"line":155,"column":26}},"type":"binary-expr","locations":[{"start":{"line":155,"column":15},"end":{"line":155,"column":26}},{"start":{"line":155,"column":30},"end":{"line":155,"column":42}}]},"16":{"loc":{"start":{"line":167,"column":15},"end":{"line":167,"column":26}},"type":"binary-expr","locations":[{"start":{"line":167,"column":15},"end":{"line":167,"column":26}},{"start":{"line":167,"column":30},"end":{"line":167,"column":42}}]},"17":{"loc":{"start":{"line":176,"column":15},"end":{"line":176,"column":26}},"type":"binary-expr","locations":[{"start":{"line":176,"column":15},"end":{"line":176,"column":26}},{"start":{"line":176,"column":30},"end":{"line":176,"column":42}}]},"18":{"loc":{"start":{"line":187,"column":15},"end":{"line":187,"column":26}},"type":"binary-expr","locations":[{"start":{"line":187,"column":15},"end":{"line":187,"column":26}},{"start":{"line":187,"column":30},"end":{"line":187,"column":42}}]},"19":{"loc":{"start":{"line":194,"column":15},"end":{"line":194,"column":26}},"type":"binary-expr","locations":[{"start":{"line":194,"column":15},"end":{"line":194,"column":26}},{"start":{"line":194,"column":30},"end":{"line":194,"column":42}}]},"20":{"loc":{"start":{"line":204,"column":15},"end":{"line":204,"column":26}},"type":"binary-expr","locations":[{"start":{"line":204,"column":15},"end":{"line":204,"column":26}},{"start":{"line":204,"column":30},"end":{"line":204,"column":42}}]},"21":{"loc":{"start":{"line":215,"column":15},"end":{"line":215,"column":26}},"type":"binary-expr","locations":[{"start":{"line":215,"column":15},"end":{"line":215,"column":26}},{"start":{"line":215,"column":30},"end":{"line":215,"column":42}}]},"22":{"loc":{"start":{"line":217,"column":18},"end":{"line":217,"column":32}},"type":"binary-expr","locations":[{"start":{"line":217,"column":18},"end":{"line":217,"column":32}},{"start":{"line":217,"column":36},"end":{"line":217,"column":41}}]},"23":{"loc":{"start":{"line":232,"column":15},"end":{"line":232,"column":26}},"type":"binary-expr","locations":[{"start":{"line":232,"column":15},"end":{"line":232,"column":26}},{"start":{"line":232,"column":30},"end":{"line":232,"column":42}}]},"24":{"loc":{"start":{"line":247,"column":15},"end":{"line":247,"column":26}},"type":"binary-expr","locations":[{"start":{"line":247,"column":15},"end":{"line":247,"column":26}},{"start":{"line":247,"column":30},"end":{"line":247,"column":42}}]},"25":{"loc":{"start":{"line":259,"column":15},"end":{"line":259,"column":26}},"type":"binary-expr","locations":[{"start":{"line":259,"column":15},"end":{"line":259,"column":26}},{"start":{"line":259,"column":30},"end":{"line":259,"column":42}}]},"26":{"loc":{"start":{"line":270,"column":15},"end":{"line":270,"column":26}},"type":"binary-expr","locations":[{"start":{"line":270,"column":15},"end":{"line":270,"column":26}},{"start":{"line":270,"column":30},"end":{"line":270,"column":42}}]},"27":{"loc":{"start":{"line":280,"column":15},"end":{"line":280,"column":26}},"type":"binary-expr","locations":[{"start":{"line":280,"column":15},"end":{"line":280,"column":26}},{"start":{"line":280,"column":30},"end":{"line":280,"column":42}}]},"28":{"loc":{"start":{"line":291,"column":15},"end":{"line":291,"column":26}},"type":"binary-expr","locations":[{"start":{"line":291,"column":15},"end":{"line":291,"column":26}},{"start":{"line":291,"column":30},"end":{"line":291,"column":42}}]},"29":{"loc":{"start":{"line":302,"column":15},"end":{"line":302,"column":26}},"type":"binary-expr","locations":[{"start":{"line":302,"column":15},"end":{"line":302,"column":26}},{"start":{"line":302,"column":30},"end":{"line":302,"column":42}}]},"30":{"loc":{"start":{"line":312,"column":15},"end":{"line":312,"column":26}},"type":"binary-expr","locations":[{"start":{"line":312,"column":15},"end":{"line":312,"column":26}},{"start":{"line":312,"column":30},"end":{"line":312,"column":42}}]},"31":{"loc":{"start":{"line":322,"column":15},"end":{"line":322,"column":26}},"type":"binary-expr","locations":[{"start":{"line":322,"column":15},"end":{"line":322,"column":26}},{"start":{"line":322,"column":30},"end":{"line":322,"column":42}}]},"32":{"loc":{"start":{"line":333,"column":15},"end":{"line":333,"column":26}},"type":"binary-expr","locations":[{"start":{"line":333,"column":15},"end":{"line":333,"column":26}},{"start":{"line":333,"column":30},"end":{"line":333,"column":42}}]},"33":{"loc":{"start":{"line":344,"column":15},"end":{"line":344,"column":26}},"type":"binary-expr","locations":[{"start":{"line":344,"column":15},"end":{"line":344,"column":26}},{"start":{"line":344,"column":30},"end":{"line":344,"column":42}}]},"34":{"loc":{"start":{"line":355,"column":15},"end":{"line":355,"column":26}},"type":"binary-expr","locations":[{"start":{"line":355,"column":15},"end":{"line":355,"column":26}},{"start":{"line":355,"column":30},"end":{"line":355,"column":42}}]},"35":{"loc":{"start":{"line":366,"column":15},"end":{"line":366,"column":26}},"type":"binary-expr","locations":[{"start":{"line":366,"column":15},"end":{"line":366,"column":26}},{"start":{"line":366,"column":30},"end":{"line":366,"column":42}}]},"36":{"loc":{"start":{"line":378,"column":15},"end":{"line":378,"column":26}},"type":"binary-expr","locations":[{"start":{"line":378,"column":15},"end":{"line":378,"column":26}},{"start":{"line":378,"column":30},"end":{"line":378,"column":42}}]},"37":{"loc":{"start":{"line":399,"column":15},"end":{"line":399,"column":26}},"type":"binary-expr","locations":[{"start":{"line":399,"column":15},"end":{"line":399,"column":26}},{"start":{"line":399,"column":30},"end":{"line":399,"column":42}}]},"38":{"loc":{"start":{"line":420,"column":15},"end":{"line":420,"column":29}},"type":"binary-expr","locations":[{"start":{"line":420,"column":15},"end":{"line":420,"column":29}},{"start":{"line":420,"column":33},"end":{"line":420,"column":35}}]},"39":{"loc":{"start":{"line":422,"column":1},"end":{"line":424,"column":null}},"type":"if","locations":[{"start":{"line":422,"column":1},"end":{"line":424,"column":null}},{"start":{"line":422,"column":1},"end":{"line":424,"column":null}}]},"40":{"loc":{"start":{"line":422,"column":5},"end":{"line":422,"column":12}},"type":"binary-expr","locations":[{"start":{"line":422,"column":5},"end":{"line":422,"column":12}},{"start":{"line":422,"column":16},"end":{"line":422,"column":22}}]},"41":{"loc":{"start":{"line":428,"column":13},"end":{"line":428,"column":57}},"type":"cond-expr","locations":[{"start":{"line":428,"column":13},"end":{"line":428,"column":57}},{"start":{"line":428,"column":60},"end":{"line":428,"column":64}}]},"42":{"loc":{"start":{"line":430,"column":12},"end":{"line":430,"column":54}},"type":"cond-expr","locations":[{"start":{"line":430,"column":12},"end":{"line":430,"column":54}},{"start":{"line":430,"column":57},"end":{"line":430,"column":61}}]},"43":{"loc":{"start":{"line":438,"column":1},"end":{"line":440,"column":null}},"type":"if","locations":[{"start":{"line":438,"column":1},"end":{"line":440,"column":null}},{"start":{"line":438,"column":1},"end":{"line":440,"column":null}}]}},"s":{"0":30,"1":30,"2":30,"3":30,"4":30,"5":4,"6":4,"7":4,"8":4,"9":30,"10":30,"11":8,"12":8,"13":30,"14":30,"15":6,"16":6,"17":6,"18":30,"19":30,"20":5,"21":5,"22":5,"23":5,"24":30,"25":30,"26":5,"27":5,"28":5,"29":30,"30":30,"31":5,"32":5,"33":5,"34":5,"35":30,"36":30,"37":7,"38":7,"39":7,"40":30,"41":30,"42":3,"43":3,"44":3,"45":30,"46":30,"47":8,"48":8,"49":8,"50":8,"51":30,"52":30,"53":0,"54":0,"55":0,"56":0,"57":30,"58":30,"59":2,"60":2,"61":2,"62":30,"63":30,"64":2,"65":2,"66":30,"67":30,"68":2,"69":2,"70":2,"71":2,"72":30,"73":30,"74":2,"75":2,"76":2,"77":30,"78":30,"79":2,"80":2,"81":2,"82":2,"83":30,"84":30,"85":2,"86":2,"87":2,"88":2,"89":30,"90":30,"91":8,"92":8,"93":8,"94":8,"95":30,"96":30,"97":2,"98":2,"99":2,"100":30,"101":30,"102":6,"103":6,"104":6,"105":6,"106":30,"107":30,"108":3,"109":3,"110":3,"111":3,"112":3,"113":30,"114":30,"115":0,"116":0,"117":0,"118":0,"119":30,"120":30,"121":0,"122":0,"123":0,"124":0,"125":30,"126":30,"127":0,"128":0,"129":0,"130":0,"131":30,"132":30,"133":0,"134":0,"135":0,"136":30,"137":30,"138":6,"139":6,"140":6,"141":6,"142":30,"143":30,"144":0,"145":0,"146":0,"147":0,"148":30,"149":30,"150":3,"151":3,"152":3,"153":30,"154":30,"155":6,"156":6,"157":6,"158":30,"159":30,"160":10,"161":10,"162":10,"163":10,"164":30,"165":30,"166":10,"167":10,"168":10,"169":10,"170":30,"171":30,"172":10,"173":10,"174":10,"175":10,"176":30,"177":30,"178":10,"179":10,"180":10,"181":10,"182":30,"183":30,"184":16,"185":16,"186":16,"187":16,"188":30,"189":30,"190":0,"191":0,"192":0,"193":30,"194":30,"195":0,"196":30,"197":0,"198":0,"199":0,"200":30,"201":30,"202":157,"203":314,"204":157,"205":157,"206":0,"207":30,"208":30,"209":282,"210":141,"211":141,"212":141,"213":0,"214":0,"215":0,"216":30},"f":{"0":4,"1":8,"2":6,"3":5,"4":5,"5":5,"6":7,"7":3,"8":8,"9":0,"10":2,"11":2,"12":2,"13":2,"14":2,"15":2,"16":8,"17":2,"18":6,"19":3,"20":0,"21":0,"22":0,"23":0,"24":6,"25":0,"26":3,"27":6,"28":10,"29":10,"30":10,"31":10,"32":16,"33":0,"34":0,"35":0,"36":157,"37":141},"b":{"0":[4,1],"1":[8,1],"2":[6,0],"3":[5,1],"4":[5,0],"5":[5,1],"6":[5,1],"7":[7,2],"8":[3,0],"9":[8,1],"10":[0,0],"11":[2,1],"12":[2,1],"13":[2,1],"14":[2,2],"15":[2,1],"16":[2,1],"17":[2,1],"18":[8,1],"19":[2,1],"20":[6,0],"21":[3,0],"22":[3,3],"23":[0,0],"24":[0,0],"25":[0,0],"26":[0,0],"27":[6,0],"28":[0,0],"29":[3,0],"30":[6,0],"31":[10,0],"32":[10,0],"33":[10,0],"34":[10,0],"35":[16,0],"36":[0,0],"37":[0,0],"38":[157,18],"39":[157,0],"40":[157,157],"41":[0,0],"42":[0,0],"43":[141,0]}}
,"/Users/ehhanche/programming/work/spark/amplify-ui/packages/aws-amplify-react/src/Amplify-UI/Amplify-UI-Theme.tsx": {"path":"/Users/ehhanche/programming/work/spark/amplify-ui/packages/aws-amplify-react/src/Amplify-UI/Amplify-UI-Theme.tsx","statementMap":{"0":{"start":{"line":14,"column":13},"end":{"line":14,"column":28}},"1":{"start":{"line":15,"column":13},"end":{"line":15,"column":32}},"2":{"start":{"line":16,"column":13},"end":{"line":16,"column":30}},"3":{"start":{"line":17,"column":13},"end":{"line":17,"column":28}},"4":{"start":{"line":18,"column":13},"end":{"line":18,"column":32}},"5":{"start":{"line":19,"column":13},"end":{"line":19,"column":30}},"6":{"start":{"line":20,"column":13},"end":{"line":20,"column":32}},"7":{"start":{"line":21,"column":13},"end":{"line":21,"column":46}},"8":{"start":{"line":22,"column":13},"end":{"line":22,"column":48}},"9":{"start":{"line":23,"column":13},"end":{"line":23,"column":24}},"10":{"start":{"line":24,"column":13},"end":{"line":24,"column":25}},"11":{"start":{"line":25,"column":13},"end":{"line":25,"column":36}},"12":{"start":{"line":26,"column":13},"end":{"line":26,"column":35}},"13":{"start":{"line":27,"column":13},"end":{"line":27,"column":31}},"14":{"start":{"line":28,"column":13},"end":{"line":28,"column":35}},"15":{"start":{"line":29,"column":13},"end":{"line":29,"column":38}},"16":{"start":{"line":30,"column":13},"end":{"line":30,"column":25}},"17":{"start":{"line":31,"column":13},"end":{"line":31,"column":32}},"18":{"start":{"line":32,"column":13},"end":{"line":32,"column":28}},"19":{"start":{"line":33,"column":13},"end":{"line":33,"column":26}},"20":{"start":{"line":34,"column":13},"end":{"line":34,"column":20}},"21":{"start":{"line":35,"column":13},"end":{"line":35,"column":23}},"22":{"start":{"line":36,"column":13},"end":{"line":36,"column":24}},"23":{"start":{"line":37,"column":13},"end":{"line":37,"column":24}},"24":{"start":{"line":38,"column":13},"end":{"line":38,"column":29}},"25":{"start":{"line":39,"column":13},"end":{"line":39,"column":37}},"26":{"start":{"line":40,"column":13},"end":{"line":40,"column":39}},"27":{"start":{"line":41,"column":13},"end":{"line":41,"column":37}},"28":{"start":{"line":42,"column":13},"end":{"line":42,"column":36}},"29":{"start":{"line":43,"column":13},"end":{"line":43,"column":24}},"30":{"start":{"line":44,"column":13},"end":{"line":44,"column":25}},"31":{"start":{"line":45,"column":13},"end":{"line":45,"column":27}},"32":{"start":{"line":46,"column":13},"end":{"line":46,"column":22}},"33":{"start":{"line":47,"column":13},"end":{"line":47,"column":26}},"34":{"start":{"line":48,"column":13},"end":{"line":48,"column":28}},"35":{"start":{"line":50,"column":21},"end":{"line":91,"column":2}},"36":{"start":{"line":93,"column":0},"end":{"line":93,"column":28}}},"fnMap":{},"branchMap":{},"s":{"0":30,"1":30,"2":30,"3":30,"4":30,"5":30,"6":30,"7":30,"8":30,"9":30,"10":30,"11":30,"12":30,"13":30,"14":30,"15":30,"16":30,"17":30,"18":30,"19":30,"20":30,"21":30,"22":30,"23":30,"24":30,"25":30,"26":30,"27":30,"28":30,"29":30,"30":30,"31":30,"32":30,"33":30,"34":30,"35":30,"36":30},"f":{},"b":{}}
,"/Users/ehhanche/programming/work/spark/amplify-ui/packages/aws-amplify-react/src/Amplify-UI/data-test-attributes.tsx": {"path":"/Users/ehhanche/programming/work/spark/amplify-ui/packages/aws-amplify-react/src/Amplify-UI/data-test-attributes.tsx","statementMap":{"0":{"start":{"line":2,"column":15},"end":{"line":13,"column":2}},"1":{"start":{"line":15,"column":16},"end":{"line":18,"column":2}},"2":{"start":{"line":20,"column":15},"end":{"line":33,"column":2}},"3":{"start":{"line":35,"column":22},"end":{"line":42,"column":2}},"4":{"start":{"line":44,"column":18},"end":{"line":46,"column":2}},"5":{"start":{"line":48,"column":27},"end":{"line":56,"column":2}},"6":{"start":{"line":58,"column":16},"end":{"line":60,"column":2}},"7":{"start":{"line":62,"column":18},"end":{"line":66,"column":2}},"8":{"start":{"line":69,"column":17},"end":{"line":73,"column":2}},"9":{"start":{"line":75,"column":24},"end":{"line":79,"column":2}},"10":{"start":{"line":81,"column":22},"end":{"line":90,"column":2}},"11":{"start":{"line":92,"column":22},"end":{"line":99,"column":2}},"12":{"start":{"line":101,"column":19},"end":{"line":112,"column":2}},"13":{"start":{"line":114,"column":23},"end":{"line":125,"column":2}},"14":{"start":{"line":127,"column":13},"end":{"line":137,"column":2}},"15":{"start":{"line":139,"column":13},"end":{"line":144,"column":2}},"16":{"start":{"line":146,"column":13},"end":{"line":151,"column":2}},"17":{"start":{"line":153,"column":13},"end":{"line":169,"column":2}}},"fnMap":{},"branchMap":{},"s":{"0":17,"1":17,"2":17,"3":17,"4":17,"5":17,"6":17,"7":17,"8":17,"9":17,"10":17,"11":17,"12":17,"13":17,"14":17,"15":17,"16":17,"17":17},"f":{},"b":{}}
,"/Users/ehhanche/programming/work/spark/amplify-ui/packages/aws-amplify-react/src/Analytics/trackLifecycle.tsx": {"path":"/Users/ehhanche/programming/work/spark/amplify-ui/packages/aws-amplify-react/src/Analytics/trackLifecycle.tsx","statementMap":{"0":{"start":{"line":14,"column":0},"end":{"line":14,"column":31}},"1":{"start":{"line":15,"column":0},"end":{"line":15,"column":51}},"2":{"start":{"line":17,"column":29},"end":{"line":23,"column":2}},"3":{"start":{"line":28,"column":1},"end":{"line":28,"column":null}},"4":{"start":{"line":30,"column":1},"end":{"line":30,"column":65}},"5":{"start":{"line":30,"column":41},"end":{"line":30,"column":46}},"6":{"start":{"line":35,"column":3},"end":{"line":35,"column":null}},"7":{"start":{"line":36,"column":3},"end":{"line":36,"column":34}},"8":{"start":{"line":37,"column":3},"end":{"line":37,"column":29}},"9":{"start":{"line":39,"column":3},"end":{"line":39,"column":29}},"10":{"start":{"line":42,"column":2},"end":{"line":56,"column":null}},"11":{"start":{"line":43,"column":20},"end":{"line":43,"column":67}},"12":{"start":{"line":43,"column":52},"end":{"line":43,"column":67}},"13":{"start":{"line":44,"column":3},"end":{"line":55,"column":null}},"14":{"start":{"line":45,"column":4},"end":{"line":54,"column":null}},"15":{"start":{"line":46,"column":5},"end":{"line":49,"column":8}},"16":{"start":{"line":51,"column":5},"end":{"line":53,"column":7}},"17":{"start":{"line":58,"column":2},"end":{"line":60,"column":null}},"18":{"start":{"line":59,"column":3},"end":{"line":59,"column":36}},"19":{"start":{"line":62,"column":2},"end":{"line":64,"column":null}},"20":{"start":{"line":63,"column":3},"end":{"line":63,"column":35}},"21":{"start":{"line":66,"column":2},"end":{"line":68,"column":null}},"22":{"start":{"line":67,"column":3},"end":{"line":67,"column":38}},"23":{"start":{"line":70,"column":2},"end":{"line":72,"column":null}},"24":{"start":{"line":71,"column":3},"end":{"line":71,"column":35}},"25":{"start":{"line":74,"column":2},"end":{"line":76,"column":null}},"26":{"start":{"line":75,"column":3},"end":{"line":75,"column":43}},"27":{"start":{"line":78,"column":2},"end":{"line":81,"column":null}},"28":{"start":{"line":79,"column":3},"end":{"line":79,"column":39}},"29":{"start":{"line":80,"column":3},"end":{"line":80,"column":15}},"30":{"start":{"line":83,"column":2},"end":{"line":85,"column":null}},"31":{"start":{"line":84,"column":3},"end":{"line":84,"column":37}},"32":{"start":{"line":87,"column":2},"end":{"line":89,"column":null}},"33":{"start":{"line":88,"column":3},"end":{"line":88,"column":36}},"34":{"start":{"line":91,"column":2},"end":{"line":93,"column":null}},"35":{"start":{"line":92,"column":3},"end":{"line":92,"column":26}},"36":{"start":{"line":95,"column":2},"end":{"line":97,"column":null}},"37":{"start":{"line":96,"column":3},"end":{"line":96,"column":29}},"38":{"start":{"line":99,"column":2},"end":{"line":102,"column":null}},"39":{"start":{"line":100,"column":3},"end":{"line":100,"column":24}},"40":{"start":{"line":101,"column":3},"end":{"line":101,"column":35}},"41":{"start":{"line":103,"column":1},"end":{"line":103,"column":3}},"42":{"start":{"line":25,"column":0},"end":{"line":25,"column":16}}},"fnMap":{"0":{"name":"trackLifecycle","decl":{"start":{"line":25,"column":16},"end":{"line":25,"column":30}},"loc":{"start":{"line":28,"column":30},"end":{"line":104,"column":1}}},"1":{"name":"(anonymous_9)","decl":{"start":{"line":30,"column":1},"end":{"line":30,"column":8}},"loc":{"start":{"line":30,"column":1},"end":{"line":103,"column":null}}},"2":{"name":"WithTrackLifecycle","decl":{"start":{"line":34,"column":2},"end":{"line":34,"column":14}},"loc":{"start":{"line":34,"column":19},"end":{"line":40,"column":3}}},"3":{"name":"(anonymous_11)","decl":{"start":{"line":42,"column":2},
[...]
umn":5}},"6":{"start":{"line":37,"column":3},"end":{"line":37,"column":9}},"7":{"start":{"line":39,"column":3},"end":{"line":54,"column":5}},"8":{"start":{"line":55,"column":3},"end":{"line":55,"column":9}},"9":{"start":{"line":57,"column":3},"end":{"line":73,"column":5}},"10":{"start":{"line":74,"column":3},"end":{"line":74,"column":9}},"11":{"start":{"line":76,"column":3},"end":{"line":92,"column":5}},"12":{"start":{"line":93,"column":3},"end":{"line":93,"column":9}},"13":{"start":{"line":95,"column":3},"end":{"line":111,"column":5}},"14":{"start":{"line":112,"column":3},"end":{"line":112,"column":9}},"15":{"start":{"line":114,"column":3},"end":{"line":130,"column":5}},"16":{"start":{"line":131,"column":3},"end":{"line":131,"column":9}},"17":{"start":{"line":133,"column":3},"end":{"line":133,"column":21}},"18":{"start":{"line":134,"column":3},"end":{"line":134,"column":9}},"19":{"start":{"line":137,"column":1},"end":{"line":143,"column":3}},"20":{"start":{"line":17,"column":13},"end":{"line":17,"column":26}},"21":{"start":{"line":149,"column":0},"end":{"line":149,"column":26}}},"fnMap":{"0":{"name":"(anonymous_0)","decl":{"start":{"line":17,"column":26},"end":{"line":17,"column":31}},"loc":{"start":{"line":17,"column":31},"end":{"line":144,"column":1}}}},"branchMap":{"0":{"loc":{"start":{"line":20,"column":2},"end":{"line":37,"column":9}},"type":"switch","locations":[{"start":{"line":20,"column":2},"end":{"line":37,"column":9}},{"start":{"line":38,"column":2},"end":{"line":55,"column":9}},{"start":{"line":56,"column":2},"end":{"line":74,"column":9}},{"start":{"line":75,"column":2},"end":{"line":93,"column":9}},{"start":{"line":94,"column":2},"end":{"line":112,"column":9}},{"start":{"line":113,"column":2},"end":{"line":131,"column":9}},{"start":{"line":132,"column":2},"end":{"line":134,"column":9}}]}},"s":{"0":2,"1":2,"2":2,"3":2,"4":2,"5":0,"6":0,"7":0,"8":0,"9":1,"10":1,"11":0,"12":0,"13":0,"14":0,"15":0,"16":0,"17":1,"18":1,"19":2,"20":2,"21":2},"f":{"0":2},"b":{"0":[0,0,1,0,0,0,1]}}
,"/Users/ehhanche/programming/work/spark/amplify-ui/packages/aws-amplify-react/src/XR/Loading.tsx": {"path":"/Users/ehhanche/programming/work/spark/amplify-ui/packages/aws-amplify-react/src/XR/Loading.tsx","statementMap":{"0":{"start":{"line":13,"column":0},"end":{"line":13,"column":31}},"1":{"start":{"line":14,"column":0},"end":{"line":14,"column":45}},"2":{"start":{"line":16,"column":0},"end":{"line":16,"column":67}},"3":{"start":{"line":18,"column":23},"end":{"line":76,"column":1}},"4":{"start":{"line":19,"column":1},"end":{"line":75,"column":3}},"5":{"start":{"line":18,"column":13},"end":{"line":18,"column":23}},"6":{"start":{"line":81,"column":0},"end":{"line":81,"column":23}}},"fnMap":{"0":{"name":"(anonymous_0)","decl":{"start":{"line":18,"column":23},"end":{"line":18,"column":28}},"loc":{"start":{"line":18,"column":28},"end":{"line":76,"column":1}}}},"branchMap":{"0":{"loc":{"start":{"line":56,"column":5},"end":{"line":60,"column":null}},"type":"cond-expr","locations":[{"start":{"line":56,"column":5},"end":{"line":60,"column":null}},{"start":{"line":63,"column":6},"end":{"line":70,"column":null}}]}},"s":{"0":2,"1":2,"2":2,"3":2,"4":8,"5":2,"6":2},"f":{"0":8},"b":{"0":[2,6]}}
,"/Users/ehhanche/programming/work/spark/amplify-ui/packages/aws-amplify-react/src/XR/SumerianScene.tsx": {"path":"/Users/ehhanche/programming/work/spark/amplify-ui/packages/aws-amplify-react/src/XR/SumerianScene.tsx","statementMap":{"0":{"start":{"line":13,"column":0},"end":{"line":13,"column":31}},"1":{"start":{"line":14,"column":0},"end":{"line":14,"column":37}},"2":{"start":{"line":15,"column":0},"end":{"line":15,"column":60}},"3":{"start":{"line":16,"column":0},"end":{"line":16,"column":42}},"4":{"start":{"line":17,"column":0},"end":{"line":17,"column":36}},"5":{"start":{"line":18,"column":0},"end":{"line":18,"column":45}},"6":{"start":{"line":20,"column":0},"end":{"line":20,"column":67}},"7":{"start":{"line":22,"column":31},"end":{"line":22,"column":55}},"8":{"start":{"line":23,"column":21},"end":{"line":23,"column":35}},"9":{"start":{"line":25,"column":15},"end":{"line":25,"column":42}},"10":{"start":{"line":41,"column":0},"end":{"line":41,"column":null}},"11":{"start":{"line":41,"column":35},"end":{"line":41,"column":40}},"12":{"start":{"line":46,"column":2},"end":{"line":46,"column":null}},"13":{"start":{"line":48,"column":2},"end":{"line":56,"column":4}},"14":{"start":{"line":59,"column":1},"end":{"line":63,"column":null}},"15":{"start":{"line":59,"column":1},"end":{"line":59,"column":14}},"16":{"start":{"line":60,"column":2},"end":{"line":62,"column":5}},"17":{"start":{"line":61,"column":3},"end":{"line":61,"column":33}},"18":{"start":{"line":65,"column":1},"end":{"line":84,"column":null}},"19":{"start":{"line":66,"column":2},"end":{"line":69,"column":4}},"20":{"start":{"line":70,"column":2},"end":{"line":73,"column":4}},"21":{"start":{"line":74,"column":2},"end":{"line":77,"column":4}},"22":{"start":{"line":78,"column":2},"end":{"line":81,"column":4}},"23":{"start":{"line":83,"column":2},"end":{"line":83,"column":61}},"24":{"start":{"line":86,"column":1},"end":{"line":103,"column":null}},"25":{"start":{"line":87,"column":2},"end":{"line":90,"column":4}},"26":{"start":{"line":91,"column":2},"end":{"line":94,"column":4}},"27":{"start":{"line":95,"column":2},"end":{"line":98,"column":4}},"28":{"start":{"line":99,"column":2},"end":{"line":102,"column":4}},"29":{"start":{"line":105,"column":7},"end":{"line":139,"column":null}},"30":{"start":{"line":106,"column":2},"end":{"line":106,"column":40}},"31":{"start":{"line":107,"column":8},"end":{"line":112,"column":4}},"32":{"start":{"line":109,"column":23},"end":{"line":109,"column":37}},"33":{"start":{"line":110,"column":4},"end":{"line":110,"column":34}},"34":{"start":{"line":114,"column":3},"end":{"line":114,"column":59}},"35":{"start":{"line":116,"column":9},"end":{"line":119,"column":5}},"36":{"start":{"line":120,"column":3},"end":{"line":120,"column":58}},"37":{"start":{"line":121,"column":3},"end":{"line":121,"column":38}},"38":{"start":{"line":122,"column":3},"end":{"line":122,"column":10}},"39":{"start":{"line":125,"column":2},"end":{"line":125,"column":22}},"40":{"start":{"line":127,"column":2},"end":{"line":131,"column":5}},"41":{"start":{"line":133,"column":2},"end":{"line":135,"column":4}},"42":{"start":{"line":134,"column":3},"end":{"line":134,"column":null}},"43":{"start":{"line":136,"column":2},"end":{"line":138,"column":4}},"44":{"start":{"line":137,"column":3},"end":{"line":137,"column":null}},"45":{"start":{"line":141,"column":1},"end":{"line":149,"column":null}},"46":{"start":{"line":142,"column":2},"end":{"line":145,"column":null}},"47":{"start":{"line":143,"column":3},"end":{"line":143,"column":40}},"48":{"start":{"line":144,"column":3},"end":{"line":144,"column":45}},"49":{"start":{"line":147,"column":2},"end":{"line":147,"column":43}},"50":{"start":{"line":148,"column":2},"end":{"line":148,"column":27}},"51":{"start":{"line":151,"column":1},"end":{"line":154,"column":null}},"52":{"start":{"line":152,"column":14},"end":{"line":152,"column":22}},"53":{"start":{"line":153,"column":2},"end":{"line":153,"column":66}},"54":{"start":{"line":156,"column":7},"end":{"line":159,"column":null}},"55":{"start":{"line":157,"column":8},"end":{"line":157,"column":74}},"56":{"start":{"line":158,"column":2},"end":{"line":158,"column":44}},"57":{"start":{"line":161,"column":7},"end":{"line":170,"column":null}},"58":{"start":{"line":162,"column":8},"end":{"line":162,"column":23}},"59":{"start":{"line":163,"column":2},"end":{"line":169,"column":null}},"60":{"start":{"line":164,"column":3},"end":{"line":164,"column":24}},"61":{"start":{"line":165,"column":9},"end":{"line":169,"column":null}},"62":{"start":{"line":166,"column":3},"end":{"line":166,"column":29}},"63":{"start":{"line":167,"column":9},"end":{"line":169,"column":null}},"64":{"start":{"line":168,"column":3},"end":{"line":168,"column":30}},"65":{"start":{"line":172,"column":1},"end":{"line":186,"column":null}},"66":{"start":{"line":173,"column":2},"end":{"line":182,"column":null}},"67":{"start":{"line":174,"column":3},"end":{"line":178,"column":null}},"68":{"start":{"line":175,"column":4},"end":{"line":175,"column":36}},"69":{"start":{"line":177,"column":4},"end":{"line":177,"column":37}},"70":{"start":{"line":180,"column":3},"end":{"line":180,"column":67}},"71":{"start":{"line":181,"column":3},"end":{"line":181,"column":10}},"72":{"start":{"line":183,"column":2},"end":{"line":185,"column":5}},"73":{"start":{"line":188,"column":1},"end":{"line":293,"column":null}},"74":{"start":{"line":188,"column":1},"end":{"line":188,"column":7}},"75":{"start":{"line":193,"column":2},"end":{"line":260,"column":null}},"76":{"start":{"line":194,"column":3},"end":{"line":219,"column":null}},"77":{"start":{"line":195,"column":4},"end":{"line":202,"column":6}},"78":{"start":{"line":199,"column":21},"end":{"line":199,"column":null}},"79":{"start":{"line":203,"column":10},"end":{"line":219,"column":null}},"80":{"start":{"line":204,"column":4},"end":{"line":210,"column":6}},"81":{"start":{"line":208,"column":21},"end":{"line":208,"column":null}},"82":{"start":{"line":212,"column":4},"end":{"line":218,"column":6}},"83":{"start":{"line":216,"column":21},"end":{"line":216,"column":null}},"84":{"start":{"line":221,"column":3},"end":{"line":241,"column":null}},"85":{"start":{"line":222,"column":4},"end":{"line":240,"column":null}},"86":{"start":{"line":223,"column":5},"end":{"line":223,"column":43}},"87":{"start":{"line":224,"column":5},"end":{"line":230,"column":7}},"88":{"start":{"line":228,"column":22},"end":{"line":228,"column":null}},"89":{"start":{"line":232,"column":5},"end":{"line":232,"column":45}},"90":{"start":{"line":233,"column":5},"end":{"line":239,"column":7}},"91":{"start":{"line":237,"column":22},"end":{"line":237,"column":null}},"92":{"start":{"line":243,"column":3},"end":{"line":259,"column":null}},"93":{"start":{"line":244,"column":4},"end":{"line":250,"column":6}},"94":{"start":{"line":248,"column":21},"end":{"line":248,"column":null}},"95":{"start":{"line":252,"column":4},"end":{"line":258,"column":6}},"96":{"start":{"line":256,"column":21},"end":{"line":256,"column":null}},"97":{"start":{"line":262,"column":2},"end":{"line":292,"column":4}},"98":{"start":{"line":294,"column":0},"end":{"line":294,"column":null}},"99":{"start":{"line":41,"column":13},"end":{"line":41,"column":26}},"100":{"start":{"line":299,"column":0},"end":{"line":299,"column":29}}},"fnMap":{"0":{"name":"(anonymous_19)","decl":{"start":{"line":41,"column":0},"end":{"line":41,"column":13}},"loc":{"start":{"line":41,"column":0},"end":{"line":294,"column":null}}},"1":{"name":"SumerianScene","decl":{"start":{"line":45,"column":1},"end":{"line":45,"column":13}},"loc":{"start":{"line":45,"column":18},"end":{"line":57,"column":2}}},"2":{"name":"(anonymous_21)","decl":{"start":{"line":59,"column":1},"end":{"line":59,"column":14}},"loc":{"start":{"line":59,"column":20},"end":{"line":63,"column":2}}},"3":{"name":"(anonymous_22)","decl":{"start":{"line":60,"column":21},"end":{"line":60,"column":28}},"loc":{"start":{"line":60,"column":28},"end":{"line":62,"column":3}}},"4":{"name":"(anonymous_23)","decl":{"start":{"line":65,"column":1},"end":{"line":65,"column":18}},"loc":{"start":{"line":65,"column":1},"end":{"line":84,"column":2}}},"5":{"name":"(anonymous_24)","decl":{"start":{"line":86,"column":1},"end":{"line":86,"column":21}},"loc":{"start":{"line":86,"column":1},"end":{"line":103,"column":2}}},"6":{"name":"(anonymous_25)","decl":{"start":{"line":105,"column":1},"end":{"line":105,"column":7}},"loc":{"start":{"line":105,"column":46},"end":{"line":139,"column":null}}},"7":{"name":"(anonymous_28)","decl":{"start":{"line":108,"column":21},"end":{"line":108,"column":29}},"loc":{"start":{"line":108,"column":29},"end":{"line":111,"column":4}}},"8":{"name":"(anonymous_29)","decl":{"start":{"line":133,"column":45},"end":{"line":133,"column":null}},"loc":{"start":{"line":133,"column":45},"end":{"line":134,"column":7}}},"9":{"name":"(anonymous_30)","decl":{"start":{"line":136,"column":46},"end":{"line":136,"column":null}},"loc":{"start":{"line":136,"column":46},"end":{"line":137,"column":7}}},"10":{"name":"(anonymous_31)","decl":{"start":{"line":141,"column":1},"end":{"line":141,"column":9}},"loc":{"start":{"line":141,"column":15},"end":{"line":149,"column":2}}},"11":{"name":"(anonymous_32)","decl":{"start":{"line":151,"column":1},"end":{"line":151,"column":19}},"loc":{"start":{"line":151,"column":1},"end":{"line":154,"column":2}}},"12":{"name":"(anonymous_33)","decl":{"start":{"line":156,"column":1},"end":{"line":156,"column":7}},"loc":{"start":{"line":156,"column":1},"end":{"line":159,"column":null}}},"13":{"name":"(anonymous_36)","decl":{"start":{"line":161,"column":1},"end":{"line":161,"column":7}},"loc":{"start":{"line":161,"column":1},"end":{"line":170,"column":null}}},"14":{"name":"(anonymous_39)","decl":{"start":{"line":172,"column":1},"end":{"line":172,"column":21}},"loc":{"start":{"line":172,"column":1},"end":{"line":186,"column":2}}},"15":{"name":"(anonymous_40)","decl":{"start":{"line":188,"column":1},"end":{"line":188,"column":7}},"loc":{"start":{"line":188,"column":1},"end":{"line":293,"column":2}}},"16":{"name":"(anonymous_41)","decl":{"start":{"line":199,"column":15},"end":{"line":199,"column":21}},"loc":{"start":{"line":199,"column":15},"end":{"line":199,"column":25}}},"17":{"name":"(anonymous_42)","decl":{"start":{"line":208,"column":15},"end":{"line":208,"column":21}},"loc":{"start":{"line":208,"column":15},"end":{"line":208,"column":25}}},"18":{"name":"(anonymous_43)","decl":{"start":{"line":216,"column":15},"end":{"line":216,"column":21}},"loc":{"start":{"line":216,"column":15},"end":{"line":216,"column":25}}},"19":{"name":"(anonymous_44)","decl":{"start":{"line":228,"column":16},"end":{"line":228,"column":22}},"loc":{"start":{"line":228,"column":16},"end":{"line":228,"column":26}}},"20":{"name":"(anonymous_45)","decl":{"start":{"line":237,"column":16},"end":{"line":237,"column":22}},"loc":{"start":{"line":237,"column":16},"end":{"line":237,"column":26}}},"21":{"name":"(anonymous_46)","decl":{"start":{"line":248,"column":15},"end":{"line":248,"column":21}},"loc":{"start":{"line":248,"column":15},"end":{"line":248,"column":25}}},"22":{"name":"(anonymous_47)","decl":{"start":{"line":256,"column":15},"end":{"line":256,"column":21}},"loc":{"start":{"line":256,"column":15},"end":{"line":256,"column":25}}}},"branchMap":{"0":{"loc":{"start":{"line":46,"column":2},"end":{"line":46,"column":14}},"type":"binary-expr","locations":[{"start":{"line":46,"column":2},"end":{"line":46,"column":14}},{"start":{"line":46,"column":14},"end":{"line":46,"column":null}}]},"1":{"loc":{"start":{"line":142,"column":2},"end":{"line":145,"column":null}},"type":"if","locations":[{"start":{"line":142,"column":2},"end":{"line":145,"column":null}},{"start":{"line":142,"column":2},"end":{"line":145,"column":null}}]},"2":{"loc":{"start":{"line":163,"column":2},"end":{"line":169,"column":null}},"type":"if","locations":[{"start":{"line":163,"column":2},"end":{"line":169,"column":null}},{"start":{"line":163,"column":2},"end":{"line":169,"column":null}}]},"3":{"loc":{"start":{"line":165,"column":9},"end":{"line":169,"column":null}},"type":"if","locations":[{"start":{"line":165,"column":9},"end":{"line":169,"column":null}},{"start":{"line":165,"column":9},"end":{"line":169,"column":null}}]},"4":{"loc":{"start":{"line":167,"column":9},"end":{"line":169,"column":null}},"type":"if","locations":[{"start":{"line":167,"column":9},"end":{"line":169,"column":null}},{"start":{"line":167,"column":9},"end":{"line":169,"column":null}}]},"5":{"loc":{"start":{"line":174,"column":3},"end":{"line":178,"column":null}},"type":"if","locations":[{"start":{"line":174,"column":3},"end":{"line":178,"column":null}},{"start":{"line":174,"column":3},"end":{"line":178,"column":null}}]},"6":{"loc":{"start":{"line":193,"column":2},"end":{"line":260,"column":null}},"type":"if","locations":[{"start":{"line":193,"column":2},"end":{"line":260,"column":null}},{"start":{"line":193,"column":2},"end":{"line":260,"column":null}}]},"7":{"loc":{"start":{"line":194,"column":3},"end":{"line":219,"column":null}},"type":"if","locations":[{"start":{"line":194,"column":3},"end":{"line":219,"column":null}},{"start":{"line":194,"column":3},"end":{"line":219,"column":null}}]},"8":{"loc":{"start":{"line":203,"column":10},"end":{"line":219,"column":null}},"type":"if","locations":[{"start":{"line":203,"column":10},"end":{"line":219,"column":null}},{"start":{"line":203,"column":10},"end":{"line":219,"column":null}}]},"9":{"loc":{"start":{"line":221,"column":3},"end":{"line":241,"column":null}},"type":"if","locations":[{"start":{"line":221,"column":3},"end":{"line":241,"column":null}},{"start":{"line":221,"column":3},"end":{"line":241,"column":null}}]},"10":{"loc":{"start":{"line":222,"column":4},"end":{"line":240,"column":null}},"type":"if","locations":[{"start":{"line":222,"column":4},"end":{"line":240,"column":null}},{"start":{"line":222,"column":4},"end":{"line":240,"column":null}}]},"11":{"loc":{"start":{"line":243,"column":3},"end":{"line":259,"column":null}},"type":"if","locations":[{"start":{"line":243,"column":3},"end":{"line":259,"column":null}},{"start":{"line":243,"column":3},"end":{"line":259,"column":null}}]},"12":{"loc":{"start":{"line":273,"column":6},"end":{"line":273,"column":24}},"type":"binary-expr","locations":[{"start":{"line":273,"column":6},"end":{"line":273,"column":24}},{"start":{"line":274,"column":6},"end":{"line":277,"column":null}}]}},"s":{"0":1,"1":1,"2":1,"3":1,"4":1,"5":1,"6":1,"7":1,"8":1,"9":1,"10":1,"11":1,"12":3,"13":3,"14":1,"15":6,"16":6,"17":6,"18":1,"19":3,"20":3,"21":3,"22":3,"23":3,"24":1,"25":0,"26":0,"27":0,"28":0,"29":1,"30":3,"31":3,"32":0,"33":0,"34":6,"35":3,"36":3,"37":3,"38":3,"39":0,"40":0,"41":0,"42":0,"43":0,"44":0,"45":1,"46":0,"47":0,"48":0,"49":0,"50":0,"51":1,"52":0,"53":0,"54":1,"55":0,"56":0,"57":1,"58":0,"59":0,"60":0,"61":0,"62":0,"63":0,"64":0,"65":1,"66":0,"67":0,"68":0,"69":0,"70":0,"71":0,"72":0,"73":1,"74":9,"75":9,"76":0,"77":0,"78":0,"79":0,"80":0,"81":0,"82":0,"83":0,"84":0,"85":0,"86":0,"87":0,"88":0,"89":0,"90":0,"91":0,"92":0,"93":0,"94":0,"95":0,"96":0,"97":9,"98":1,"99":1,"100":1},"f":{"0":1,"1":3,"2":6,"3":6,"4":3,"5":0,"6":3,"7":0,"8":0,"9":0,"10":0,"11":0,"12":0,"13":0,"14":0,"15":9,"16":0,"17":0,"18":0,"19":0,"20":0,"21":0,"22":0},"b":{"0":[3,3],"1":[0,0],"2":[0,0],"3":[0,0],"4":[0,0],"5":[0,0],"6":[0,9],"7":[0,0],"8":[0,0],"9":[0,0],"10":[0,0],"11":[0,0],"12":[9,9]}}
,"/Users/ehhanche/programming/work/spark/amplify-ui/packages/aws-amplify-react/src/XR/Tooltip.tsx": {"path":"/Users/ehhanche/programming/work/spark/amplify-ui/packages/aws-amplify-react/src/XR/Tooltip.tsx","statementMap":{"0":{"start":{"line":13,"column":0},"end":{"line":13,"column":31}},"1":{"start":{"line":14,"column":0},"end":{"line":14,"column":59}},"2":{"start":{"line":16,"column":23},"end":{"line":28,"column":1}},"3":{"start":{"line":17,"column":15},"end":{"line":17,"column":27}},"4":{"start":{"line":19,"column":1},"end":{"line":21,"column":null}},"5":{"start":{"line":20,"column":2},"end":{"line":20,"column":44}},"6":{"start":{"line":23,"column":1},"end":{"line":27,"column":3}},"7":{"start":{"line":16,"column":13},"end":{"line":16,"column":23}},"8":{"start":{"line":33,"column":0},"end":{"line":33,"column":23}}},"fnMap":{"0":{"name":"(anonymous_0)","decl":{"start":{"line":16,"column":23},"end":{"line":16,"column":28}},"loc":{"start":{"line":16,"column":28},"end":{"line":28,"column":1}}}},"branchMap":{"0":{"loc":{"start":{"line":19,"column":1},"end":{"line":21,"column":null}},"type":"if","locations":[{"start":{"line":19,"column":1},"end":{"line":21,"column":null}},{"start":{"line":19,"column":1},"end":{"line":21,"column":null}}]}},"s":{"0":3,"1":3,"2":3,"3":4,"4":4,"5":0,"6":4,"7":3,"8":3},"f":{"0":4},"b":{"0":[0,4]}}
}
