TN:
SF:/Users/ehhanche/programming/work/spark/amplify-ui/packages/aws-amplify-react/src/AmplifyMessageMap.tsx
FN:28,AmplifyMessageMap
FN:30,(anonymous_1)
FNF:2
FNH:2
FNDA:4,AmplifyMessageMap
FNDA:20,(anonymous_1)
DA:14,3
DA:16,3
DA:28,3
DA:30,20
DA:31,4
DA:32,2
DA:35,2
DA:36,2
DA:38,2
LF:9
LH:9
BRDA:31,0,0,2
BRDA:31,0,1,2
BRDA:36,1,0,1
BRDA:36,1,1,1
BRF:4
BRH:4
end_of_record
TN:
SF:/Users/ehhanche/programming/work/spark/amplify-ui/packages/aws-amplify-react/src/AmplifyTheme.tsx
FNF:0
FNH:0
DA:13,18
DA:32,18
DA:38,18
DA:42,18
DA:46,18
DA:52,18
DA:74,18
DA:78,18
DA:88,18
DA:97,18
DA:108,18
DA:117,18
DA:121,18
DA:125,18
DA:129,18
DA:146,18
DA:167,18
DA:190,18
DA:195,18
DA:200,18
DA:220,18
DA:225,18
DA:230,18
DA:235,18
DA:240,18
DA:245,18
DA:250,18
DA:255,18
DA:260,18
DA:265,18
DA:270,18
DA:275,18
DA:280,18
DA:284,18
DA:331,18
LF:35
LH:35
BRF:0
BRH:0
end_of_record
TN:
SF:/Users/ehhanche/programming/work/spark/amplify-ui/packages/aws-amplify-react/src/AmplifyUI.tsx
FN:20,(anonymous_2)
FN:31,(anonymous_3)
FN:41,(anonymous_4)
FN:55,(anonymous_5)
FN:66,(anonymous_6)
FN:76,(anonymous_7)
FN:89,(anonymous_8)
FN:99,(anonymous_9)
FN:110,(anonymous_10)
FN:120,(anonymous_11)
FN:131,(anonymous_12)
FN:142,(anonymous_13)
FN:153,(anonymous_14)
FN:164,(anonymous_15)
FN:177,(anonymous_16)
FN:186,(anonymous_17)
FN:199,(anonymous_18)
FN:208,(anonymous_19)
FN:217,(anonymous_20)
FN:226,(anonymous_21)
FN:235,(anonymous_22)
FN:246,(anonymous_23)
FN:255,(anonymous_24)
FN:267,(anonymous_25)
FN:278,(anonymous_26)
FN:289,(anonymous_27)
FN:300,(anonymous_28)
FN:311,(anonymous_29)
FN:322,(anonymous_30)
FN:333,(anonymous_31)
FN:344,(anonymous_32)
FN:357,(anonymous_33)
FN:373,(anonymous_34)
FNF:33
FNH:31
FNDA:2,(anonymous_2)
FNDA:2,(anonymous_3)
FNDA:2,(anonymous_4)
FNDA:2,(anonymous_5)
FNDA:0,(anonymous_6)
FNDA:2,(anonymous_7)
FNDA:2,(anonymous_8)
FNDA:2,(anonymous_9)
FNDA:2,(anonymous_10)
FNDA:2,(anonymous_11)
FNDA:2,(anonymous_12)
FNDA:2,(anonymous_13)
FNDA:2,(anonymous_14)
FNDA:2,(anonymous_15)
FNDA:2,(anonymous_16)
FNDA:2,(anonymous_17)
FNDA:2,(anonymous_18)
FNDA:2,(anonymous_19)
FNDA:0,(anonymous_20)
FNDA:2,(anonymous_21)
FNDA:2,(anonymous_22)
FNDA:2,(anonymous_23)
FNDA:2,(anonymous_24)
FNDA:2,(anonymous_25)
FNDA:2,(anonymous_26)
FNDA:2,(anonymous_27)
FNDA:2,(anonymous_28)
FNDA:2,(anonymous_29)
FNDA:2,(anonymous_30)
FNDA:2,(anonymous_31)
FNDA:2,(anonymous_32)
FNDA:54,(anonymous_33)
FNDA:48,(anonymous_34)
DA:14,3
DA:16,3
DA:18,3
DA:20,3
DA:21,2
DA:22,2
DA:23,2
DA:24,2
DA:31,3
DA:32,2
DA:33,2
DA:34,2
DA:41,3
DA:42,2
DA:43,2
DA:44,2
DA:55,3
DA:56,2
DA:57,2
DA:58,2
DA:59,2
DA:66,3
DA:67,0
DA:68,0
DA:69,0
DA:76,3
DA:77,2
DA:78,2
DA:79,2
DA:80,2
DA:89,3
DA:90,2
DA:91,2
DA:92,2
DA:99,3
DA:100,2
DA:101,2
DA:102,2
DA:103,2
DA:110,3
DA:111,2
DA:112,2
DA:113,2
DA:120,3
DA:121,2
DA:122,2
DA:123,2
DA:124,2
DA:131,3
DA:132,2
DA:133,2
DA:134,2
DA:135,2
DA:142,3
DA:143,2
DA:144,2
DA:145,2
DA:146,2
DA:153,3
DA:154,2
DA:155,2
DA:156,2
DA:157,2
DA:164,3
DA:165,2
DA:166,2
DA:167,2
DA:177,3
DA:178,2
DA:179,2
DA:180,2
DA:181,2
DA:186,3
DA:187,2
DA:188,2
DA:189,2
DA:199,3
DA:200,2
DA:201,2
DA:202,2
DA:203,2
DA:208,3
DA:209,2
DA:210,2
DA:217,3
DA:218,0
DA:219,0
DA:226,3
DA:227,2
DA:228,2
DA:235,3
DA:236,2
DA:237,2
DA:238,2
DA:239,2
DA:246,3
DA:247,2
DA:248,2
DA:255,3
DA:256,2
DA:257,2
DA:258,2
DA:260,2
DA:267,3
DA:268,2
DA:269,2
DA:270,2
DA:271,2
DA:278,3
DA:279,2
DA:280,2
DA:281,2
DA:282,2
DA:289,3
DA:290,2
DA:291,2
DA:292,2
DA:293,2
DA:300,3
DA:301,2
DA:302,2
DA:303,2
DA:304,2
DA:311,3
DA:312,2
DA:313,2
DA:314,2
DA:315,2
DA:322,3
DA:323,2
DA:324,2
DA:325,2
DA:326,2
DA:333,3
DA:334,2
DA:335,2
DA:336,2
DA:337,2
DA:344,3
DA:345,2
DA:346,2
DA:347,2
DA:348,2
DA:357,3
DA:358,54
DA:359,108
DA:360,54
DA:361,54
DA:364,0
DA:373,3
DA:374,96
DA:375,48
DA:376,48
DA:377,48
DA:380,0
DA:381,0
DA:382,0
DA:385,3
DA:388,3
LF:159
LH:150
BRDA:21,0,0,2
BRDA:21,0,1,1
BRDA:32,1,0,2
BRDA:32,1,1,1
BRDA:42,2,0,2
BRDA:42,2,1,1
BRDA:56,3,0,2
BRDA:56,3,1,1
BRDA:67,4,0,0
BRDA:67,4,1,0
BRDA:77,5,0,2
BRDA:77,5,1,1
BRDA:90,6,0,2
BRDA:90,6,1,1
BRDA:100,7,0,2
BRDA:100,7,1,1
BRDA:111,8,0,2
BRDA:111,8,1,1
BRDA:121,9,0,2
BRDA:121,9,1,1
BRDA:132,10,0,2
BRDA:132,10,1,1
BRDA:143,11,0,2
BRDA:143,11,1,1
BRDA:154,12,0,2
BRDA:154,12,1,1
BRDA:165,13,0,2
BRDA:165,13,1,2
BRDA:166,14,0,2
BRDA:166,14,1,1
BRDA:178,15,0,2
BRDA:178,15,1,1
BRDA:187,16,0,2
BRDA:187,16,1,2
BRDA:188,17,0,2
BRDA:188,17,1,1
BRDA:200,18,0,2
BRDA:200,18,1,1
BRDA:209,19,0,2
BRDA:209,19,1,1
BRDA:218,20,0,0
BRDA:218,20,1,0
BRDA:227,21,0,2
BRDA:227,21,1,1
BRDA:236,22,0,2
BRDA:236,22,1,1
BRDA:247,23,0,2
BRDA:247,23,1,1
BRDA:256,24,0,2
BRDA:256,24,1,1
BRDA:268,25,0,2
BRDA:268,25,1,1
BRDA:279,26,0,2
BRDA:279,26,1,1
BRDA:290,27,0,2
BRDA:290,27,1,1
BRDA:301,28,0,2
BRDA:301,28,1,1
BRDA:312,29,0,2
BRDA:312,29,1,1
BRDA:323,30,0,2
BRDA:323,30,1,1
BRDA:334,31,0,2
BRDA:334,31,1,1
BRDA:345,32,0,2
BRDA:345,32,1,1
BRDA:358,33,0,54
BRDA:358,33,1,5
BRDA:360,34,0,54
BRDA:360,34,1,0
BRDA:360,35,0,54
BRDA:360,35,1,54
BRDA:366,36,0,0
BRDA:366,36,1,0
BRDA:368,37,0,0
BRDA:368,37,1,0
BRDA:376,38,0,48
BRDA:376,38,1,0
BRF:78
BRH:68
end_of_record
TN:
SF:/Users/ehhanche/programming/work/spark/amplify-ui/packages/aws-amplify-react/src/Amplify-UI/Amplify-UI-Components-React.tsx
FN:9,(anonymous_2)
FN:21,(anonymous_3)
FN:30,(anonymous_4)
FN:44,(anonymous_5)
FN:60,(anonymous_6)
FN:70,(anonymous_7)
FN:81,(anonymous_8)
FN:91,(anonymous_9)
FN:101,(anonymous_10)
FN:112,(anonymous_11)
FN:123,(anonymous_12)
FN:133,(anonymous_13)
FN:142,(anonymous_14)
FN:153,(anonymous_15)
FN:166,(anonymous_16)
FN:175,(anonymous_17)
FN:186,(anonymous_18)
FN:193,(anonymous_19)
FN:203,(anonymous_20)
FN:214,(anonymous_21)
FN:231,(anonymous_22)
FN:246,(anonymous_23)
FN:258,(anonymous_24)
FN:269,(anonymous_25)
FN:279,(anonymous_26)
FN:290,(anonymous_27)
FN:301,(anonymous_28)
FN:311,(anonymous_29)
FN:321,(anonymous_30)
FN:332,(anonymous_31)
FN:343,(anonymous_32)
FN:354,(anonymous_33)
FN:365,(anonymous_34)
FN:376,(anonymous_35)
FN:395,(anonymous_36)
FN:398,(anonymous_37)
FN:419,(anonymous_38)
FN:435,(anonymous_39)
FNF:38
FNH:29
FNDA:4,(anonymous_2)
FNDA:8,(anonymous_3)
FNDA:6,(anonymous_4)
FNDA:5,(anonymous_5)
FNDA:5,(anonymous_6)
FNDA:5,(anonymous_7)
FNDA:7,(anonymous_8)
FNDA:3,(anonymous_9)
FNDA:8,(anonymous_10)
FNDA:0,(anonymous_11)
FNDA:2,(anonymous_12)
FNDA:2,(anonymous_13)
FNDA:2,(anonymous_14)
FNDA:2,(anonymous_15)
FNDA:2,(anonymous_16)
FNDA:2,(anonymous_17)
FNDA:8,(anonymous_18)
FNDA:2,(anonymous_19)
FNDA:6,(anonymous_20)
FNDA:3,(anonymous_21)
FNDA:0,(anonymous_22)
FNDA:0,(anonymous_23)
FNDA:0,(anonymous_24)
FNDA:0,(anonymous_25)
FNDA:6,(anonymous_26)
FNDA:0,(anonymous_27)
FNDA:3,(anonymous_28)
FNDA:6,(anonymous_29)
FNDA:10,(anonymous_30)
FNDA:10,(anonymous_31)
FNDA:10,(anonymous_32)
FNDA:10,(anonymous_33)
FNDA:16,(anonymous_34)
FNDA:0,(anonymous_35)
FNDA:0,(anonymous_36)
FNDA:0,(anonymous_37)
FNDA:157,(anonymous_38)
FNDA:141,(anonymous_39)
DA:1,30
DA:3,30
DA:5,30
DA:7,30
DA:9,30
DA:10,4
DA:11,4
DA:12,4
DA:14,4
DA:21,30
DA:22,8
DA:23,8
DA:30,30
DA:31,6
DA:32,6
DA:33,6
DA:44,30
DA:45,5
DA:46,5
DA:47,5
DA:48,5
DA:60,30
DA:61,5
DA:62,5
DA:63,5
DA:70,30
DA:71,5
DA:72,5
DA:73,5
DA:74,5
DA:81,30
DA:82,7
DA:83,7
DA:84,7
DA:91,30
DA:92,3
DA:93,3
DA:94,3
DA:101,30
DA:102,8
DA:103,8
DA:104,8
DA:105,8
DA:112,30
DA:113,0
DA:114,0
DA:115,0
DA:116,0
DA:123,30
DA:124,2
DA:125,2
DA:126,2
DA:133,30
DA:134,2
DA:135,2
DA:142,30
DA:143,2
DA:144,2
DA:145,2
DA:146,2
DA:153,30
DA:154,2
DA:155,2
DA:156,2
DA:166,30
DA:167,2
DA:168,2
DA:169,2
DA:170,2
DA:175,30
DA:176,2
DA:177,2
DA:178,2
DA:179,2
DA:186,30
DA:187,8
DA:188,8
DA:189,8
DA:190,8
DA:193,30
DA:194,2
DA:195,2
DA:196,2
DA:203,30
DA:204,6
DA:205,6
DA:206,6
DA:207,6
DA:214,30
DA:215,3
DA:216,3
DA:217,3
DA:218,3
DA:219,3
DA:231,30
DA:232,0
DA:233,0
DA:234,0
DA:235,0
DA:246,30
DA:247,0
DA:248,0
DA:249,0
DA:251,0
DA:258,30
DA:259,0
DA:260,0
DA:261,0
DA:262,0
DA:269,30
DA:270,0
DA:271,0
DA:272,0
DA:279,30
DA:280,6
DA:281,6
DA:282,6
DA:283,6
DA:290,30
DA:291,0
DA:292,0
DA:293,0
DA:294,0
DA:301,30
DA:302,3
DA:303,3
DA:304,3
DA:311,30
DA:312,6
DA:313,6
DA:314,6
DA:321,30
DA:322,10
DA:323,10
DA:324,10
DA:325,10
DA:332,30
DA:333,10
DA:334,10
DA:335,10
DA:336,10
DA:343,30
DA:344,10
DA:345,10
DA:346,10
DA:347,10
DA:354,30
DA:355,10
DA:356,10
DA:357,10
DA:358,10
DA:365,30
DA:366,16
DA:367,16
DA:368,16
DA:369,16
DA:376,30
DA:377,0
DA:378,0
DA:380,0
DA:394,30
DA:395,0
DA:398,30
DA:399,0
DA:400,0
DA:401,0
DA:419,30
DA:420,157
DA:421,314
DA:422,157
DA:423,157
DA:426,0
DA:435,30
DA:436,282
DA:437,141
DA:438,141
DA:439,141
DA:442,0
DA:443,0
DA:444,0
LF:180
LH:146
BRDA:10,0,0,4
BRDA:10,0,1,1
BRDA:22,1,0,8
BRDA:22,1,1,1
BRDA:31,2,0,6
BRDA:31,2,1,0
BRDA:45,3,0,5
BRDA:45,3,1,1
BRDA:52,4,0,5
BRDA:52,4,1,0
BRDA:61,5,0,5
BRDA:61,5,1,1
BRDA:71,6,0,5
BRDA:71,6,1,1
BRDA:82,7,0,7
BRDA:82,7,1,2
BRDA:92,8,0,3
BRDA:92,8,1,0
BRDA:102,9,0,8
BRDA:102,9,1,1
BRDA:113,10,0,0
BRDA:113,10,1,0
BRDA:124,11,0,2
BRDA:124,11,1,1
BRDA:134,12,0,2
BRDA:134,12,1,1
BRDA:143,13,0,2
BRDA:143,13,1,1
BRDA:154,14,0,2
BRDA:154,14,1,2
BRDA:155,15,0,2
BRDA:155,15,1,1
BRDA:167,16,0,2
BRDA:167,16,1,1
BRDA:176,17,0,2
BRDA:176,17,1,1
BRDA:187,18,0,8
BRDA:187,18,1,1
BRDA:194,19,0,2
BRDA:194,19,1,1
BRDA:204,20,0,6
BRDA:204,20,1,0
BRDA:215,21,0,3
BRDA:215,21,1,0
BRDA:217,22,0,3
BRDA:217,22,1,3
BRDA:232,23,0,0
BRDA:232,23,1,0
BRDA:247,24,0,0
BRDA:247,24,1,0
BRDA:259,25,0,0
BRDA:259,25,1,0
BRDA:270,26,0,0
BRDA:270,26,1,0
BRDA:280,27,0,6
BRDA:280,27,1,0
BRDA:291,28,0,0
BRDA:291,28,1,0
BRDA:302,29,0,3
BRDA:302,29,1,0
BRDA:312,30,0,6
BRDA:312,30,1,0
BRDA:322,31,0,10
BRDA:322,31,1,0
BRDA:333,32,0,10
BRDA:333,32,1,0
BRDA:344,33,0,10
BRDA:344,33,1,0
BRDA:355,34,0,10
BRDA:355,34,1,0
BRDA:366,35,0,16
BRDA:366,35,1,0
BRDA:378,36,0,0
BRDA:378,36,1,0
BRDA:399,37,0,0
BRDA:399,37,1,0
BRDA:420,38,0,157
BRDA:420,38,1,18
BRDA:422,39,0,157
BRDA:422,39,1,0
BRDA:422,40,0,157
BRDA:422,40,1,157
BRDA:428,41,0,0
BRDA:428,41,1,0
BRDA:430,42,0,0
BRDA:430,42,1,0
BRDA:438,43,0,141
BRDA:438,43,1,0
BRF:88
BRH:53
end_of_record
TN:
SF:/Users/ehhanche/programming/work/spark/amplify-ui/packages/aws-amplify-react/src/Amplify-UI/Amplify-UI-Theme.tsx
FNF:0
FNH:0
DA:14,30
DA:15,30
DA:16,30
DA:17,30
DA:18,30
DA:19,30
DA:20,30
DA:21,30
DA:22,30
DA:23,30
DA:24,30
DA:25,30
DA:26,30
DA:27,30
DA:28,30
DA:29,30
DA:30,30
DA:31,30
DA:32,30
DA:33,30
DA:34,30
DA:35,30
DA:36,30
DA:37,30
DA:38,30
DA:39,30
DA:40,30
DA:41,30
DA:42,30
DA:43,30
DA:44,30
DA:45,30
DA:46,30
DA:47,30
DA:48,30
DA:50,30
DA:93,30
LF:37
LH:37
BRF:0
BRH:0
end_of_record
TN:
SF:/Users/ehhanche/programming/work/spark/amplify-ui/packages/aws-amplify-react/src/Amplify-UI/data-test-attributes.tsx
FNF:0
FNH:0
DA:2,17
DA:15,17
DA:20,17
DA:35,17
DA:44,17
DA:48,17
DA:58,17
DA:62,17
DA:69,17
DA:75,17
DA:81,17
DA:92,17
DA:101,17
DA:114,17
DA:127,17
DA:139,17
DA:146,17
DA:153,17
LF:18
LH:18
BRF:0
BRH:0
end_of_record
TN:
SF:/Users/ehhanche/programming/work/spark/amplify-ui/packages/aws-amplify-react/src/Analytics/trackLifecycle.tsx
FN:25,trackLifecycle
FN:30,(anonymous_9)
FN:34,WithTrackLifecycle
FN:42,(anonymous_11)
FN:43,(anonymous_12)
FN:58,(anonymous_13)
FN:62,(anonymous_14)
FN:66,(anonymous_15)
FN:70,(anonymous_16)
FN:74,(anonymous_17)
FN:78,(anonymous_18)
FN:83,(anonymous_19)
FN:87,(anonymous_20)
FN:91,(anonymous_21)
FN:95,(anonymous_22)
FN:99,(anonymous_23)
FNF:16
FNH:9
FNDA:4,trackLifecycle
FNDA:4,(anonymous_9)
FNDA:4,WithTrackLifecycle
FNDA:18,(anonymous_11)
FNDA:90,(anonymous_12)
FNDA:4,(anonymous_13)
FNDA:4,(anonymous_14)
FNDA:2,(anonymous_15)
FNDA:0,(anonymous_16)
FNDA:0,(anonymous_17)
FNDA:0,(anonymous_18)
FNDA:0,(anonymous_19)
FNDA:0,(anonymous_20)
FNDA:0,(anonymous_21)
FNDA:0,(anonymous_22)
FNDA:4,(anonymous_23)
DA:14,1
DA:15,1
DA:17,1
DA:25,1
DA:28,8
DA:30,4
DA:35,4
DA:36,4
DA:37,4
DA:39,4
DA:42,4
DA:43,90
DA:44,18
DA:45,8
DA:46,8
DA:51,0
DA:58,4
DA:59,4
DA:62,4
DA:63,4
DA:66,4
DA:67,2
DA:70,4
DA:71,0
DA:74,4
DA:75,0
DA:78,4
DA:79,0
DA:80,0
DA:83,4
DA:84,0
DA:87,4
DA:88,0
DA:91,4
DA:92,0
DA:95,4
DA:96,0
DA:99,4
DA:100,4
DA:101,4
DA:103,4
LF:41
LH:32
BRDA:28,0,0,4
BRDA:28,0,1,0
BRDA:35,1,0,4
BRDA:35,1,1,4
BRDA:44,2,0,8
BRDA:44,2,1,10
BRDA:45,3,0,8
BRDA:45,3,1,0
BRDA:45,4,0,8
BRDA:45,4,1,8
BRF:10
BRH:8
end_of_record
TN:
SF:/Users/ehhanche/programming/work/spark/amplify-ui/packages/aws-amplify-react/src/Auth/AuthPiece.tsx
FN:48,(anonymous_6)
FN:57,AuthPiece
FN:73,(anonymous_8)
FN:85,(anonymous_9)
FN:97,(anonymous_10)
FN:101,(anonymous_11)
FN:144,(anonymous_12)
FN:152,(anonymous_13)
FN:169,(anonymous_14)
FN:176,(anonymous_15)
FN:183,(anonymous_16)
FN:194,(anonymous_17)
FN:201,(anonymous_18)
FN:209,(anonymous_19)
FN:226,(anonymous_20)
FNF:15
FNH:14
FNDA:13,(anonymous_6)
FNDA:166,AuthPiece
FNDA:127,(anonymous_8)
FNDA:8,(anonymous_9)
FNDA:6,(anonymous_10)
FNDA:28,(anonymous_11)
FNDA:56,(anonymous_12)
FNDA:6,(anonymous_13)
FNDA:8,(anonymous_14)
FNDA:27,(anonymous_15)
FNDA:22,(anonymous_16)
FNDA:6,(anonymous_17)
FNDA:43,(anonymous_18)
FNDA:302,(anonymous_19)
FNDA:0,(anonymous_20)
DA:14,13
DA:15,13
DA:16,13
DA:21,13
DA:22,13
DA:23,13
DA:24,13
DA:26,13
DA:48,13
DA:51,13
DA:58,166
DA:60,166
DA:62,166
DA:63,166
DA:64,166
DA:65,166
DA:66,166
DA:67,166
DA:68,166
DA:69,166
DA:70,166
DA:73,13
DA:74,127
DA:75,0
DA:76,0
DA:77,0
DA:80,0
DA:85,13
DA:86,8
DA:87,8
DA:89,0
DA:91,0
DA:93,8
DA:97,13
DA:98,6
DA:101,13
DA:102,28
DA:103,28
DA:104,0
DA:119,28
DA:120,0
DA:124,28
DA:144,13
DA:145,56
DA:146,56
DA:152,13
DA:153,6
DA:154,6
DA:155,3
DA:158,3
DA:159,3
DA:161,2
DA:163,1
DA:166,3
DA:169,13
DA:170,8
DA:171,5
DA:173,3
DA:176,13
DA:177,27
DA:178,27
DA:179,1
DA:183,13
DA:184,22
DA:185,1
DA:188,22
DA:194,13
DA:195,6
DA:201,13
DA:202,43
DA:203,43
DA:204,43
DA:205,43
DA:206,43
DA:209,13
DA:210,302
DA:211,203
DA:212,203
DA:213,203
DA:216,99
DA:217,65
DA:218,65
DA:219,65
DA:221,99
DA:223,99
DA:226,13
DA:227,0
DA:229,13
DA:234,13
LF:89
LH:80
BRDA:58,0,0,166
BRDA:58,0,1,166
BRDA:74,1,0,0
BRDA:74,1,1,127
BRDA:74,2,0,127
BRDA:74,2,1,127
BRDA:74,2,2,127
BRDA:75,3,0,0
BRDA:75,3,1,0
BRDA:75,4,0,0
BRDA:75,4,1,0
BRDA:78,5,0,0
BRDA:78,5,1,0
BRDA:86,6,0,8
BRDA:86,6,1,0
BRDA:88,7,0,0
BRDA:88,7,1,0
BRDA:88,7,2,8
BRDA:93,8,0,8
BRDA:93,8,1,2
BRDA:102,9,0,28
BRDA:102,9,1,0
BRDA:103,10,0,0
BRDA:103,10,1,28
BRDA:119,11,0,0
BRDA:119,11,1,28
BRDA:145,12,0,56
BRDA:145,12,1,0
BRDA:147,13,0,56
BRDA:147,13,1,0
BRDA:154,14,0,3
BRDA:154,14,1,3
BRDA:159,15,0,2
BRDA:159,15,1,1
BRDA:161,16,0,1
BRDA:161,16,1,1
BRDA:170,17,0,5
BRDA:170,17,1,3
BRDA:173,18,0,2
BRDA:173,18,1,1
BRDA:178,19,0,1
BRDA:178,19,1,26
BRDA:184,20,0,1
BRDA:184,20,1,21
BRDA:202,21,0,43
BRDA:202,21,1,0
BRDA:205,22,0,1
BRDA:205,22,1,42
BRDA:206,23,0,1
BRDA:206,23,1,42
BRDA:210,24,0,203
BRDA:210,24,1,99
BRDA:216,25,0,65
BRDA:216,25,1,34
BRDA:219,26,0,0
BRDA:219,26,1,65
BRDA:223,27,0,99
BRDA:223,27,1,10
BRF:58
BRH:41
end_of_record
TN:
SF:/Users/ehhanche/programming/work/spark/amplify-ui/packages/aws-amplify-react/src/Auth/Authenticator.tsx
FN:45,(anonymous_6)
FN:69,(anonymous_7)
FN:76,Authenticator
FN:88,(anonymous_9)
FN:107,(anonymous_10)
FN:110,(anonymous_11)
FN:117,(anonymous_12)
FN:123,(anonymous_13)
FN:136,(anonymous_14)
FN:137,(anonymous_15)
FN:143,(anonymous_16)
FN:149,(anonymous_17)
FN:159,(anonymous_18)
FN:185,(anonymous_19)
FN:213,(anonymous_20)
FN:221,(anonymous_21)
FN:279,(anonymous_22)
FN:282,(anonymous_23)
FN:282,(anonymous_24)
FN:287,(anonymous_25)
FN:305,(anonymous_26)
FN:330,(anonymous_27)
FNF:22
FNH:14
FNDA:2,(anonymous_6)
FNDA:2,(anonymous_7)
FNDA:7,Authenticator
FNDA:7,(anonymous_9)
FNDA:0,(anonymous_10)
FNDA:8,(anonymous_11)
FNDA:1,(anonymous_12)
FNDA:7,(anonymous_13)
FNDA:7,(anonymous_14)
FNDA:0,(anonymous_15)
FNDA:0,(anonymous_16)
FNDA:0,(anonymous_17)
FNDA:4,(anonymous_18)
FNDA:12,(anonymous_19)
FNDA:0,(anonymous_20)
FNDA:18,(anonymous_21)
FNDA:3,(anonymous_22)
FNDA:0,(anonymous_23)
FNDA:0,(anonymous_24)
FNDA:3,(anonymous_25)
FNDA:180,(anonymous_26)
FNDA:0,(anonymous_27)
DA:14,2
DA:15,2
DA:22,2
DA:23,2
DA:24,2
DA:25,2
DA:26,2
DA:27,2
DA:28,2
DA:29,2
DA:30,2
DA:31,2
DA:32,2
DA:33,2
DA:35,2
DA:36,2
DA:38,2
DA:39,2
DA:42,2
DA:43,2
DA:45,2
DA:69,2
DA:77,7
DA:79,7
DA:80,7
DA:81,7
DA:83,7
DA:84,7
DA:85,7
DA:88,2
DA:89,7
DA:90,7
DA:91,0
DA:93,7
DA:100,7
DA:103,7
DA:104,7
DA:107,2
DA:108,0
DA:110,8
DA:111,8
DA:112,0
DA:116,8
DA:118,1
DA:119,0
DA:121,1
DA:124,7
DA:125,0
DA:127,7
DA:128,7
DA:129,7
DA:131,0
DA:134,7
DA:135,7
DA:136,7
DA:138,0
DA:143,2
DA:144,0
DA:145,0
DA:149,0
DA:150,0
DA:151,0
DA:153,0
DA:154,0
DA:159,2
DA:160,12
DA:161,4
DA:162,4
DA:165,0
DA:166,0
DA:168,0
DA:169,0
DA:171,0
DA:172,0
DA:174,4
DA:175,4
DA:177,0
DA:178,0
DA:180,0
DA:185,2
DA:186,12
DA:187,12
DA:188,4
DA:191,8
DA:192,0
DA:194,8
DA:195,8
DA:197,0
DA:200,8
DA:201,8
DA:208,8
DA:209,0
DA:213,2
DA:214,0
DA:215,0
DA:216,0
DA:217,0
DA:221,18
DA:222,18
DA:223,18
DA:224,18
DA:229,18
DA:234,18
DA:235,18
DA:236,18
DA:237,18
DA:238,18
DA:239,18
DA:240,18
DA:241,0
DA:255,18
DA:256,18
DA:257,3
DA:258,0
DA:260,3
DA:264,18
DA:277,18
DA:279,3
DA:281,18
DA:282,0
DA:285,18
DA:288,3
DA:303,18
DA:306,180
DA:320,18
DA:323,18
DA:325,18
DA:330,0
DA:340,2
DA:345,2
LF:130
LH:96
BRDA:77,0,0,7
BRDA:77,0,1,7
BRDA:83,1,0,7
BRDA:83,1,1,7
BRDA:90,2,0,0
BRDA:90,2,1,7
BRDA:104,3,0,7
BRDA:104,3,1,0
BRDA:111,4,0,0
BRDA:111,4,1,8
BRDA:111,5,0,8
BRDA:111,5,1,8
BRDA:118,6,0,0
BRDA:118,6,1,1
BRDA:124,7,0,0
BRDA:124,7,1,7
BRDA:134,8,0,1
BRDA:134,8,1,6
BRDA:144,9,0,0
BRDA:144,9,1,0
BRDA:144,10,0,0
BRDA:144,10,1,0
BRDA:150,11,0,0
BRDA:150,11,1,0
BRDA:161,12,0,4
BRDA:161,12,1,0
BRDA:163,13,0,0
BRDA:163,13,1,0
BRDA:163,13,2,0
BRDA:163,13,3,0
BRDA:163,13,4,4
BRDA:163,13,5,0
BRDA:163,13,6,0
BRDA:187,14,0,4
BRDA:187,14,1,8
BRDA:191,15,0,0
BRDA:191,15,1,8
BRDA:200,16,0,8
BRDA:200,16,1,0
BRDA:208,17,0,0
BRDA:208,17,1,8
BRDA:213,18,0,0
BRDA:213,18,1,0
BRDA:214,19,0,0
BRDA:214,19,1,0
BRDA:215,20,0,0
BRDA:215,20,1,0
BRDA:216,21,0,0
BRDA:216,21,1,0
BRDA:223,22,0,18
BRDA:223,22,1,12
BRDA:224,23,0,18
BRDA:224,23,1,18
BRDA:230,24,0,14
BRDA:230,24,1,4
BRDA:231,25,0,4
BRDA:231,25,1,2
BRDA:235,26,0,18
BRDA:235,26,1,0
BRDA:240,27,0,0
BRDA:240,27,1,18
BRDA:256,28,0,3
BRDA:256,28,1,15
BRDA:257,29,0,0
BRDA:257,29,1,3
BRDA:304,30,0,0
BRDA:304,30,1,18
BRDA:327,31,0,18
BRDA:327,31,1,0
BRF:69
BRH:35
end_of_record
TN:
SF:/Users/ehhanche/programming/work/spark/amplify-ui/packages/aws-amplify-react/src/Auth/ConfirmSignIn.tsx
FN:40,(anonymous_6)
FN:44,ConfirmSignIn
FN:55,(anonymous_8)
FN:62,(anonymous_9)
FN:72,(anonymous_10)
FN:87,(anonymous_11)
FN:90,(anonymous_12)
FN:93,(anonymous_13)
FN:101,(anonymous_14)
FN:146,(anonymous_15)
FNF:10
FNH:9
FNDA:3,(anonymous_6)
FNDA:11,ConfirmSignIn
FNDA:4,(anonymous_8)
FNDA:2,(anonymous_9)
FNDA:2,(anonymous_10)
FNDA:2,(anonymous_11)
FNDA:0,(anonymous_12)
FNDA:16,(anonymous_13)
FNDA:5,(anonymous_14)
FNDA:1,(anonymous_15)
DA:14,3
DA:16,3
DA:17,3
DA:19,3
DA:20,3
DA:34,3
DA:40,3
DA:45,11
DA:47,11
DA:48,11
DA:49,11
DA:50,11
DA:55,4
DA:56,4
DA:57,0
DA:62,4
DA:63,2
DA:64,1
DA:66,1
DA:67,1
DA:72,3
DA:73,2
DA:74,1
DA:76,2
DA:77,2
DA:79,2
DA:80,2
DA:81,0
DA:86,2
DA:88,2
DA:90,0
DA:93,3
DA:95,16
DA:97,16
DA:98,16
DA:101,5
DA:102,5
DA:103,5
DA:104,1
DA:107,4
DA:146,1
DA:157,3
DA:162,3
LF:43
LH:40
BRDA:45,0,0,11
BRDA:45,0,1,0
BRDA:56,1,0,0
BRDA:56,1,1,4
BRDA:56,2,0,4
BRDA:56,2,1,4
BRDA:63,3,0,1
BRDA:63,3,1,1
BRDA:73,4,0,1
BRDA:73,4,1,1
BRDA:79,5,0,0
BRDA:79,5,1,2
BRDA:80,6,0,0
BRDA:80,6,1,2
BRDA:80,7,0,2
BRDA:80,7,1,2
BRDA:97,8,0,0
BRDA:97,8,1,16
BRDA:97,9,0,16
BRDA:97,9,1,3
BRDA:98,10,0,0
BRDA:98,10,1,16
BRDA:103,11,0,1
BRDA:103,11,1,4
BRDA:103,12,0,5
BRDA:103,12,1,1
BRF:26
BRH:20
end_of_record
TN:
SF:/Users/ehhanche/programming/work/spark/amplify-ui/packages/aws-amplify-react/src/Auth/ConfirmSignUp.tsx
FN:38,(anonymous_6)
FN:42,ConfirmSignUp
FN:50,(anonymous_8)
FN:60,(anonymous_9)
FN:61,(anonymous_10)
FN:64,(anonymous_11)
FN:72,(anonymous_12)
FN:73,(anonymous_13)
FN:76,(anonymous_14)
FN:148,(anonymous_15)
FNF:10
FNH:7
FNDA:3,(anonymous_6)
FNDA:8,ConfirmSignUp
FNDA:1,(anonymous_8)
FNDA:1,(anonymous_9)
FNDA:0,(anonymous_10)
FNDA:1,(anonymous_11)
FNDA:1,(anonymous_12)
FNDA:0,(anonymous_13)
FNDA:4,(anonymous_14)
FNDA:0,(anonymous_15)
DA:14,3
DA:15,3
DA:16,3
DA:18,3
DA:19,3
DA:34,3
DA:36,3
DA:38,3
DA:43,8
DA:45,8
DA:46,8
DA:47,8
DA:50,3
DA:51,1
DA:52,1
DA:53,1
DA:54,0
DA:59,1
DA:60,1
DA:61,0
DA:64,3
DA:65,1
DA:66,1
DA:67,0
DA:71,1
DA:72,1
DA:73,0
DA:76,4
DA:77,4
DA:78,4
DA:80,4
DA:81,1
DA:84,3
DA:148,0
DA:158,3
DA:163,3
LF:36
LH:31
BRDA:43,0,0,8
BRDA:43,0,1,0
BRDA:51,1,0,1
BRDA:51,1,1,0
BRDA:53,2,0,0
BRDA:53,2,1,1
BRDA:53,3,0,1
BRDA:53,3,1,1
BRDA:65,4,0,1
BRDA:65,4,1,0
BRDA:66,5,0,0
BRDA:66,5,1,1
BRDA:66,6,0,1
BRDA:66,6,1,1
BRDA:80,7,0,1
BRDA:80,7,1,3
BRDA:80,8,0,4
BRDA:80,8,1,1
BRDA:104,9,0,2
BRDA:104,9,1,1
BRF:20
BRH:15
end_of_record
TN:
SF:/Users/ehhanche/programming/work/spark/amplify-ui/packages/aws-amplify-react/src/Auth/FederatedSignIn.tsx
FN:33,(anonymous_6)
FN:37,(anonymous_8)
FN:52,(anonymous_9)
FN:67,(anonymous_10)
FN:82,(anonymous_11)
FN:96,(anonymous_12)
FN:111,(anonymous_13)
FN:172,(anonymous_14)
FN:173,(anonymous_16)
FNF:9
FNH:9
FNDA:12,(anonymous_6)
FNDA:3,(anonymous_8)
FNDA:3,(anonymous_9)
FNDA:3,(anonymous_10)
FNDA:3,(anonymous_11)
FNDA:3,(anonymous_12)
FNDA:13,(anonymous_13)
FNDA:7,(anonymous_14)
FNDA:6,(anonymous_16)
DA:1,4
DA:3,4
DA:4,4
DA:6,4
DA:7,4
DA:13,4
DA:15,4
DA:23,4
DA:33,4
DA:37,4
DA:38,3
DA:39,1
DA:42,2
DA:43,2
DA:52,4
DA:53,3
DA:54,1
DA:57,2
DA:58,2
DA:67,4
DA:68,3
DA:69,3
DA:72,0
DA:73,0
DA:82,4
DA:83,3
DA:84,3
DA:86,0
DA:87,0
DA:96,4
DA:97,3
DA:98,3
DA:100,0
DA:101,0
DA:111,4
DA:112,13
DA:113,13
DA:114,6
DA:117,7
DA:118,7
DA:119,0
DA:125,7
DA:127,7
DA:128,0
DA:130,7
DA:132,0
DA:141,7
DA:143,0
DA:146,7
DA:147,4
DA:156,15
DA:158,3
DA:159,3
DA:170,4
DA:172,4
DA:173,4
DA:174,6
DA:175,6
DA:176,6
DA:177,0
DA:183,6
DA:185,6
DA:186,0
DA:188,6
DA:190,0
DA:199,6
DA:201,0
DA:204,6
DA:205,0
DA:206,0
DA:209,0
DA:212,6
DA:213,4
DA:215,2
DA:216,2
DA:217,2
DA:231,4
DA:236,4
LF:78
LH:61
BRDA:38,0,0,1
BRDA:38,0,1,2
BRDA:53,1,0,1
BRDA:53,1,1,2
BRDA:68,2,0,3
BRDA:68,2,1,0
BRDA:83,3,0,3
BRDA:83,3,1,0
BRDA:89,4,0,0
BRDA:89,4,1,0
BRDA:97,5,0,3
BRDA:97,5,1,0
BRDA:103,6,0,0
BRDA:103,6,1,0
BRDA:113,7,0,6
BRDA:113,7,1,7
BRDA:117,8,0,7
BRDA:117,8,1,3
BRDA:118,9,0,0
BRDA:118,9,1,7
BRDA:118,10,0,7
BRDA:118,10,1,7
BRDA:125,11,0,7
BRDA:125,11,1,0
BRDA:127,12,0,0
BRDA:127,12,1,7
BRDA:130,13,0,0
BRDA:130,13,1,7
BRDA:141,14,0,0
BRDA:141,14,1,7
BRDA:146,15,0,4
BRDA:146,15,1,3
BRDA:158,16,0,3
BRDA:158,16,1,3
BRDA:175,17,0,6
BRDA:175,17,1,4
BRDA:176,18,0,0
BRDA:176,18,1,6
BRDA:176,19,0,6
BRDA:176,19,1,6
BRDA:183,20,0,6
BRDA:183,20,1,0
BRDA:185,21,0,0
BRDA:185,21,1,6
BRDA:188,22,0,0
BRDA:188,22,1,6
BRDA:199,23,0,0
BRDA:199,23,1,6
BRDA:204,24,0,0
BRDA:204,24,1,6
BRDA:212,25,0,4
BRDA:212,25,1,2
BRDA:216,26,0,2
BRDA:216,26,1,2
BRF:54
BRH:36
end_of_record
TN:
SF:/Users/ehhanche/programming/work/spark/amplify-ui/packages/aws-amplify-react/src/Auth/ForgotPassword.tsx
FN:44,(anonymous_6)
FN:48,ForgotPassword
FN:58,(anonymous_8)
FN:67,(anonymous_9)
FN:71,(anonymous_10)
FN:74,(anonymous_11)
FN:85,(anonymous_12)
FN:90,(anonymous_13)
FN:93,(anonymous_14)
FN:98,(anonymous_15)
FN:129,(anonymous_16)
FN:180,(anonymous_17)
FNF:12
FNH:9
FNDA:4,(anonymous_6)
FNDA:9,ForgotPassword
FNDA:1,(anonymous_8)
FNDA:1,(anonymous_9)
FNDA:0,(anonymous_10)
FNDA:1,(anonymous_11)
FNDA:1,(anonymous_12)
FNDA:0,(anonymous_13)
FNDA:7,(anonymous_14)
FNDA:2,(anonymous_15)
FNDA:10,(anonymous_16)
FNDA:0,(anonymous_17)
DA:14,4
DA:16,4
DA:17,4
DA:19,4
DA:20,4
DA:22,4
DA:36,4
DA:38,4
DA:44,4
DA:49,9
DA:51,9
DA:52,9
DA:54,9
DA:55,9
DA:58,4
DA:59,1
DA:60,1
DA:61,1
DA:62,0
DA:66,1
DA:68,1
DA:69,1
DA:71,0
DA:74,4
DA:75,1
DA:76,1
DA:77,1
DA:79,1
DA:80,0
DA:84,1
DA:86,1
DA:87,1
DA:88,1
DA:90,0
DA:93,4
DA:94,7
DA:95,7
DA:98,4
DA:99,2
DA:100,2
DA:129,10
DA:130,10
DA:131,10
DA:132,1
DA:135,9
DA:180,0
DA:191,4
DA:196,4
LF:48
LH:43
BRDA:49,0,0,9
BRDA:49,0,1,0
BRDA:59,1,0,1
BRDA:59,1,1,0
BRDA:60,2,0,1
BRDA:60,2,1,0
BRDA:61,3,0,0
BRDA:61,3,1,1
BRDA:61,4,0,1
BRDA:61,4,1,1
BRDA:75,5,0,1
BRDA:75,5,1,0
BRDA:77,6,0,1
BRDA:77,6,1,1
BRDA:79,7,0,0
BRDA:79,7,1,1
BRDA:79,8,0,1
BRDA:79,8,1,1
BRDA:94,9,0,7
BRDA:94,9,1,0
BRDA:99,10,0,2
BRDA:99,10,1,0
BRDA:130,11,0,10
BRDA:130,11,1,0
BRDA:131,12,0,1
BRDA:131,12,1,9
BRDA:131,13,0,10
BRDA:131,13,1,1
BRDA:145,14,0,2
BRDA:145,14,1,7
BRDA:144,15,0,9
BRDA:144,15,1,7
BRDA:151,16,0,2
BRDA:151,16,1,7
BRDA:150,17,0,9
BRDA:150,17,1,7
BRDA:170,18,0,2
BRDA:170,18,1,7
BRDA:169,19,0,9
BRDA:169,19,1,7
BRF:40
BRH:31
end_of_record
TN:
SF:/Users/ehhanche/programming/work/spark/amplify-ui/packages/aws-amplify-react/src/Auth/Greetings.tsx
FN:44,(anonymous_8)
FN:47,Greetings
FN:56,(anonymous_10)
FN:61,(anonymous_11)
FN:65,(anonymous_12)
FN:68,(anonymous_13)
FN:75,(anonymous_14)
FN:79,(anonymous_15)
FN:102,(anonymous_16)
FN:110,(anonymous_17)
FN:114,(anonymous_18)
FN:150,(anonymous_19)
FN:185,(anonymous_20)
FN:191,(anonymous_21)
FNF:14
FNH:14
FNDA:3,(anonymous_8)
FNDA:16,Greetings
FNDA:17,(anonymous_10)
FNDA:1,(anonymous_11)
FNDA:18,(anonymous_12)
FNDA:2,(anonymous_13)
FNDA:12,(anonymous_14)
FNDA:36,(anonymous_15)
FNDA:20,(anonymous_16)
FNDA:35,(anonymous_17)
FNDA:20,(anonymous_18)
FNDA:20,(anonymous_19)
FNDA:35,(anonymous_20)
FNDA:57,(anonymous_21)
DA:14,3
DA:15,3
DA:16,3
DA:17,3
DA:18,3
DA:24,3
DA:25,3
DA:26,3
DA:27,3
DA:28,3
DA:30,3
DA:44,3
DA:48,16
DA:49,16
DA:50,16
DA:51,16
DA:52,16
DA:53,16
DA:56,3
DA:57,17
DA:58,17
DA:61,3
DA:62,1
DA:65,18
DA:66,18
DA:67,14
DA:69,2
DA:75,12
DA:79,3
DA:80,36
DA:81,66
DA:82,33
DA:83,11
DA:87,11
DA:88,7
DA:90,22
DA:95,8
DA:102,3
DA:103,20
DA:105,20
DA:108,20
DA:110,3
DA:111,35
DA:114,3
DA:115,20
DA:116,20
DA:118,20
DA:119,20
DA:120,20
DA:123,0
DA:124,0
DA:127,0
DA:128,0
DA:130,20
DA:136,20
DA:137,20
DA:140,20
DA:142,20
DA:150,3
DA:151,20
DA:157,80
DA:159,20
DA:160,20
DA:162,20
DA:164,20
DA:166,20
DA:168,20
DA:170,20
DA:172,20
DA:174,20
DA:176,20
DA:178,20
DA:180,20
DA:182,20
DA:185,3
DA:186,35
DA:187,35
DA:188,35
DA:191,3
DA:192,57
DA:193,57
DA:194,2
DA:197,55
DA:198,55
DA:200,55
DA:201,55
DA:204,55
DA:205,35
DA:208,20
DA:218,3
DA:223,3
LF:91
LH:87
BRDA:48,0,0,16
BRDA:48,0,1,0
BRDA:66,1,0,14
BRDA:66,1,1,4
BRDA:66,2,0,18
BRDA:66,2,1,14
BRDA:80,3,0,33
BRDA:80,3,1,3
BRDA:82,4,0,11
BRDA:82,4,1,22
BRDA:82,5,0,33
BRDA:82,5,1,33
BRDA:87,6,0,7
BRDA:87,6,1,4
BRDA:90,7,0,8
BRDA:90,7,1,14
BRDA:91,8,0,22
BRDA:91,8,1,22
BRDA:91,8,2,12
BRDA:103,9,0,20
BRDA:103,9,1,0
BRDA:106,10,0,20
BRDA:106,10,1,0
BRDA:115,11,0,20
BRDA:115,11,1,16
BRDA:116,12,0,20
BRDA:116,12,1,20
BRDA:118,13,0,20
BRDA:118,13,1,0
BRDA:121,14,0,0
BRDA:121,14,1,0
BRDA:121,14,2,20
BRDA:123,15,0,0
BRDA:123,15,1,0
BRDA:127,16,0,0
BRDA:127,16,1,0
BRDA:131,17,0,2
BRDA:131,17,1,18
BRDA:131,18,0,2
BRDA:131,18,1,0
BRDA:133,19,0,0
BRDA:133,19,1,0
BRDA:136,20,0,20
BRDA:136,20,1,18
BRDA:136,20,2,18
BRDA:140,21,0,20
BRDA:140,21,1,0
BRDA:151,22,0,20
BRDA:151,22,1,0
BRDA:160,23,0,20
BRDA:160,23,1,0
BRDA:162,24,0,20
BRDA:162,24,1,20
BRDA:164,25,0,20
BRDA:164,25,1,20
BRDA:166,26,0,20
BRDA:166,26,1,20
BRDA:168,27,0,20
BRDA:168,27,1,20
BRDA:172,28,0,0
BRDA:172,28,1,20
BRDA:174,29,0,0
BRDA:174,29,1,20
BRDA:176,30,0,0
BRDA:176,30,1,20
BRDA:178,31,0,0
BRDA:178,31,1,20
BRDA:186,32,0,35
BRDA:186,32,1,35
BRDA:187,33,0,35
BRDA:187,33,1,0
BRDA:188,34,0,0
BRDA:188,34,1,35
BRDA:193,35,0,2
BRDA:193,35,1,55
BRDA:193,36,0,57
BRDA:193,36,1,8
BRDA:197,37,0,55
BRDA:197,37,1,36
BRDA:200,38,0,55
BRDA:200,38,1,38
BRDA:202,39,0,20
BRDA:202,39,1,35
BRDA:204,40,0,35
BRDA:204,40,1,20
BRF:85
BRH:63
end_of_record
TN:
SF:/Users/ehhanche/programming/work/spark/amplify-ui/packages/aws-amplify-react/src/Auth/Loading.tsx
FN:25,(anonymous_6)
FN:26,Loading
FN:32,(anonymous_8)
FNF:3
FNH:3
FNDA:2,(anonymous_6)
FNDA:3,Loading
FNDA:3,(anonymous_8)
DA:14,2
DA:15,2
DA:17,2
DA:18,2
DA:23,2
DA:25,2
DA:27,3
DA:29,3
DA:32,2
DA:33,3
DA:34,3
DA:35,0
DA:38,3
DA:44,2
LF:14
LH:13
BRDA:27,0,0,3
BRDA:27,0,1,0
BRDA:34,1,0,0
BRDA:34,1,1,3
BRDA:34,2,0,3
BRDA:34,2,1,3
BRF:6
BRH:4
end_of_record
TN:
SF:/Users/ehhanche/programming/work/spark/amplify-ui/packages/aws-amplify-react/src/Auth/PhoneField.tsx
FN:24,(anonymous_6)
FN:27,PhoneField
FN:38,(anonymous_8)
FN:42,(anonymous_9)
FN:56,(anonymous_10)
FN:79,(anonymous_11)
FNF:6
FNH:6
FNDA:14,(anonymous_6)
FNDA:3,PhoneField
FNDA:2,(anonymous_8)
FNDA:2,(anonymous_9)
FNDA:5,(anonymous_10)
FNDA:1030,(anonymous_11)
DA:1,14
DA:2,14
DA:8,14
DA:9,14
DA:10,14
DA:11,14
DA:24,14
DA:28,3
DA:29,3
DA:30,3
DA:32,3
DA:38,14
DA:39,2
DA:42,14
DA:43,2
DA:44,2
DA:46,2
DA:47,2
DA:56,14
DA:58,5
DA:59,5
DA:60,5
DA:61,5
DA:62,5
DA:63,5
DA:65,5
DA:79,1030
DA:99,14
DA:101,14
DA:106,14
LF:30
LH:30
BRDA:28,0,0,3
BRDA:28,0,1,3
BRDA:33,1,0,3
BRDA:33,1,1,3
BRDA:39,2,0,2
BRDA:39,2,1,0
BRDA:46,3,0,2
BRDA:46,3,1,0
BRDA:58,4,0,5
BRDA:58,4,1,0
BRDA:59,5,0,5
BRDA:59,5,1,0
BRDA:60,6,0,5
BRDA:60,6,1,0
BRDA:61,7,0,5
BRDA:61,7,1,0
BRDA:62,8,0,5
BRDA:62,8,1,0
BRDA:68,9,0,5
BRDA:68,9,1,0
BRF:20
BRH:12
end_of_record
TN:
SF:/Users/ehhanche/programming/work/spark/amplify-ui/packages/aws-amplify-react/src/Auth/RequireNewPassword.tsx
FN:36,(anonymous_6)
FN:40,RequireNewPassword
FN:48,(anonymous_8)
FN:54,(anonymous_9)
FN:64,(anonymous_10)
FN:76,(anonymous_11)
FN:87,(anonymous_12)
FN:90,(anonymous_13)
FN:122,(anonymous_14)
FN:142,(anonymous_15)
FN:154,convertToPlaceholder
FN:157,(anonymous_17)
FN:161,objectWithProperties
FNF:13
FNH:13
FNDA:3,(anonymous_6)
FNDA:16,RequireNewPassword
FNDA:2,(anonymous_8)
FNDA:2,(anonymous_9)
FNDA:5,(anonymous_10)
FNDA:4,(anonymous_11)
FNDA:1,(anonymous_12)
FNDA:5,(anonymous_13)
FNDA:2,(anonymous_14)
FNDA:1,(anonymous_15)
FNDA:2,convertToPlaceholder
FNDA:4,(anonymous_17)
FNDA:5,objectWithProperties
DA:14,3
DA:16,3
DA:17,3
DA:19,3
DA:20,3
DA:32,3
DA:34,3
DA:36,3
DA:41,16
DA:43,16
DA:44,16
DA:45,16
DA:48,3
DA:49,2
DA:50,0
DA:54,2
DA:55,2
DA:56,1
DA:58,1
DA:59,1
DA:64,5
DA:65,5
DA:66,5
DA:67,5
DA:68,5
DA:70,5
DA:71,0
DA:75,5
DA:77,4
DA:78,4
DA:79,1
DA:80,3
DA:81,1
DA:82,1
DA:84,2
DA:87,1
DA:90,5
DA:91,5
DA:92,5
DA:93,1
DA:96,4
DA:97,4
DA:99,4
DA:122,2
DA:142,1
DA:152,3
DA:155,2
DA:157,4
DA:162,5
DA:163,5
DA:164,7
DA:165,5
DA:167,2
DA:168,0
DA:170,2
DA:172,5
DA:178,3
LF:57
LH:54
BRDA:41,0,0,16
BRDA:41,0,1,0
BRDA:49,1,0,0
BRDA:49,1,1,2
BRDA:49,2,0,2
BRDA:49,2,1,2
BRDA:55,3,0,1
BRDA:55,3,1,1
BRDA:70,4,0,0
BRDA:70,4,1,5
BRDA:70,5,0,5
BRDA:70,5,1,5
BRDA:78,6,0,1
BRDA:78,6,1,3
BRDA:80,7,0,1
BRDA:80,7,1,2
BRDA:92,8,0,1
BRDA:92,8,1,4
BRDA:92,9,0,5
BRDA:92,9,1,1
BRDA:164,10,0,5
BRDA:164,10,1,2
BRDA:167,11,0,0
BRDA:167,11,1,2
BRF:24
BRH:20
end_of_record
TN:
SF:/Users/ehhanche/programming/work/spark/amplify-ui/packages/aws-amplify-react/src/Auth/SignIn.tsx
FN:51,(anonymous_19)
FN:52,SignIn
FN:62,(anonymous_21)
FN:68,(anonymous_22)
FN:78,(anonymous_23)
FN:133,(anonymous_26)
FN:147,(anonymous_27)
FN:150,(anonymous_28)
FN:182,(anonymous_29)
FN:207,(anonymous_30)
FNF:10
FNH:6
FNDA:3,(anonymous_19)
FNDA:18,SignIn
FNDA:2,(anonymous_21)
FNDA:2,(anonymous_22)
FNDA:6,(anonymous_23)
FNDA:24,(anonymous_26)
FNDA:0,(anonymous_27)
FNDA:0,(anonymous_28)
FNDA:0,(anonymous_29)
FNDA:0,(anonymous_30)
DA:14,3
DA:15,3
DA:16,3
DA:18,3
DA:19,3
DA:20,3
DA:21,3
DA:23,3
DA:38,3
DA:40,3
DA:51,3
DA:53,18
DA:55,18
DA:56,18
DA:58,18
DA:59,18
DA:62,3
DA:63,2
DA:64,0
DA:68,2
DA:69,2
DA:70,0
DA:72,2
DA:73,2
DA:78,3
DA:80,6
DA:81,6
DA:84,6
DA:85,6
DA:87,6
DA:88,0
DA:92,6
DA:94,6
DA:95,4
DA:96,4
DA:100,0
DA:101,0
DA:102,4
DA:103,1
DA:104,1
DA:105,3
DA:106,0
DA:107,0
DA:108,3
DA:113,1
DA:114,1
DA:116,2
DA:119,2
DA:120,1
DA:121,1
DA:122,1
DA:123,0
DA:124,0
DA:126,1
DA:129,6
DA:133,24
DA:135,24
DA:136,24
DA:137,24
DA:138,24
DA:139,24
DA:140,24
DA:141,24
DA:142,24
DA:143,3
DA:146,21
DA:147,0
DA:149,21
DA:150,0
DA:151,21
DA:182,0
DA:207,0
DA:219,3
DA:224,3
LF:74
LH:61
BRDA:53,0,0,18
BRDA:53,0,1,0
BRDA:63,1,0,0
BRDA:63,1,1,2
BRDA:63,2,0,2
BRDA:63,2,1,2
BRDA:69,3,0,0
BRDA:69,3,1,2
BRDA:80,4,0,6
BRDA:80,4,1,0
BRDA:84,5,0,6
BRDA:84,5,1,1
BRDA:87,6,0,0
BRDA:87,6,1,6
BRDA:87,7,0,6
BRDA:87,7,1,6
BRDA:96,8,0,0
BRDA:96,8,1,4
BRDA:97,9,0,4
BRDA:97,9,1,4
BRDA:102,10,0,1
BRDA:102,10,1,3
BRDA:105,11,0,0
BRDA:105,11,1,3
BRDA:108,12,0,1
BRDA:108,12,1,2
BRDA:109,13,0,3
BRDA:109,13,1,1
BRDA:109,13,2,1
BRDA:119,14,0,1
BRDA:119,14,1,1
BRDA:122,15,0,0
BRDA:122,15,1,1
BRDA:136,16,0,18
BRDA:136,16,1,6
BRDA:140,17,0,21
BRDA:140,17,1,3
BRDA:142,18,0,3
BRDA:142,18,1,21
BRDA:142,19,0,24
BRDA:142,19,1,24
BRDA:146,20,0,21
BRDA:146,20,1,21
BRDA:149,21,0,21
BRDA:149,21,1,21
BRDA:177,22,0,21
BRDA:177,22,1,21
BRDA:202,23,0,21
BRDA:202,23,1,21
BRF:49
BRH:41
end_of_record
TN:
SF:/Users/ehhanche/programming/work/spark/amplify-ui/packages/aws-amplify-react/src/Auth/SignOut.tsx
FN:42,(anonymous_6)
FN:45,SignOut
FN:54,(anonymous_8)
FN:59,(anonymous_9)
FN:63,(anonymous_10)
FN:66,(anonymous_11)
FN:73,(anonymous_12)
FN:81,(anonymous_13)
FN:109,(anonymous_14)
FN:156,(anonymous_15)
FN:161,(anonymous_16)
FN:167,(anonymous_17)
FNF:12
FNH:12
FNDA:4,(anonymous_6)
FNDA:22,SignOut
FNDA:23,(anonymous_8)
FNDA:6,(anonymous_9)
FNDA:24,(anonymous_10)
FNDA:2,(anonymous_11)
FNDA:16,(anonymous_12)
FNDA:35,(anonymous_13)
FNDA:3,(anonymous_14)
FNDA:2,(anonymous_15)
FNDA:1,(anonymous_16)
FNDA:63,(anonymous_17)
DA:14,4
DA:15,4
DA:16,4
DA:18,4
DA:19,4
DA:20,4
DA:22,4
DA:24,4
DA:26,4
DA:42,4
DA:46,22
DA:48,22
DA:49,22
DA:50,22
DA:51,22
DA:54,4
DA:55,23
DA:56,23
DA:59,4
DA:60,6
DA:63,24
DA:64,24
DA:65,18
DA:67,2
DA:73,16
DA:74,6
DA:75,0
DA:81,4
DA:82,35
DA:83,90
DA:84,30
DA:85,10
DA:89,20
DA:94,7
DA:99,30
DA:104,6
DA:109,4
DA:110,3
DA:111,3
DA:112,3
DA:114,3
DA:116,0
DA:120,3
DA:122,3
DA:123,3
DA:124,3
DA:125,3
DA:126,3
DA:128,3
DA:130,0
DA:131,0
DA:132,0
DA:134,0
DA:135,0
DA:136,0
DA:138,0
DA:139,0
DA:140,0
DA:143,0
DA:144,0
DA:145,0
DA:147,3
DA:150,3
DA:151,0
DA:155,3
DA:157,2
DA:158,1
DA:162,1
DA:163,1
DA:167,4
DA:168,63
DA:169,63
DA:170,2
DA:173,61
DA:174,61
DA:176,61
DA:177,61
DA:178,32
DA:181,29
DA:191,4
DA:196,4
LF:81
LH:66
BRDA:46,0,0,22
BRDA:46,0,1,0
BRDA:64,1,0,18
BRDA:64,1,1,6
BRDA:64,2,0,24
BRDA:64,2,1,18
BRDA:74,3,0,0
BRDA:74,3,1,6
BRDA:82,4,0,30
BRDA:82,4,1,5
BRDA:84,5,0,10
BRDA:84,5,1,20
BRDA:84,6,0,30
BRDA:84,6,1,30
BRDA:89,7,0,7
BRDA:89,7,1,13
BRDA:90,8,0,20
BRDA:90,8,1,20
BRDA:90,8,2,11
BRDA:99,9,0,6
BRDA:99,9,1,24
BRDA:100,10,0,30
BRDA:100,10,1,30
BRDA:100,10,2,10
BRDA:113,11,0,3
BRDA:113,11,1,3
BRDA:129,12,0,0
BRDA:129,12,1,0
BRDA:129,12,2,0
BRDA:129,12,3,0
BRDA:129,12,4,3
BRDA:130,13,0,0
BRDA:130,13,1,0
BRDA:134,14,0,0
BRDA:134,14,1,0
BRDA:138,15,0,0
BRDA:138,15,1,0
BRDA:143,16,0,0
BRDA:143,16,1,0
BRDA:150,17,0,0
BRDA:150,17,1,3
BRDA:150,18,0,3
BRDA:150,18,1,3
BRDA:157,19,0,1
BRDA:157,19,1,1
BRDA:169,20,0,2
BRDA:169,20,1,61
BRDA:169,21,0,63
BRDA:169,21,1,4
BRDA:173,22,0,61
BRDA:173,22,1,37
BRDA:176,23,0,61
BRDA:176,23,1,48
BRDA:177,24,0,32
BRDA:177,24,1,29
BRF:55
BRH:40
end_of_record
TN:
SF:/Users/ehhanche/programming/work/spark/amplify-ui/packages/aws-amplify-react/src/Auth/SignUp.tsx
FN:60,(anonymous_19)
FN:65,SignUp
FN:91,(anonymous_21)
FN:93,(anonymous_22)
FN:113,(anonymous_23)
FN:119,(anonymous_24)
FN:130,(anonymous_25)
FN:131,(anonymous_26)
FN:146,(anonymous_27)
FN:176,(anonymous_28)
FN:177,(anonymous_29)
FN:188,(anonymous_30)
FN:198,(anonymous_31)
FN:206,(anonymous_32)
FN:233,(anonymous_35)
FN:252,(anonymous_36)
FN:279,(anonymous_37)
FN:294,(anonymous_38)
FN:306,(anonymous_39)
FN:345,(anonymous_40)
FNF:20
FNH:19
FNDA:4,(anonymous_19)
FNDA:25,SignUp
FNDA:8,(anonymous_21)
FNDA:34,(anonymous_22)
FNDA:36,(anonymous_23)
FNDA:10,(anonymous_24)
FNDA:68,(anonymous_25)
FNDA:175,(anonymous_26)
FNDA:100,(anonymous_27)
FNDA:7,(anonymous_28)
FNDA:21,(anonymous_29)
FNDA:40,(anonymous_30)
FNDA:72,(anonymous_31)
FNDA:8,(anonymous_32)
FNDA:31,(anonymous_35)
FNDA:25,(anonymous_36)
FNDA:38,(anonymous_37)
FNDA:155,(anonymous_38)
FNDA:303,(anonymous_39)
FNDA:0,(anonymous_40)
DA:14,4
DA:16,4
DA:17,4
DA:19,4
DA:20,4
DA:34,4
DA:36,4
DA:37,4
DA:43,4
DA:44,4
DA:46,4
DA:60,4
DA:66,25
DA:67,25
DA:69,25
DA:70,25
DA:71,25
DA:72,25
DA:73,25
DA:74,25
DA:75,25
DA:80,25
DA:81,25
DA:82,25
DA:83,0
DA:84,25
DA:85,0
DA:87,25
DA:91,8
DA:92,8
DA:93,8
DA:94,34
DA:95,27
DA:96,1
DA:97,1
DA:99,26
DA:102,7
DA:103,2
DA:104,2
DA:106,5
DA:110,8
DA:113,36
DA:114,36
DA:119,3
DA:120,10
DA:124,36
DA:125,18
DA:130,17
DA:131,68
DA:132,175
DA:134,68
DA:135,39
DA:146,18
DA:147,100
DA:148,60
DA:149,0
DA:150,60
DA:151,56
DA:153,4
DA:154,3
DA:156,1
DA:159,40
DA:160,6
DA:161,34
DA:162,23
DA:163,11
DA:164,11
DA:165,5
DA:167,6
DA:172,18
DA:176,4
DA:177,21
DA:178,7
DA:179,7
DA:180,0
DA:181,0
DA:185,0
DA:188,4
DA:189,40
DA:198,4
DA:199,72
DA:206,4
DA:207,8
DA:208,8
DA:209,8
DA:211,8
DA:212,8
DA:213,2
DA:214,2
DA:218,6
DA:219,0
DA:224,6
DA:230,6
DA:231,6
DA:233,6
DA:234,31
DA:237,7
DA:242,7
DA:243,7
DA:248,6
DA:249,5
DA:251,6
DA:252,6
DA:253,25
DA:254,4
DA:255,4
DA:257,4
DA:260,6
DA:264,0
DA:269,6
DA:271,5
DA:273,1
DA:275,6
DA:279,38
DA:280,38
DA:281,38
DA:282,2
DA:284,36
DA:285,18
DA:287,36
DA:288,36
DA:295,155
DA:306,303
DA:345,0
DA:355,4
DA:360,4
LF:126
LH:117
BRDA:66,0,0,25
BRDA:66,0,1,0
BRDA:77,1,0,0
BRDA:77,1,1,25
BRDA:76,2,0,25
BRDA:76,2,1,24
BRDA:76,2,2,0
BRDA:81,3,0,25
BRDA:81,3,1,1
BRDA:80,4,0,25
BRDA:80,4,1,0
BRDA:82,5,0,0
BRDA:82,5,1,25
BRDA:84,6,0,0
BRDA:84,6,1,25
BRDA:94,7,0,27
BRDA:94,7,1,7
BRDA:95,8,0,1
BRDA:95,8,1,26
BRDA:95,9,0,27
BRDA:95,9,1,26
BRDA:102,10,0,2
BRDA:102,10,1,5
BRDA:102,11,0,7
BRDA:102,11,1,7
BRDA:114,12,0,3
BRDA:114,12,1,33
BRDA:115,13,0,36
BRDA:115,13,1,21
BRDA:115,13,2,3
BRDA:124,14,0,18
BRDA:124,14,1,18
BRDA:125,15,0,17
BRDA:125,15,1,1
BRDA:126,16,0,18
BRDA:126,16,1,18
BRDA:134,17,0,39
BRDA:134,17,1,29
BRDA:147,18,0,60
BRDA:147,18,1,40
BRDA:147,19,0,100
BRDA:147,19,1,83
BRDA:148,20,0,0
BRDA:148,20,1,60
BRDA:150,21,0,56
BRDA:150,21,1,4
BRDA:153,22,0,3
BRDA:153,22,1,1
BRDA:159,23,0,6
BRDA:159,23,1,34
BRDA:159,24,0,40
BRDA:159,24,1,17
BRDA:161,25,0,23
BRDA:161,25,1,11
BRDA:161,26,0,34
BRDA:161,26,1,23
BRDA:163,27,0,11
BRDA:163,27,1,0
BRDA:163,28,0,11
BRDA:163,28,1,11
BRDA:164,29,0,5
BRDA:164,29,1,6
BRDA:178,30,0,7
BRDA:178,30,1,0
BRDA:180,31,0,0
BRDA:180,31,1,0
BRDA:180,32,0,0
BRDA:180,32,1,0
BRDA:194,33,0,13
BRDA:194,33,1,27
BRDA:189,34,0,40
BRDA:189,34,1,21
BRDA:189,34,2,13
BRDA:200,35,0,72
BRDA:200,35,1,42
BRDA:200,35,2,36
BRDA:208,36,0,8
BRDA:208,36,1,0
BRDA:212,37,0,2
BRDA:212,37,1,6
BRDA:212,38,0,8
BRDA:212,38,1,8
BRDA:218,39,0,0
BRDA:218,39,1,6
BRDA:218,40,0,6
BRDA:218,40,1,6
BRDA:234,41,0,7
BRDA:234,41,1,24
BRDA:237,42,0,7
BRDA:237,42,1,0
BRDA:238,43,0,7
BRDA:238,43,1,7
BRDA:238,43,2,7
BRDA:242,44,0,0
BRDA:242,44,1,7
BRDA:248,45,0,5
BRDA:248,45,1,1
BRDA:253,46,0,4
BRDA:253,46,1,21
BRDA:256,47,0,4
BRDA:256,47,1,4
BRDA:260,48,0,0
BRDA:260,48,1,6
BRDA:260,49,0,6
BRDA:260,49,1,2
BRDA:281,50,0,2
BRDA:281,50,1,36
BRDA:281,51,0,38
BRDA:281,51,1,2
BRDA:284,52,0,18
BRDA:284,52,1,18
BRDA:296,53,0,123
BRDA:296,53,1,32
BRDA:298,54,0,120
BRDA:298,54,1,3
BRF:115
BRH:97
end_of_record
TN:
SF:/Users/ehhanche/programming/work/spark/amplify-ui/packages/aws-amplify-react/src/Auth/TOTPSetup.tsx
FN:24,(anonymous_8)
FN:28,TOTPSetup
FN:36,(anonymous_10)
FN:42,(anonymous_11)
FN:52,(anonymous_12)
FN:62,(anonymous_13)
FNF:6
FNH:6
FNDA:3,(anonymous_8)
FNDA:10,TOTPSetup
FNDA:3,(anonymous_10)
FNDA:2,(anonymous_11)
FNDA:2,(anonymous_12)
FNDA:2,(anonymous_13)
DA:14,3
DA:15,3
DA:16,3
DA:17,3
DA:18,3
DA:20,3
DA:22,3
DA:24,3
DA:29,10
DA:31,10
DA:32,10
DA:33,10
DA:36,3
DA:37,3
DA:38,0
DA:42,3
DA:43,2
DA:44,1
DA:46,1
DA:47,1
DA:52,3
DA:53,2
DA:55,2
DA:56,2
DA:57,1
DA:62,3
DA:63,2
DA:64,2
DA:65,1
DA:68,1
DA:76,3
DA:81,3
LF:32
LH:31
BRDA:29,0,0,10
BRDA:29,0,1,0
BRDA:37,1,0,0
BRDA:37,1,1,3
BRDA:37,2,0,3
BRDA:37,2,1,3
BRDA:43,3,0,1
BRDA:43,3,1,1
BRDA:55,4,0,2
BRDA:55,4,1,0
BRDA:56,5,0,1
BRDA:56,5,1,1
BRDA:64,6,0,1
BRDA:64,6,1,1
BRDA:64,7,0,2
BRDA:64,7,1,1
BRF:16
BRH:13
end_of_record
TN:
SF:/Users/ehhanche/programming/work/spark/amplify-ui/packages/aws-amplify-react/src/Auth/VerifyContact.tsx
FN:41,(anonymous_6)
FN:45,VerifyContact
FN:55,(anonymous_8)
FN:69,(anonymous_9)
FN:73,(anonymous_10)
FN:76,(anonymous_11)
FN:85,(anonymous_12)
FN:90,(anonymous_13)
FN:93,(anonymous_14)
FN:132,(anonymous_15)
FN:148,(anonymous_16)
FN:188,(anonymous_17)
FNF:12
FNH:12
FNDA:3,(anonymous_6)
FNDA:16,VerifyContact
FNDA:3,(anonymous_8)
FNDA:1,(anonymous_9)
FNDA:1,(anonymous_10)
FNDA:2,(anonymous_11)
FNDA:1,(anonymous_12)
FNDA:1,(anonymous_13)
FNDA:6,(anonymous_14)
FNDA:1,(anonymous_15)
FNDA:8,(anonymous_16)
FNDA:1,(anonymous_17)
DA:14,3
DA:15,3
DA:16,3
DA:18,3
DA:19,3
DA:20,3
DA:33,3
DA:35,3
DA:41,3
DA:46,16
DA:48,16
DA:49,16
DA:50,16
DA:52,16
DA:55,3
DA:56,3
DA:57,3
DA:58,1
DA:59,1
DA:62,2
DA:63,0
DA:68,2
DA:70,1
DA:71,1
DA:73,1
DA:76,3
DA:77,2
DA:78,2
DA:79,2
DA:80,0
DA:84,2
DA:86,1
DA:87,1
DA:88,1
DA:90,1
DA:93,3
DA:94,6
DA:95,6
DA:96,2
DA:97,2
DA:99,4
DA:100,4
DA:101,1
DA:102,1
DA:104,6
DA:105,3
DA:106,3
DA:132,3
DA:133,1
DA:134,1
DA:148,8
DA:149,8
DA:150,8
DA:151,1
DA:154,7
DA:188,1
DA:198,3
DA:203,3
LF:58
LH:56
BRDA:46,0,0,16
BRDA:46,0,1,0
BRDA:57,1,0,1
BRDA:57,1,1,2
BRDA:62,2,0,0
BRDA:62,2,1,2
BRDA:62,3,0,2
BRDA:62,3,1,2
BRDA:79,4,0,0
BRDA:79,4,1,2
BRDA:79,5,0,2
BRDA:79,5,1,2
BRDA:95,6,0,2
BRDA:95,6,1,4
BRDA:100,7,0,1
BRDA:100,7,1,3
BRDA:105,8,0,3
BRDA:105,8,1,0
BRDA:109,9,0,2
BRDA:109,9,1,1
BRDA:119,10,0,2
BRDA:119,10,1,1
BRDA:133,11,0,1
BRDA:133,11,1,0
BRDA:150,12,0,1
BRDA:150,12,1,7
BRDA:150,13,0,8
BRDA:150,13,1,1
BRDA:163,14,0,1
BRDA:163,14,1,6
BRDA:168,15,0,1
BRDA:168,15,1,6
BRF:32
BRH:27
end_of_record
TN:
SF:/Users/ehhanche/programming/work/spark/amplify-ui/packages/aws-amplify-react/src/Auth/index.tsx
FN:16,(anonymous_12)
FN:17,(anonymous_13)
FN:18,(anonymous_14)
FN:19,(anonymous_15)
FN:20,(anonymous_16)
FN:21,(anonymous_17)
FN:22,(anonymous_18)
FN:23,(anonymous_19)
FN:24,(anonymous_20)
FN:25,(anonymous_21)
FN:26,(anonymous_22)
FN:27,(anonymous_23)
FN:27,(anonymous_24)
FN:28,(anonymous_25)
FN:29,(anonymous_26)
FN:34,withAuthenticator
FN:42,(anonymous_28)
FN:44,class_1
FN:69,(anonymous_30)
FN:73,(anonymous_31)
FN:123,(anonymous_32)
FN:124,AuthenticatorWrapper
FN:133,(anonymous_34)
FN:137,(anonymous_35)
FN:142,(anonymous_36)
FNF:25
FNH:8
FNDA:0,(anonymous_12)
FNDA:0,(anonymous_13)
FNDA:0,(anonymous_14)
FNDA:0,(anonymous_15)
FNDA:0,(anonymous_16)
FNDA:0,(anonymous_17)
FNDA:0,(anonymous_18)
FNDA:0,(anonymous_19)
FNDA:0,(anonymous_20)
FNDA:0,(anonymous_21)
FNDA:0,(anonymous_22)
FNDA:0,(anonymous_23)
FNDA:0,(anonymous_24)
FNDA:0,(anonymous_25)
FNDA:0,(anonymous_26)
FNDA:2,withAuthenticator
FNDA:2,(anonymous_28)
FNDA:2,class_1
FNDA:0,(anonymous_30)
FNDA:2,(anonymous_31)
FNDA:1,(anonymous_32)
FNDA:1,AuthenticatorWrapper
FNDA:0,(anonymous_34)
FNDA:1,(anonymous_35)
FNDA:1,(anonymous_36)
DA:14,1
DA:15,1
DA:16,1
DA:17,1
DA:18,1
DA:19,1
DA:20,1
DA:21,1
DA:22,1
DA:23,1
DA:24,1
DA:25,1
DA:26,1
DA:27,1
DA:28,1
DA:29,1
DA:31,1
DA:32,1
DA:34,1
DA:36,4
DA:37,4
DA:38,4
DA:39,4
DA:40,4
DA:42,2
DA:45,2
DA:47,2
DA:49,2
DA:54,2
DA:56,2
DA:57,0
DA:59,2
DA:69,2
DA:70,0
DA:73,2
DA:74,2
DA:76,2
DA:77,1
DA:104,1
DA:120,2
DA:123,1
DA:125,1
DA:127,1
DA:129,1
DA:130,1
DA:133,1
DA:134,0
DA:137,1
DA:139,1
DA:142,1
DA:143,1
DA:150,1
LF:52
LH:49
BRDA:36,0,0,2
BRDA:36,0,1,0
BRDA:37,1,0,2
BRDA:37,1,1,0
BRDA:38,2,0,2
BRDA:38,2,1,0
BRDA:39,3,0,2
BRDA:39,3,1,0
BRDA:40,4,0,2
BRDA:40,4,1,0
BRDA:45,5,0,2
BRDA:45,5,1,2
BRDA:50,6,0,2
BRDA:50,6,1,1
BRDA:51,7,0,2
BRDA:51,7,1,2
BRDA:56,8,0,0
BRDA:56,8,1,2
BRDA:56,9,0,2
BRDA:56,9,1,0
BRDA:76,10,0,1
BRDA:76,10,1,1
BRDA:80,11,0,0
BRDA:80,11,1,1
BRDA:83,12,0,0
BRDA:83,12,1,0
BRDA:85,13,0,0
BRDA:85,13,1,0
BRDA:91,14,0,0
BRDA:91,14,1,0
BRDA:108,15,0,1
BRDA:108,15,1,1
BRDA:110,16,0,1
BRDA:110,16,1,1
BRDA:116,17,0,1
BRDA:116,17,1,0
BRDA:125,18,0,1
BRDA:125,18,1,1
BRF:38
BRH:23
end_of_record
TN:
SF:/Users/ehhanche/programming/work/spark/amplify-ui/packages/aws-amplify-react/src/Auth/Provider/index.tsx
FN:22,(anonymous_8)
FN:22,(anonymous_9)
FN:23,(anonymous_10)
FN:23,(anonymous_11)
FN:24,(anonymous_12)
FN:24,(anonymous_13)
FN:25,(anonymous_14)
FN:25,(anonymous_15)
FN:26,(anonymous_16)
FN:26,(anonymous_17)
FN:28,withFederated
FN:33,(anonymous_19)
FN:33,class_1
FN:34,(anonymous_21)
FNF:14
FNH:6
FNDA:0,(anonymous_8)
FNDA:2,(anonymous_9)
FNDA:0,(anonymous_10)
FNDA:2,(anonymous_11)
FNDA:0,(anonymous_12)
FNDA:0,(anonymous_13)
FNDA:0,(anonymous_14)
FNDA:0,(anonymous_15)
FNDA:0,(anonymous_16)
FNDA:0,(anonymous_17)
FNDA:1,withFederated
FNDA:1,(anonymous_19)
FNDA:1,class_1
FNDA:1,(anonymous_21)
DA:14,6
DA:16,6
DA:17,6
DA:18,6
DA:19,6
DA:20,6
DA:22,8
DA:23,8
DA:24,6
DA:25,6
DA:26,6
DA:28,6
DA:29,1
DA:33,1
DA:34,1
DA:36,1
DA:37,1
DA:39,1
LF:18
LH:18
BRDA:36,0,0,1
BRDA:36,0,1,1
BRF:2
BRH:2
end_of_record
TN:
SF:/Users/ehhanche/programming/work/spark/amplify-ui/packages/aws-amplify-react/src/Auth/Provider/withAmazon.tsx
FN:29,withAmazon
FN:30,(anonymous_9)
FN:31,class_1
FN:42,(anonymous_11)
FN:45,(anonymous_12)
FN:67,(anonymous_13)
FN:77,(anonymous_14)
FN:102,(anonymous_15)
FN:105,(anonymous_16)
FN:113,(anonymous_17)
FN:124,(anonymous_18)
FN:129,(anonymous_19)
FN:137,(anonymous_20)
FN:144,(anonymous_21)
FN:158,(anonymous_22)
FNF:15
FNH:13
FNDA:18,withAmazon
FNDA:18,(anonymous_9)
FNDA:11,class_1
FNDA:2,(anonymous_11)
FNDA:2,(anonymous_12)
FNDA:4,(anonymous_13)
FNDA:3,(anonymous_14)
FNDA:2,(anonymous_15)
FNDA:2,(anonymous_16)
FNDA:2,(anonymous_17)
FNDA:11,(anonymous_18)
FNDA:0,(anonymous_19)
FNDA:1,(anonymous_20)
FNDA:13,(anonymous_21)
FNDA:0,(anonymous_22)
DA:14,7
DA:16,7
DA:17,7
DA:18,7
DA:19,7
DA:20,7
DA:25,7
DA:27,7
DA:29,7
DA:30,18
DA:32,11
DA:34,11
DA:35,11
DA:36,11
DA:37,11
DA:39,11
DA:42,18
DA:43,2
DA:44,2
DA:45,2
DA:46,2
DA:47,1
DA:48,1
DA:51,1
DA:54,1
DA:55,1
DA:60,0
DA:63,1
DA:67,18
DA:68,8
DA:69,4
DA:70,4
DA:71,4
DA:72,4
DA:73,1
DA:76,3
DA:77,3
DA:78,3
DA:79,1
DA:80,1
DA:83,2
DA:87,2
DA:92,0
DA:97,2
DA:103,2
DA:106,2
DA:107,1
DA:113,18
DA:114,2
DA:115,2
DA:116,1
DA:117,1
DA:120,1
DA:121,1
DA:124,18
DA:125,11
DA:126,11
DA:129,18
DA:130,0
DA:131,0
DA:132,0
DA:133,0
DA:134,0
DA:137,18
DA:138,1
DA:139,1
DA:140,1
DA:141,1
DA:144,18
DA:145,13
DA:146,13
DA:155,18
DA:158,7
DA:182,7
DA:187,7
LF:75
LH:68
BRDA:32,0,0,11
BRDA:32,0,1,11
BRDA:46,1,0,1
BRDA:46,1,1,1
BRDA:72,2,0,1
BRDA:72,2,1,3
BRDA:78,3,0,1
BRDA:78,3,1,2
BRDA:87,4,0,0
BRDA:87,4,1,2
BRDA:88,5,0,2
BRDA:88,5,1,2
BRDA:88,5,2,2
BRDA:106,6,0,1
BRDA:106,6,1,1
BRDA:115,7,0,1
BRDA:115,7,1,1
BRDA:126,8,0,0
BRDA:126,8,1,11
BRDA:126,9,0,11
BRDA:126,9,1,0
BRDA:162,10,0,0
BRDA:162,10,1,0
BRDA:165,11,0,0
BRDA:165,11,1,0
BRDA:176,12,0,0
BRDA:176,12,1,0
BRF:27
BRH:18
end_of_record
TN:
SF:/Users/ehhanche/programming/work/spark/amplify-ui/packages/aws-amplify-react/src/Auth/Provider/withAuth0.tsx
FN:30,withAuth0
FN:31,(anonymous_22)
FN:34,class_1
FN:43,(anonymous_24)
FN:51,(anonymous_25)
FN:59,(anonymous_26)
FN:78,(anonymous_27)
FN:101,(anonymous_28)
FN:125,(anonymous_29)
FN:127,(anonymous_30)
FN:132,(anonymous_31)
FN:141,(anonymous_32)
FN:148,(anonymous_35)
FN:163,(anonymous_36)
FN:176,(anonymous_37)
FNF:15
FNH:11
FNDA:14,withAuth0
FNDA:14,(anonymous_22)
FNDA:7,class_1
FNDA:7,(anonymous_24)
FNDA:7,(anonymous_25)
FNDA:4,(anonymous_26)
FNDA:2,(anonymous_27)
FNDA:1,(anonymous_28)
FNDA:1,(anonymous_29)
FNDA:0,(anonymous_30)
FNDA:0,(anonymous_31)
FNDA:1,(anonymous_32)
FNDA:0,(anonymous_35)
FNDA:7,(anonymous_36)
FNDA:0,(anonymous_37)
DA:14,7
DA:16,7
DA:17,7
DA:18,7
DA:20,7
DA:21,7
DA:26,7
DA:28,7
DA:30,7
DA:31,14
DA:35,7
DA:36,7
DA:38,7
DA:39,7
DA:40,7
DA:43,14
DA:44,7
DA:45,7
DA:47,0
DA:51,14
DA:52,7
DA:53,7
DA:54,7
DA:55,7
DA:56,7
DA:59,14
DA:61,4
DA:63,4
DA:64,4
DA:65,4
DA:66,1
DA:67,1
DA:70,3
DA:72,3
DA:73,0
DA:74,0
DA:77,3
DA:78,2
DA:79,2
DA:80,1
DA:81,1
DA:83,1
DA:92,1
DA:93,1
DA:98,0
DA:101,1
DA:102,1
DA:103,1
DA:104,1
DA:105,1
DA:106,0
DA:108,1
DA:109,1
DA:110,1
DA:113,1
DA:126,1
DA:127,0
DA:128,0
DA:133,0
DA:134,0
DA:141,14
DA:142,1
DA:144,0
DA:148,14
DA:149,0
DA:151,0
DA:152,0
DA:153,0
DA:154,0
DA:156,0
DA:163,14
DA:164,7
DA:173,14
DA:176,7
DA:202,7
DA:207,7
LF:76
LH:60
BRDA:35,0,0,7
BRDA:35,0,1,7
BRDA:44,1,0,7
BRDA:44,1,1,0
BRDA:61,2,0,4
BRDA:61,2,1,0
BRDA:63,3,0,4
BRDA:63,3,1,1
BRDA:63,3,2,1
BRDA:65,4,0,1
BRDA:65,4,1,3
BRDA:72,5,0,0
BRDA:72,5,1,3
BRDA:77,6,0,2
BRDA:77,6,1,1
BRDA:79,7,0,1
BRDA:79,7,1,1
BRDA:79,8,0,2
BRDA:79,8,1,1
BRDA:105,9,0,0
BRDA:105,9,1,1
BRDA:126,10,0,0
BRDA:126,10,1,1
BRDA:134,11,0,0
BRDA:134,11,1,0
BRDA:142,12,0,1
BRDA:142,12,1,0
BRDA:148,13,0,0
BRDA:148,13,1,0
BRDA:152,14,0,0
BRDA:152,14,1,0
BRDA:180,15,0,0
BRDA:180,15,1,0
BRDA:183,16,0,0
BRDA:183,16,1,0
BRDA:196,17,0,0
BRDA:196,17,1,0
BRDA:197,18,0,0
BRDA:197,18,1,0
BRF:39
BRH:19
end_of_record
TN:
SF:/Users/ehhanche/programming/work/spark/amplify-ui/packages/aws-amplify-react/src/Auth/Provider/withFacebook.tsx
FN:29,withFacebook
FN:30,(anonymous_9)
FN:31,class_1
FN:43,(anonymous_11)
FN:46,(anonymous_12)
FN:63,(anonymous_13)
FN:77,(anonymous_14)
FN:89,(anonymous_15)
FN:110,(anonymous_16)
FN:113,(anonymous_17)
FN:121,(anonymous_18)
FN:128,(anonymous_19)
FN:130,(anonymous_20)
FN:132,(anonymous_21)
FN:142,(anonymous_22)
FN:147,(anonymous_23)
FN:159,(anonymous_24)
FN:162,(anonymous_25)
FN:167,(anonymous_26)
FN:177,(anonymous_27)
FN:191,(anonymous_28)
FNF:21
FNH:17
FNDA:18,withFacebook
FNDA:18,(anonymous_9)
FNDA:11,class_1
FNDA:3,(anonymous_11)
FNDA:3,(anonymous_12)
FNDA:2,(anonymous_13)
FNDA:3,(anonymous_14)
FNDA:2,(anonymous_15)
FNDA:2,(anonymous_16)
FNDA:2,(anonymous_17)
FNDA:2,(anonymous_18)
FNDA:2,(anonymous_19)
FNDA:1,(anonymous_20)
FNDA:0,(anonymous_21)
FNDA:11,(anonymous_22)
FNDA:1,(anonymous_23)
FNDA:1,(anonymous_24)
FNDA:0,(anonymous_25)
FNDA:0,(anonymous_26)
FNDA:12,(anonymous_27)
FNDA:0,(anonymous_28)
DA:14,7
DA:16,7
DA:17,7
DA:18,7
DA:19,7
DA:20,7
DA:25,7
DA:27,7
DA:29,7
DA:30,18
DA:32,11
DA:34,11
DA:35,11
DA:36,11
DA:37,11
DA:38,11
DA:40,11
DA:43,18
DA:44,3
DA:46,3
DA:47,3
DA:50,3
DA:51,3
DA:56,0
DA:59,3
DA:60,1
DA:62,2
DA:64,2
DA:65,1
DA:67,1
DA:77,18
DA:78,3
DA:79,3
DA:81,6
DA:82,3
DA:83,3
DA:84,3
DA:85,1
DA:88,2
DA:89,2
DA:90,2
DA:95,2
DA:100,0
DA:105,2
DA:111,2
DA:114,2
DA:115,1
DA:121,18
DA:122,2
DA:123,2
DA:124,0
DA:125,0
DA:128,2
DA:129,2
DA:130,1
DA:131,1
DA:132,1
DA:133,0
DA:137,1
DA:142,18
DA:143,11
DA:144,11
DA:147,18
DA:148,1
DA:150,1
DA:151,1
DA:152,1
DA:159,1
DA:162,18
DA:163,0
DA:164,0
DA:167,18
DA:168,0
DA:170,0
DA:171,0
DA:172,0
DA:173,0
DA:174,0
DA:177,18
DA:178,12
DA:179,12
DA:188,18
DA:191,7
DA:216,7
DA:221,7
LF:85
LH:72
BRDA:32,0,0,11
BRDA:32,0,1,11
BRDA:59,1,0,1
BRDA:59,1,1,2
BRDA:64,2,0,1
BRDA:64,2,1,1
BRDA:64,3,0,2
BRDA:64,3,1,2
BRDA:84,4,0,1
BRDA:84,4,1,2
BRDA:95,5,0,0
BRDA:95,5,1,2
BRDA:96,6,0,2
BRDA:96,6,1,2
BRDA:96,6,2,2
BRDA:114,7,0,1
BRDA:114,7,1,1
BRDA:123,8,0,0
BRDA:123,8,1,2
BRDA:129,9,0,1
BRDA:129,9,1,1
BRDA:144,10,0,0
BRDA:144,10,1,11
BRDA:144,11,0,11
BRDA:144,11,1,0
BRDA:195,12,0,0
BRDA:195,12,1,0
BRDA:198,13,0,0
BRDA:198,13,1,0
BRDA:210,14,0,0
BRDA:210,14,1,0
BRF:31
BRH:21
end_of_record
TN:
SF:/Users/ehhanche/programming/work/spark/amplify-ui/packages/aws-amplify-react/src/Auth/Provider/withGoogle.tsx
FN:29,withGoogle
FN:30,(anonymous_22)
FN:31,class_1
FN:42,(anonymous_24)
FN:46,(anonymous_25)
FN:61,(anonymous_26)
FN:68,(anonymous_27)
FN:101,(anonymous_30)
FN:110,(anonymous_31)
FN:121,(anonymous_32)
FN:130,(anonymous_33)
FN:138,(anonymous_34)
FN:144,(anonymous_35)
FN:152,(anonymous_36)
FN:169,(anonymous_37)
FNF:15
FNH:13
FNDA:17,withGoogle
FNDA:17,(anonymous_22)
FNDA:10,class_1
FNDA:3,(anonymous_24)
FNDA:1,(anonymous_25)
FNDA:2,(anonymous_26)
FNDA:2,(anonymous_27)
FNDA:2,(anonymous_30)
FNDA:1,(anonymous_31)
FNDA:10,(anonymous_32)
FNDA:0,(anonymous_33)
FNDA:1,(anonymous_34)
FNDA:1,(anonymous_35)
FNDA:11,(anonymous_36)
FNDA:0,(anonymous_37)
DA:14,7
DA:16,7
DA:17,7
DA:18,7
DA:19,7
DA:20,7
DA:25,7
DA:27,7
DA:29,7
DA:30,17
DA:32,10
DA:34,10
DA:35,10
DA:36,10
DA:37,10
DA:39,10
DA:42,17
DA:43,3
DA:44,3
DA:45,3
DA:47,1
DA:48,1
DA:52,1
DA:53,1
DA:58,0
DA:62,2
DA:63,1
DA:68,17
DA:69,2
DA:70,2
DA:71,2
DA:77,2
DA:78,2
DA:83,0
DA:88,4
DA:94,2
DA:96,2
DA:97,1
DA:101,17
DA:103,2
DA:106,2
DA:107,1
DA:110,1
DA:111,1
DA:112,0
DA:113,0
DA:116,1
DA:117,1
DA:121,17
DA:122,10
DA:124,10
DA:127,10
DA:130,17
DA:131,0
DA:132,0
DA:133,0
DA:134,0
DA:135,0
DA:138,17
DA:139,1
DA:141,1
DA:142,1
DA:143,1
DA:144,1
DA:145,1
DA:152,17
DA:154,11
DA:157,11
DA:166,17
DA:169,7
DA:206,7
DA:211,7
LF:72
LH:63
BRDA:32,0,0,10
BRDA:32,0,1,10
BRDA:62,1,0,1
BRDA:62,1,1,1
BRDA:78,2,0,0
BRDA:78,2,1,2
BRDA:79,3,0,2
BRDA:79,3,1,2
BRDA:79,3,2,2
BRDA:96,4,0,1
BRDA:96,4,1,1
BRDA:104,5,0,1
BRDA:104,5,1,1
BRDA:103,6,0,2
BRDA:103,6,1,1
BRDA:106,7,0,1
BRDA:106,7,1,1
BRDA:111,8,0,0
BRDA:111,8,1,1
BRDA:125,9,0,7
BRDA:125,9,1,3
BRDA:124,10,0,10
BRDA:124,10,1,7
BRDA:127,11,0,0
BRDA:127,11,1,10
BRDA:127,12,0,10
BRDA:127,12,1,0
BRDA:155,13,0,8
BRDA:155,13,1,3
BRDA:154,14,0,11
BRDA:154,14,1,8
BRDA:173,15,0,0
BRDA:173,15,1,0
BRDA:176,16,0,0
BRDA:176,16,1,0
BRDA:200,17,0,0
BRDA:200,17,1,0
BRF:37
BRH:27
end_of_record
TN:
SF:/Users/ehhanche/programming/work/spark/amplify-ui/packages/aws-amplify-react/src/Auth/Provider/withOAuth.tsx
FN:25,withOAuth
FN:26,(anonymous_9)
FN:27,class_1
FN:32,(anonymous_11)
FN:36,(anonymous_12)
FN:42,(anonymous_13)
FN:45,(anonymous_14)
FNF:7
FNH:5
FNDA:11,withOAuth
FNDA:11,(anonymous_9)
FNDA:4,class_1
FNDA:2,(anonymous_11)
FNDA:4,(anonymous_12)
FNDA:0,(anonymous_13)
FNDA:0,(anonymous_14)
DA:14,7
DA:16,7
DA:17,7
DA:18,7
DA:19,7
DA:20,7
DA:25,7
DA:26,11
DA:28,4
DA:29,4
DA:32,11
DA:33,2
DA:36,11
DA:37,4
DA:39,11
DA:42,7
DA:45,0
DA:55,7
DA:60,7
LF:19
LH:18
BRDA:28,0,0,4
BRDA:28,0,1,4
BRDA:46,1,0,0
BRDA:46,1,1,0
BRDA:49,2,0,0
BRDA:49,2,1,0
BRDA:50,3,0,0
BRDA:50,3,1,0
BRF:8
BRH:2
end_of_record
TN:
SF:/Users/ehhanche/programming/work/spark/amplify-ui/packages/aws-amplify-react/src/Auth/common/constants.tsx
FNF:0
FNH:0
DA:1,11
LF:1
LH:1
BRF:0
BRH:0
end_of_record
TN:
SF:/Users/ehhanche/programming/work/spark/amplify-ui/packages/aws-amplify-react/src/Auth/common/country-dial-codes.tsx
FNF:0
FNH:0
DA:1,14
LF:1
LH:1
BRF:0
BRH:0
end_of_record
TN:
SF:/Users/ehhanche/programming/work/spark/amplify-ui/packages/aws-amplify-react/src/Auth/common/default-sign-up-fields.tsx
FNF:0
FNH:0
DA:12,4
DA:45,4
DA:71,4
LF:3
LH:3
BRF:0
BRH:0
end_of_record
TN:
SF:/Users/ehhanche/programming/work/spark/amplify-ui/packages/aws-amplify-react/src/Auth/common/types.ts
FN:1,(anonymous_0)
FNF:1
FNH:1
FNDA:13,(anonymous_0)
DA:1,13
DA:2,13
DA:3,13
DA:4,13
LF:4
LH:4
BRDA:1,0,0,13
BRDA:1,0,1,13
BRF:2
BRH:2
end_of_record
TN:
SF:/Users/ehhanche/programming/work/spark/amplify-ui/packages/aws-amplify-react/src/Storage/Common.tsx
FN:14,calcKey
FNF:1
FNH:1
FNDA:5,calcKey
DA:14,2
DA:15,15
DA:16,5
DA:17,5
DA:18,4
DA:19,4
DA:20,1
DA:21,3
DA:22,2
DA:24,1
DA:26,4
DA:27,1
DA:31,5
LF:13
LH:13
BRDA:17,0,0,4
BRDA:17,0,1,1
BRDA:19,1,0,1
BRDA:19,1,1,3
BRDA:21,2,0,2
BRDA:21,2,1,1
BRDA:26,3,0,1
BRDA:26,3,1,3
BRF:8
BRH:8
end_of_record
TN:
SF:/Users/ehhanche/programming/work/spark/amplify-ui/packages/aws-amplify-react/src/Storage/S3Album.tsx
FN:60,(anonymous_6)
FN:62,S3Album
FN:76,(anonymous_8)
FN:99,(anonymous_9)
FN:120,(anonymous_10)
FN:123,(anonymous_11)
FN:133,(anonymous_12)
FN:144,(anonymous_13)
FN:163,(anonymous_14)
FN:167,(anonymous_15)
FN:172,(anonymous_16)
FN:176,(anonymous_17)
FN:186,(anonymous_18)
FN:195,(anonymous_19)
FN:208,(anonymous_20)
FN:212,(anonymous_21)
FN:218,(anonymous_22)
FN:222,(anonymous_23)
FN:224,(anonymous_24)
FN:242,(anonymous_25)
FN:247,(anonymous_26)
FN:274,(anonymous_27)
FN:282,(anonymous_28)
FN:294,(anonymous_29)
FN:306,(anonymous_30)
FNF:25
FNH:24
FNDA:1,(anonymous_6)
FNDA:16,S3Album
FNDA:3,(anonymous_8)
FNDA:3,(anonymous_9)
FNDA:2,(anonymous_10)
FNDA:2,(anonymous_11)
FNDA:1,(anonymous_12)
FNDA:3,(anonymous_13)
FNDA:2,(anonymous_14)
FNDA:16,(anonymous_15)
FNDA:1,(anonymous_16)
FNDA:23,(anonymous_17)
FNDA:0,(anonymous_18)
FNDA:23,(anonymous_19)
FNDA:4,(anonymous_20)
FNDA:21,(anonymous_21)
FNDA:1,(anonymous_22)
FNDA:3,(anonymous_23)
FNDA:1,(anonymous_24)
FNDA:1,(anonymous_25)
FNDA:1,(anonymous_26)
FNDA:39,(anonymous_27)
FNDA:23,(anonymous_28)
FNDA:4,(anonymous_29)
FNDA:1,(anonymous_30)
DA:14,1
DA:16,1
DA:23,1
DA:25,1
DA:26,1
DA:27,1
DA:28,1
DA:30,1
DA:60,1
DA:61,16
DA:63,16
DA:65,16
DA:66,16
DA:67,16
DA:68,16
DA:70,16
DA:76,1
DA:77,3
DA:79,9
DA:80,3
DA:81,3
DA:82,3
DA:83,3
DA:84,1
DA:85,2
DA:86,1
DA:88,1
DA:90,3
DA:91,1
DA:92,1
DA:96,3
DA:99,3
DA:100,3
DA:102,3
DA:103,3
DA:106,3
DA:107,12
DA:108,3
DA:109,3
DA:110,0
DA:115,3
DA:121,2
DA:122,2
DA:123,2
DA:124,1
DA:125,1
DA:127,1
DA:129,2
DA:130,2
DA:134,1
DA:135,1
DA:136,1
DA:139,3
DA:140,3
DA:144,1
DA:145,3
DA:146,3
DA:147,3
DA:150,3
DA:151,1
DA:154,2
DA:155,2
DA:156,2
DA:159,2
DA:160,1
DA:163,2
DA:164,1
DA:167,1
DA:168,16
DA:169,16
DA:172,1
DA:173,1
DA:176,1
DA:177,23
DA:182,18
DA:185,5
DA:186,5
DA:188,5
DA:189,0
DA:192,5
DA:195,23
DA:196,23
DA:197,23
DA:198,23
DA:199,0
DA:203,23
DA:209,4
DA:210,4
DA:213,21
DA:214,21
DA:218,1
DA:219,1
DA:222,3
DA:223,3
DA:224,3
DA:225,1
DA:226,0
DA:228,1
DA:229,1
DA:230,1
DA:231,0
DA:235,1
DA:236,1
DA:237,1
DA:238,1
DA:242,1
DA:243,1
DA:244,1
DA:247,1
DA:248,1
DA:249,1
DA:250,1
DA:251,0
DA:255,1
DA:256,1
DA:257,1
DA:258,1
DA:259,1
DA:260,1
DA:261,1
DA:263,0
DA:265,1
DA:267,1
DA:270,0
DA:271,0
DA:274,39
DA:275,39
DA:276,39
DA:278,39
DA:280,39
DA:282,39
DA:283,23
DA:284,23
DA:294,4
DA:306,1
DA:310,39
DA:325,1
DA:330,1
LF:138
LH:129
BRDA:63,0,0,16
BRDA:63,0,1,16
BRDA:81,1,0,3
BRDA:81,1,1,0
BRDA:83,2,0,1
BRDA:83,2,1,2
BRDA:85,3,0,1
BRDA:85,3,1,1
BRDA:90,4,0,1
BRDA:90,4,1,2
BRDA:102,5,0,3
BRDA:102,5,1,0
BRDA:106,6,0,3
BRDA:106,6,1,0
BRDA:109,7,0,0
BRDA:109,7,1,3
BRDA:109,8,0,3
BRDA:109,8,1,3
BRDA:116,9,0,0
BRDA:116,9,1,3
BRDA:123,10,0,1
BRDA:123,10,1,1
BRDA:129,11,0,2
BRDA:129,11,1,0
BRDA:135,12,0,1
BRDA:135,12,1,0
BRDA:139,13,0,3
BRDA:139,13,1,0
BRDA:146,14,0,3
BRDA:146,14,1,0
BRDA:150,15,0,1
BRDA:150,15,1,2
BRDA:155,16,0,2
BRDA:155,16,1,0
BRDA:159,17,0,1
BRDA:159,17,1,1
BRDA:177,18,0,18
BRDA:177,18,1,5
BRDA:178,19,0,23
BRDA:178,19,1,18
BRDA:178,19,2,18
BRDA:185,20,0,5
BRDA:185,20,1,0
BRDA:188,21,0,0
BRDA:188,21,1,5
BRDA:198,22,0,0
BRDA:198,22,1,23
BRDA:198,23,0,23
BRDA:198,23,1,23
BRDA:204,24,0,4
BRDA:204,24,1,19
BRDA:223,25,0,3
BRDA:223,25,1,2
BRDA:225,26,0,0
BRDA:225,26,1,1
BRDA:229,27,0,1
BRDA:229,27,1,0
BRDA:230,28,0,0
BRDA:230,28,1,1
BRDA:237,29,0,1
BRDA:237,29,1,0
BRDA:244,30,0,0
BRDA:244,30,1,1
BRDA:250,31,0,0
BRDA:250,31,1,1
BRDA:255,32,0,1
BRDA:255,32,1,0
BRDA:256,33,0,0
BRDA:256,33,1,1
BRDA:259,34,0,0
BRDA:259,34,1,1
BRDA:260,35,0,1
BRDA:260,35,1,0
BRDA:261,36,0,0
BRDA:261,36,1,1
BRDA:263,37,0,0
BRDA:263,37,1,0
BRDA:278,38,0,39
BRDA:278,38,1,39
BRDA:280,39,0,39
BRDA:280,39,1,39
BRDA:283,40,0,23
BRDA:283,40,1,17
BRDA:285,41,0,8
BRDA:285,41,1,15
BRDA:314,42,0,14
BRDA:314,42,1,25
BRF:87
BRH:61
end_of_record
TN:
SF:/Users/ehhanche/programming/work/spark/amplify-ui/packages/aws-amplify-react/src/Storage/S3Image.tsx
FN:55,(anonymous_6)
FN:57,S3Image
FN:70,(anonymous_8)
FN:77,(anonymous_9)
FN:84,(anonymous_10)
FN:87,(anonymous_11)
FN:118,(anonymous_12)
FN:122,(anonymous_13)
FN:128,(anonymous_14)
FN:135,(anonymous_15)
FN:142,(anonymous_16)
FN:166,(anonymous_17)
FN:171,(anonymous_18)
FN:174,(anonymous_19)
FN:181,(anonymous_20)
FN:186,(anonymous_21)
FN:190,(anonymous_22)
FN:201,(anonymous_23)
FN:222,(anonymous_24)
FNF:19
FNH:18
FNDA:2,(anonymous_6)
FNDA:22,S3Image
FNDA:7,(anonymous_8)
FNDA:1,(anonymous_9)
FNDA:6,(anonymous_10)
FNDA:29,(anonymous_11)
FNDA:1,(anonymous_12)
FNDA:1,(anonymous_13)
FNDA:2,(anonymous_14)
FNDA:1,(anonymous_15)
FNDA:2,(anonymous_16)
FNDA:2,(anonymous_17)
FNDA:0,(anonymous_18)
FNDA:2,(anonymous_19)
FNDA:22,(anonymous_20)
FNDA:1,(anonymous_21)
FNDA:12,(anonymous_22)
FNDA:35,(anonymous_23)
FNDA:34,(anonymous_24)
DA:14,2
DA:16,2
DA:17,2
DA:19,2
DA:20,2
DA:21,2
DA:22,2
DA:24,2
DA:55,2
DA:56,22
DA:58,22
DA:60,22
DA:61,22
DA:62,22
DA:63,22
DA:65,22
DA:67,22
DA:70,7
DA:71,7
DA:72,0
DA:76,7
DA:78,1
DA:79,1
DA:84,6
DA:87,2
DA:89,29
DA:90,29
DA:91,29
DA:92,29
DA:93,29
DA:94,29
DA:95,29
DA:96,29
DA:97,29
DA:98,22
DA:99,22
DA:102,7
DA:103,7
DA:104,7
DA:105,7
DA:106,2
DA:107,2
DA:108,0
DA:112,2
DA:117,2
DA:119,1
DA:120,1
DA:122,1
DA:124,5
DA:128,2
DA:129,2
DA:130,2
DA:131,1
DA:135,2
DA:136,1
DA:137,1
DA:138,1
DA:142,2
DA:143,2
DA:146,2
DA:147,2
DA:148,2
DA:149,2
DA:150,2
DA:151,2
DA:152,2
DA:153,2
DA:154,4
DA:155,2
DA:156,2
DA:157,0
DA:161,2
DA:167,2
DA:168,2
DA:169,2
DA:171,0
DA:174,2
DA:175,2
DA:176,2
DA:177,1
DA:181,2
DA:182,22
DA:183,22
DA:186,2
DA:187,1
DA:190,2
DA:192,12
DA:196,12
DA:197,4
DA:201,2
DA:202,35
DA:203,1
DA:206,34
DA:207,34
DA:208,34
DA:222,2
DA:223,34
DA:224,34
DA:225,34
DA:226,1
DA:235,34
DA:236,0
DA:239,34
DA:240,34
DA:244,34
DA:255,2
DA:260,2
LF:107
LH:102
BRDA:58,0,0,22
BRDA:58,0,1,22
BRDA:65,1,0,22
BRDA:65,1,1,22
BRDA:71,2,0,0
BRDA:71,2,1,7
BRDA:71,3,0,7
BRDA:71,3,1,7
BRDA:76,4,0,5
BRDA:76,4,1,2
BRDA:78,5,0,1
BRDA:78,5,1,0
BRDA:97,6,0,22
BRDA:97,6,1,7
BRDA:97,7,0,29
BRDA:97,7,1,22
BRDA:103,8,0,7
BRDA:103,8,1,0
BRDA:105,9,0,2
BRDA:105,9,1,5
BRDA:106,10,0,2
BRDA:106,10,1,2
BRDA:107,11,0,0
BRDA:107,11,1,2
BRDA:107,12,0,2
BRDA:107,12,1,2
BRDA:114,13,0,0
BRDA:114,13,1,2
BRDA:130,14,0,1
BRDA:130,14,1,1
BRDA:137,15,0,1
BRDA:137,15,1,0
BRDA:151,16,0,2
BRDA:151,16,1,0
BRDA:155,17,0,2
BRDA:155,17,1,0
BRDA:156,18,0,0
BRDA:156,18,1,2
BRDA:156,19,0,2
BRDA:156,19,1,2
BRDA:162,20,0,2
BRDA:162,20,1,0
BRDA:169,21,0,1
BRDA:169,21,1,1
BRDA:176,22,0,1
BRDA:176,22,1,1
BRDA:192,23,0,12
BRDA:192,23,1,12
BRDA:192,23,2,8
BRDA:192,23,3,8
BRDA:196,24,0,4
BRDA:196,24,1,8
BRDA:202,25,0,1
BRDA:202,25,1,34
BRDA:217,26,0,0
BRDA:217,26,1,34
BRDA:225,27,0,1
BRDA:225,27,1,33
BRDA:228,28,0,1
BRDA:228,28,1,0
BRDA:235,29,0,0
BRDA:235,29,1,34
BRDA:235,30,0,34
BRDA:235,30,1,0
BRDA:239,31,0,34
BRDA:239,31,1,33
BRDA:241,32,0,0
BRDA:241,32,1,34
BRDA:246,33,0,34
BRDA:246,33,1,0
BRDA:248,34,0,2
BRDA:248,34,1,32
BRF:72
BRH:56
end_of_record
TN:
SF:/Users/ehhanche/programming/work/spark/amplify-ui/packages/aws-amplify-react/src/Storage/S3Text.tsx
FN:55,(anonymous_6)
FN:57,S3Text
FN:72,(anonymous_8)
FN:84,(anonymous_9)
FN:93,(anonymous_10)
FN:99,(anonymous_11)
FN:130,(anonymous_12)
FN:134,(anonymous_13)
FN:140,(anonymous_14)
FN:147,(anonymous_15)
FN:154,(anonymous_16)
FN:171,(anonymous_17)
FN:175,(anonymous_18)
FN:178,(anonymous_19)
FN:185,(anonymous_20)
FN:190,(anonymous_21)
FN:194,(anonymous_22)
FN:204,(anonymous_23)
FN:219,(anonymous_24)
FNF:19
FNH:17
FNDA:2,(anonymous_6)
FNDA:20,S3Text
FNDA:11,(anonymous_8)
FNDA:1,(anonymous_9)
FNDA:11,(anonymous_10)
FNDA:32,(anonymous_11)
FNDA:1,(anonymous_12)
FNDA:1,(anonymous_13)
FNDA:2,(anonymous_14)
FNDA:12,(anonymous_15)
FNDA:2,(anonymous_16)
FNDA:2,(anonymous_17)
FNDA:0,(anonymous_18)
FNDA:2,(anonymous_19)
FNDA:20,(anonymous_20)
FNDA:0,(anonymous_21)
FNDA:11,(anonymous_22)
FNDA:6,(anonymous_23)
FNDA:31,(anonymous_24)
DA:14,2
DA:16,2
DA:17,2
DA:19,2
DA:20,2
DA:21,2
DA:23,2
DA:55,2
DA:56,20
DA:58,20
DA:60,20
DA:61,20
DA:62,20
DA:63,20
DA:65,40
DA:66,20
DA:72,11
DA:73,11
DA:74,0
DA:78,11
DA:85,1
DA:87,1
DA:88,0
DA:89,0
DA:91,0
DA:94,11
DA:95,11
DA:99,2
DA:101,32
DA:102,32
DA:103,32
DA:104,32
DA:105,32
DA:106,32
DA:107,32
DA:108,32
DA:109,32
DA:110,21
DA:111,21
DA:114,11
DA:115,11
DA:116,11
DA:117,11
DA:118,2
DA:119,2
DA:120,0
DA:124,2
DA:129,2
DA:131,1
DA:132,1
DA:134,1
DA:136,9
DA:140,2
DA:141,2
DA:142,2
DA:143,1
DA:147,2
DA:148,12
DA:149,12
DA:150,2
DA:154,2
DA:155,2
DA:157,2
DA:158,2
DA:159,8
DA:160,2
DA:161,2
DA:162,0
DA:166,2
DA:172,2
DA:173,2
DA:175,0
DA:178,2
DA:179,2
DA:180,2
DA:181,1
DA:185,2
DA:186,20
DA:187,20
DA:190,2
DA:191,0
DA:194,2
DA:196,11
DA:199,11
DA:200,9
DA:204,2
DA:205,6
DA:206,3
DA:209,3
DA:210,3
DA:211,3
DA:219,2
DA:220,31
DA:221,31
DA:222,31
DA:223,1
DA:232,31
DA:233,26
DA:236,5
DA:237,5
DA:241,5
DA:252,2
DA:257,2
LF:103
LH:95
BRDA:58,0,0,20
BRDA:58,0,1,20
BRDA:67,1,0,20
BRDA:67,1,1,20
BRDA:68,2,0,20
BRDA:68,2,1,20
BRDA:73,3,0,0
BRDA:73,3,1,11
BRDA:73,4,0,11
BRDA:73,4,1,11
BRDA:80,5,0,5
BRDA:80,5,1,6
BRDA:88,6,0,0
BRDA:88,6,1,0
BRDA:109,7,0,21
BRDA:109,7,1,11
BRDA:109,8,0,32
BRDA:109,8,1,21
BRDA:115,9,0,11
BRDA:115,9,1,0
BRDA:117,10,0,2
BRDA:117,10,1,9
BRDA:118,11,0,2
BRDA:118,11,1,2
BRDA:119,12,0,0
BRDA:119,12,1,2
BRDA:119,13,0,2
BRDA:119,13,1,2
BRDA:126,14,0,0
BRDA:126,14,1,2
BRDA:142,15,0,1
BRDA:142,15,1,1
BRDA:149,16,0,2
BRDA:149,16,1,10
BRDA:157,17,0,2
BRDA:157,17,1,2
BRDA:160,18,0,2
BRDA:160,18,1,0
BRDA:161,19,0,0
BRDA:161,19,1,2
BRDA:161,20,0,2
BRDA:161,20,1,2
BRDA:167,21,0,2
BRDA:167,21,1,0
BRDA:180,22,0,1
BRDA:180,22,1,1
BRDA:196,23,0,11
BRDA:196,23,1,11
BRDA:196,23,2,2
BRDA:199,24,0,9
BRDA:199,24,1,2
BRDA:205,25,0,3
BRDA:205,25,1,3
BRDA:214,26,0,0
BRDA:214,26,1,3
BRDA:222,27,0,1
BRDA:222,27,1,30
BRDA:225,28,0,1
BRDA:225,28,1,0
BRDA:232,29,0,26
BRDA:232,29,1,5
BRDA:232,30,0,31
BRDA:232,30,1,28
BRDA:236,31,0,5
BRDA:236,31,1,5
BRDA:238,32,0,0
BRDA:238,32,1,5
BRDA:243,33,0,5
BRDA:243,33,1,0
BRDA:245,34,0,2
BRDA:245,34,1,3
BRF:71
BRH:58
end_of_record
TN:
SF:/Users/ehhanche/programming/work/spark/amplify-ui/packages/aws-amplify-react/src/Widget/PhotoPicker.tsx
FN:47,(anonymous_6)
FN:51,PhotoPicker
FN:61,(anonymous_8)
FN:72,(anonymous_9)
FN:84,(anonymous_10)
FNF:5
FNH:4
FNDA:4,(anonymous_6)
FNDA:5,PhotoPicker
FNDA:4,(anonymous_8)
FNDA:0,(anonymous_9)
FNDA:11,(anonymous_10)
DA:14,4
DA:16,4
DA:17,4
DA:18,4
DA:19,4
DA:26,4
DA:30,4
DA:47,4
DA:52,5
DA:54,5
DA:56,5
DA:61,4
DA:62,4
DA:63,16
DA:64,4
DA:66,4
DA:67,1
DA:70,4
DA:71,1
DA:72,1
DA:73,0
DA:75,0
DA:76,0
DA:77,0
DA:80,1
DA:84,4
DA:85,11
DA:86,11
DA:88,11
DA:90,11
DA:91,11
DA:93,11
DA:94,11
DA:96,11
DA:98,11
DA:123,4
DA:128,4
LF:37
LH:33
BRDA:52,0,0,5
BRDA:52,0,1,5
BRDA:66,1,0,1
BRDA:66,1,1,3
BRDA:70,2,0,1
BRDA:70,2,1,3
BRDA:70,3,0,4
BRDA:70,3,1,2
BRDA:76,4,0,0
BRDA:76,4,1,0
BRDA:88,5,0,11
BRDA:88,5,1,11
BRDA:90,6,0,11
BRDA:90,6,1,11
BRDA:91,7,0,11
BRDA:91,7,1,11
BRDA:93,8,0,11
BRDA:93,8,1,11
BRDA:96,9,0,11
BRDA:96,9,1,2
BRDA:105,10,0,1
BRDA:105,10,1,10
BRDA:106,11,0,1
BRDA:106,11,1,0
BRF:24
BRH:21
end_of_record
TN:
SF:/Users/ehhanche/programming/work/spark/amplify-ui/packages/aws-amplify-react/src/Widget/Picker.tsx
FN:40,(anonymous_6)
FN:41,(anonymous_8)
FN:63,(anonymous_9)
FN:83,(anonymous_10)
FNF:4
FNH:4
FNDA:10,(anonymous_6)
FNDA:2,(anonymous_8)
FNDA:5,(anonymous_9)
FNDA:1,(anonymous_10)
DA:14,6
DA:16,6
DA:17,6
DA:18,6
DA:20,6
DA:31,6
DA:40,6
DA:41,6
DA:42,2
DA:44,2
DA:45,2
DA:46,0
DA:49,6
DA:50,2
DA:52,2
DA:53,2
DA:54,1
DA:63,6
DA:64,5
DA:65,5
DA:67,5
DA:68,5
DA:73,5
DA:75,5
DA:83,1
DA:88,6
DA:93,6
LF:27
LH:26
BRDA:45,0,0,0
BRDA:45,0,1,2
BRDA:53,1,0,1
BRDA:53,1,1,1
BRDA:64,2,0,5
BRDA:64,2,1,5
BRDA:65,3,0,5
BRDA:65,3,1,5
BRDA:67,4,0,5
BRDA:67,4,1,5
BRF:10
BRH:9
end_of_record
TN:
SF:/Users/ehhanche/programming/work/spark/amplify-ui/packages/aws-amplify-react/src/Widget/SelectMFAType.tsx
FN:51,(anonymous_8)
FN:56,SelectMFAType
FN:68,(anonymous_10)
FN:81,(anonymous_11)
FN:106,(anonymous_12)
FN:113,(anonymous_13)
FN:134,(anonymous_14)
FN:150,(anonymous_15)
FN:201,(anonymous_16)
FNF:9
FNH:8
FNDA:3,(anonymous_8)
FNDA:11,SelectMFAType
FNDA:5,(anonymous_10)
FNDA:5,(anonymous_11)
FNDA:3,(anonymous_12)
FNDA:1,(anonymous_13)
FNDA:26,(anonymous_14)
FNDA:0,(anonymous_15)
FNDA:26,(anonymous_16)
DA:14,3
DA:15,3
DA:16,3
DA:18,3
DA:19,3
DA:29,3
DA:31,3
DA:51,3
DA:57,11
DA:59,11
DA:60,11
DA:62,11
DA:68,3
DA:70,5
DA:74,5
DA:75,5
DA:77,5
DA:78,5
DA:81,5
DA:82,5
DA:83,5
DA:84,1
DA:85,1
DA:87,4
DA:88,4
DA:89,4
DA:90,1
DA:91,3
DA:92,2
DA:93,1
DA:94,1
DA:97,4
DA:99,4
DA:100,0
DA:105,4
DA:107,3
DA:108,3
DA:114,1
DA:115,1
DA:119,1
DA:125,0
DA:126,0
DA:134,26
DA:135,26
DA:136,26
DA:137,17
DA:138,17
DA:144,27
DA:145,9
DA:150,0
DA:201,3
DA:202,26
DA:203,26
DA:210,3
DA:215,3
LF:55
LH:51
BRDA:57,0,0,11
BRDA:57,0,1,11
BRDA:78,1,0,5
BRDA:78,1,1,0
BRDA:83,2,0,1
BRDA:83,2,1,4
BRDA:89,3,0,1
BRDA:89,3,1,3
BRDA:91,4,0,2
BRDA:91,4,1,1
BRDA:93,5,0,1
BRDA:93,5,1,0
BRDA:99,6,0,0
BRDA:99,6,1,4
BRDA:99,7,0,4
BRDA:99,7,1,4
BRDA:115,8,0,1
BRDA:115,8,1,0
BRDA:116,9,0,1
BRDA:116,9,1,0
BRDA:136,10,0,17
BRDA:136,10,1,9
BRDA:136,11,0,26
BRDA:136,11,1,11
BRDA:147,12,0,9
BRDA:147,12,1,0
BRDA:147,12,2,0
BRDA:161,13,0,9
BRDA:161,13,1,0
BRDA:171,14,0,9
BRDA:171,14,1,0
BRDA:181,15,0,7
BRDA:181,15,1,2
BRDA:202,16,0,26
BRDA:202,16,1,26
BRDA:206,17,0,3
BRDA:206,17,1,23
BRF:37
BRH:28
end_of_record
TN:
SF:/Users/ehhanche/programming/work/spark/amplify-ui/packages/aws-amplify-react/src/Widget/TOTPSetupComp.tsx
FN:47,(anonymous_6)
FN:53,TOTPSetupComp
FN:68,(anonymous_8)
FN:72,(anonymous_9)
FN:78,(anonymous_10)
FN:87,(anonymous_11)
FN:98,(anonymous_12)
FN:111,(anonymous_13)
FN:114,(anonymous_14)
FN:131,(anonymous_15)
FN:134,(anonymous_16)
FN:139,(anonymous_17)
FN:144,(anonymous_18)
FN:150,(anonymous_19)
FN:171,(anonymous_20)
FNF:15
FNH:14
FNDA:7,(anonymous_6)
FNDA:11,TOTPSetupComp
FNDA:11,(anonymous_8)
FNDA:2,(anonymous_9)
FNDA:3,(anonymous_10)
FNDA:12,(anonymous_11)
FNDA:1,(anonymous_12)
FNDA:12,(anonymous_13)
FNDA:4,(anonymous_14)
FNDA:1,(anonymous_15)
FNDA:1,(anonymous_16)
FNDA:0,(anonymous_17)
FNDA:1,(anonymous_18)
FNDA:31,(anonymous_19)
FNDA:31,(anonymous_20)
DA:14,7
DA:15,7
DA:16,7
DA:18,7
DA:19,7
DA:30,7
DA:32,7
DA:34,7
DA:47,7
DA:54,11
DA:56,11
DA:57,11
DA:58,11
DA:59,11
DA:60,11
DA:62,11
DA:68,7
DA:69,11
DA:72,7
DA:73,2
DA:74,1
DA:78,7
DA:79,3
DA:80,3
DA:81,3
DA:83,3
DA:84,3
DA:87,12
DA:88,12
DA:89,12
DA:90,12
DA:91,12
DA:92,0
DA:97,12
DA:99,1
DA:101,1
DA:109,0
DA:111,12
DA:114,7
DA:115,4
DA:116,2
DA:117,2
DA:119,2
DA:120,2
DA:121,2
DA:126,0
DA:130,2
DA:133,1
DA:135,1
DA:136,1
DA:137,1
DA:140,0
DA:141,0
DA:145,1
DA:146,1
DA:150,7
DA:151,31
DA:152,3
DA:171,7
DA:172,31
DA:173,31
DA:175,31
DA:200,7
DA:205,7
LF:64
LH:59
BRDA:54,0,0,11
BRDA:54,0,1,11
BRDA:73,1,0,1
BRDA:73,1,1,1
BRDA:84,2,0,0
BRDA:84,2,1,3
BRDA:91,3,0,0
BRDA:91,3,1,12
BRDA:91,4,0,12
BRDA:91,4,1,12
BRDA:115,5,0,2
BRDA:115,5,1,2
BRDA:121,6,0,0
BRDA:121,6,1,2
BRDA:122,7,0,2
BRDA:122,7,1,2
BRDA:122,7,2,2
BRDA:151,8,0,28
BRDA:151,8,1,3
BRDA:172,9,0,0
BRDA:172,9,1,31
BRDA:177,10,0,31
BRDA:177,10,1,3
BRDA:185,11,0,31
BRDA:185,11,1,3
BRF:25
BRH:21
end_of_record
TN:
SF:/Users/ehhanche/programming/work/spark/amplify-ui/packages/aws-amplify-react/src/Widget/TextPicker.tsx
FN:41,(anonymous_6)
FN:45,TextPicker
FN:55,(anonymous_8)
FN:66,(anonymous_9)
FN:78,(anonymous_10)
FNF:5
FNH:4
FNDA:4,(anonymous_6)
FNDA:5,TextPicker
FNDA:2,(anonymous_8)
FNDA:0,(anonymous_9)
FNDA:9,(anonymous_10)
DA:14,4
DA:16,4
DA:17,4
DA:18,4
DA:20,4
DA:22,4
DA:26,4
DA:41,4
DA:46,5
DA:48,5
DA:50,5
DA:55,4
DA:56,2
DA:57,8
DA:58,2
DA:60,2
DA:61,1
DA:64,2
DA:65,1
DA:66,1
DA:67,0
DA:69,0
DA:70,0
DA:71,0
DA:74,1
DA:78,4
DA:79,9
DA:80,9
DA:82,9
DA:84,9
DA:85,9
DA:86,9
DA:94,9
DA:110,4
DA:115,4
LF:35
LH:31
BRDA:46,0,0,5
BRDA:46,0,1,5
BRDA:60,1,0,1
BRDA:60,1,1,1
BRDA:64,2,0,1
BRDA:64,2,1,1
BRDA:70,3,0,0
BRDA:70,3,1,0
BRDA:82,4,0,9
BRDA:82,4,1,9
BRDA:84,5,0,9
BRDA:84,5,1,9
BRDA:91,6,0,1
BRDA:91,6,1,8
BRDA:91,7,0,9
BRDA:91,7,1,1
BRDA:97,8,0,1
BRDA:97,8,1,8
BRF:18
BRH:16
end_of_record
TN:
SF:/Users/ehhanche/programming/work/spark/amplify-ui/packages/aws-amplify-react/src/Widget/index.tsx
FN:1,(anonymous_0)
FN:2,(anonymous_1)
FN:3,(anonymous_2)
FN:4,(anonymous_3)
FN:5,(anonymous_4)
FNF:5
FNH:2
FNDA:0,(anonymous_0)
FNDA:1,(anonymous_1)
FNDA:1,(anonymous_2)
FNDA:0,(anonymous_3)
FNDA:0,(anonymous_4)
DA:1,2
DA:2,3
DA:3,3
DA:4,2
DA:5,2
LF:5
LH:5
BRF:0
BRH:0
end_of_record
TN:
SF:/Users/ehhanche/programming/work/spark/amplify-ui/packages/aws-amplify-react/src/XR/IconButton.tsx
FN:17,(anonymous_0)
FNF:1
FNH:1
FNDA:2,(anonymous_0)
DA:13,2
DA:14,2
DA:15,2
DA:17,2
DA:19,2
DA:21,0
DA:37,0
DA:39,0
DA:55,0
DA:57,1
DA:74,1
DA:76,0
DA:93,0
DA:95,0
DA:112,0
DA:114,0
DA:131,0
DA:133,1
DA:134,1
DA:137,2
DA:149,2
LF:21
LH:11
BRDA:20,0,0,0
BRDA:20,0,1,0
BRDA:20,0,2,1
BRDA:20,0,3,0
BRDA:20,0,4,0
BRDA:20,0,5,0
BRDA:20,0,6,1
BRF:7
BRH:2
end_of_record
TN:
SF:/Users/ehhanche/programming/work/spark/amplify-ui/packages/aws-amplify-react/src/XR/Loading.tsx
FN:18,(anonymous_0)
FNF:1
FNH:1
FNDA:8,(anonymous_0)
DA:13,2
DA:14,2
DA:16,2
DA:18,2
DA:19,8
DA:81,2
LF:6
LH:6
BRDA:56,0,0,2
BRDA:56,0,1,6
BRF:2
BRH:2
end_of_record
TN:
SF:/Users/ehhanche/programming/work/spark/amplify-ui/packages/aws-amplify-react/src/XR/SumerianScene.tsx
FN:41,(anonymous_19)
FN:45,SumerianScene
FN:59,(anonymous_21)
FN:60,(anonymous_22)
FN:65,(anonymous_23)
FN:86,(anonymous_24)
FN:105,(anonymous_25)
FN:108,(anonymous_28)
FN:133,(anonymous_29)
FN:136,(anonymous_30)
FN:141,(anonymous_31)
FN:151,(anonymous_32)
FN:156,(anonymous_33)
FN:161,(anonymous_36)
FN:172,(anonymous_39)
FN:188,(anonymous_40)
FN:199,(anonymous_41)
FN:208,(anonymous_42)
FN:216,(anonymous_43)
FN:228,(anonymous_44)
FN:237,(anonymous_45)
FN:248,(anonymous_46)
FN:256,(anonymous_47)
FNF:23
FNH:7
FNDA:1,(anonymous_19)
FNDA:3,SumerianScene
FNDA:6,(anonymous_21)
FNDA:6,(anonymous_22)
FNDA:3,(anonymous_23)
FNDA:0,(anonymous_24)
FNDA:3,(anonymous_25)
FNDA:0,(anonymous_28)
FNDA:0,(anonymous_29)
FNDA:0,(anonymous_30)
FNDA:0,(anonymous_31)
FNDA:0,(anonymous_32)
FNDA:0,(anonymous_33)
FNDA:0,(anonymous_36)
FNDA:0,(anonymous_39)
FNDA:9,(anonymous_40)
FNDA:0,(anonymous_41)
FNDA:0,(anonymous_42)
FNDA:0,(anonymous_43)
FNDA:0,(anonymous_44)
FNDA:0,(anonymous_45)
FNDA:0,(anonymous_46)
FNDA:0,(anonymous_47)
DA:13,1
DA:14,1
DA:15,1
DA:16,1
DA:17,1
DA:18,1
DA:20,1
DA:22,1
DA:23,1
DA:25,1
DA:41,1
DA:46,3
DA:48,3
DA:59,6
DA:60,6
DA:61,6
DA:65,1
DA:66,3
DA:70,3
DA:74,3
DA:78,3
DA:83,3
DA:86,1
DA:87,0
DA:91,0
DA:95,0
DA:99,0
DA:105,1
DA:106,3
DA:107,3
DA:109,0
DA:110,0
DA:114,6
DA:116,3
DA:120,3
DA:121,3
DA:122,3
DA:125,0
DA:127,0
DA:133,0
DA:134,0
DA:136,0
DA:137,0
DA:141,1
DA:142,0
DA:143,0
DA:144,0
DA:147,0
DA:148,0
DA:151,1
DA:152,0
DA:153,0
DA:156,1
DA:157,0
DA:158,0
DA:161,1
DA:162,0
DA:163,0
DA:164,0
DA:165,0
DA:166,0
DA:167,0
DA:168,0
DA:172,1
DA:173,0
DA:174,0
DA:175,0
DA:177,0
DA:180,0
DA:181,0
DA:183,0
DA:188,9
DA:193,9
DA:194,0
DA:195,0
DA:199,0
DA:203,0
DA:204,0
DA:208,0
DA:212,0
DA:216,0
DA:221,0
DA:222,0
DA:223,0
DA:224,0
DA:228,0
DA:232,0
DA:233,0
DA:237,0
DA:243,0
DA:244,0
DA:248,0
DA:252,0
DA:256,0
DA:262,9
DA:294,1
DA:299,1
LF:97
LH:41
BRDA:46,0,0,3
BRDA:46,0,1,3
BRDA:142,1,0,0
BRDA:142,1,1,0
BRDA:163,2,0,0
BRDA:163,2,1,0
BRDA:165,3,0,0
BRDA:165,3,1,0
BRDA:167,4,0,0
BRDA:167,4,1,0
BRDA:174,5,0,0
BRDA:174,5,1,0
BRDA:193,6,0,0
BRDA:193,6,1,9
BRDA:194,7,0,0
BRDA:194,7,1,0
BRDA:203,8,0,0
BRDA:203,8,1,0
BRDA:221,9,0,0
BRDA:221,9,1,0
BRDA:222,10,0,0
BRDA:222,10,1,0
BRDA:243,11,0,0
BRDA:243,11,1,0
BRDA:273,12,0,9
BRDA:273,12,1,9
BRF:26
BRH:5
end_of_record
TN:
SF:/Users/ehhanche/programming/work/spark/amplify-ui/packages/aws-amplify-react/src/XR/Tooltip.tsx
FN:16,(anonymous_0)
FNF:1
FNH:1
FNDA:4,(anonymous_0)
DA:13,3
DA:14,3
DA:16,3
DA:17,4
DA:19,4
DA:20,0
DA:23,4
DA:33,3
LF:8
LH:7
BRDA:19,0,0,0
BRDA:19,0,1,4
BRF:2
BRH:1
end_of_record
